#
# There is insufficient memory for the Java Runtime Environment to continue.
# Native memory allocation (malloc) failed to allocate 1094736 bytes for Chunk::new
# Possible reasons:
#   The system is out of physical RAM or swap space
#   The process is running with CompressedOops enabled, and the Java Heap may be blocking the growth of the native heap
# Possible solutions:
#   Reduce memory load on the system
#   Increase physical memory or swap space
#   Check if swap backing store is full
#   Decrease Java heap size (-Xmx/-Xms)
#   Decrease number of Java threads
#   Decrease Java thread stack sizes (-Xss)
#   Set larger code cache with -XX:ReservedCodeCacheSize=
#   JVM is running with Zero Based Compressed Oops mode in which the Java heap is
#     placed in the first 32GB address space. The Java Heap base address is the
#     maximum limit for the native heap growth. Please use -XX:HeapBaseMinAddress
#     to set the Java Heap base and to place the Java Heap above 32GB virtual address.
# This output file may be truncated or incomplete.
#
#  Out of Memory Error (arena.cpp:168), pid=18720, tid=12496
#
# JRE version: Java(TM) SE Runtime Environment (21.0.7+8) (build 21.0.7+8-LTS-245)
# Java VM: Java HotSpot(TM) 64-Bit Server VM (21.0.7+8-LTS-245, mixed mode, sharing, tiered, compressed oops, compressed class ptrs, g1 gc, windows-amd64)
# No core dump will be written. Minidumps are not enabled by default on client versions of Windows
#

---------------  S U M M A R Y ------------

Command Line: -Djava.net.preferIPv4Addresses=true -Djava.net.preferIPv4Stack=true -Dfile.encoding=UTF-8 -Duser.country=KR -Duser.language=ko -Duser.variant com.example.SpringGroupBB.SpringGroupBbApplication

Host: Intel(R) Core(TM) i7-8700K CPU @ 3.70GHz, 12 cores, 15G,  Windows 11 , 64 bit Build 26100 (10.0.26100.6725)
Time: Mon Nov 24 19:13:00 2025  Windows 11 , 64 bit Build 26100 (10.0.26100.6725) elapsed time: 201.266393 seconds (0d 0h 3m 21s)

---------------  T H R E A D  ---------------

Current thread (0x0000029776b03210):  JavaThread "C2 CompilerThread0" daemon [_thread_in_native, id=12496, stack(0x000000f191500000,0x000000f191600000) (1024K)]


Current CompileTask:
C2: 201266 14460   !   4       com.mysql.cj.jdbc.ConnectionImpl::clientPrepareStatement (176 bytes)

Stack: [0x000000f191500000,0x000000f191600000]
Native frames: (J=compiled Java code, j=interpreted, Vv=VM code, C=native code)
V  [jvm.dll+0x6cae19]
V  [jvm.dll+0x855741]
V  [jvm.dll+0x857c6e]
V  [jvm.dll+0x858343]
V  [jvm.dll+0x27e0b6]
V  [jvm.dll+0xc4ecd]
V  [jvm.dll+0xc5403]
V  [jvm.dll+0x3b5752]
V  [jvm.dll+0x381e25]
V  [jvm.dll+0x38129a]
V  [jvm.dll+0x246b30]
V  [jvm.dll+0x24610f]
V  [jvm.dll+0x1c6efe]
V  [jvm.dll+0x255819]
V  [jvm.dll+0x253daa]
V  [jvm.dll+0x3eebb6]
V  [jvm.dll+0x7ffa1b]
V  [jvm.dll+0x6c94fd]
C  [ucrtbase.dll+0x37b0]
C  [KERNEL32.DLL+0x2e8d7]
C  [ntdll.dll+0x8c53c]


---------------  P R O C E S S  ---------------

Threads class SMR info:
_java_thread_list=0x0000029742755680, length=36, elements={
0x0000029776af52b0, 0x0000029776af5e00, 0x0000029776afb110, 0x0000029776afbdc0,
0x0000029776afd6f0, 0x0000029776afe190, 0x0000029776b03210, 0x00000297762c3df0,
0x0000029776b00260, 0x0000029776b008f0, 0x0000029776afeeb0, 0x0000029776aff540,
0x0000029776affbd0, 0x000002977f170140, 0x000002977f1707d0, 0x000002977f16e700,
0x000002977f171b80, 0x000002977f172210, 0x000002977f170e60, 0x000002977f1728a0,
0x000002977f172f30, 0x000002977f16fab0, 0x000002977f1735c0, 0x000002977f173c50,
0x000002977f1742e0, 0x000002977f174970, 0x000002977f175000, 0x000002977f175690,
0x000002977f6d2f80, 0x000002977f6d5050, 0x000002977f6d56e0, 0x000002977f6d5d70,
0x000002977f6d4330, 0x000002977f6d3ca0, 0x0000029776b01610, 0x000002977f16ed90
}

Java Threads: ( => current thread )
  0x0000029776af52b0 JavaThread "Reference Handler"          daemon [_thread_blocked, id=11044, stack(0x000000f190f00000,0x000000f191000000) (1024K)]
  0x0000029776af5e00 JavaThread "Finalizer"                  daemon [_thread_blocked, id=19112, stack(0x000000f191000000,0x000000f191100000) (1024K)]
  0x0000029776afb110 JavaThread "Signal Dispatcher"          daemon [_thread_blocked, id=13164, stack(0x000000f191100000,0x000000f191200000) (1024K)]
  0x0000029776afbdc0 JavaThread "Attach Listener"            daemon [_thread_blocked, id=11396, stack(0x000000f191200000,0x000000f191300000) (1024K)]
  0x0000029776afd6f0 JavaThread "Service Thread"             daemon [_thread_blocked, id=4184, stack(0x000000f191300000,0x000000f191400000) (1024K)]
  0x0000029776afe190 JavaThread "Monitor Deflation Thread"   daemon [_thread_blocked, id=18220, stack(0x000000f191400000,0x000000f191500000) (1024K)]
=>0x0000029776b03210 JavaThread "C2 CompilerThread0"         daemon [_thread_in_native, id=12496, stack(0x000000f191500000,0x000000f191600000) (1024K)]
  0x00000297762c3df0 JavaThread "C1 CompilerThread0"         daemon [_thread_blocked, id=17400, stack(0x000000f191600000,0x000000f191700000) (1024K)]
  0x0000029776b00260 JavaThread "Notification Thread"        daemon [_thread_blocked, id=12500, stack(0x000000f191700000,0x000000f191800000) (1024K)]
  0x0000029776b008f0 JavaThread "Common-Cleaner"             daemon [_thread_blocked, id=14080, stack(0x000000f191800000,0x000000f191900000) (1024K)]
  0x0000029776afeeb0 JavaThread "logback-1"                  daemon [_thread_blocked, id=11144, stack(0x000000f192500000,0x000000f192600000) (1024K)]
  0x0000029776aff540 JavaThread "Catalina-utility-1"                [_thread_blocked, id=16948, stack(0x000000f192600000,0x000000f192700000) (1024K)]
  0x0000029776affbd0 JavaThread "Catalina-utility-2"                [_thread_blocked, id=16724, stack(0x000000f192a00000,0x000000f192b00000) (1024K)]
  0x000002977f170140 JavaThread "container-0"                       [_thread_blocked, id=3596, stack(0x000000f192b00000,0x000000f192c00000) (1024K)]
  0x000002977f1707d0 JavaThread "mysql-cj-abandoned-connection-cleanup" daemon [_thread_blocked, id=16832, stack(0x000000f192c00000,0x000000f192d00000) (1024K)]
  0x000002977f16e700 JavaThread "HikariPool-1:housekeeper"   daemon [_thread_blocked, id=18736, stack(0x000000f192e00000,0x000000f192f00000) (1024K)]
  0x000002977f171b80 JavaThread "File Watcher"               daemon [_thread_blocked, id=7104, stack(0x000000f193000000,0x000000f193100000) (1024K)]
  0x000002977f172210 JavaThread "Live Reload Server"         daemon [_thread_in_native, id=11476, stack(0x000000f193200000,0x000000f193300000) (1024K)]
  0x000002977f170e60 JavaThread "http-nio-9099-exec-1"       daemon [_thread_blocked, id=4616, stack(0x000000f193100000,0x000000f193200000) (1024K)]
  0x000002977f1728a0 JavaThread "http-nio-9099-exec-2"       daemon [_thread_blocked, id=10920, stack(0x000000f193300000,0x000000f193400000) (1024K)]
  0x000002977f172f30 JavaThread "http-nio-9099-exec-3"       daemon [_thread_blocked, id=1568, stack(0x000000f193400000,0x000000f193500000) (1024K)]
  0x000002977f16fab0 JavaThread "http-nio-9099-exec-4"       daemon [_thread_blocked, id=9464, stack(0x000000f193500000,0x000000f193600000) (1024K)]
  0x000002977f1735c0 JavaThread "http-nio-9099-exec-5"       daemon [_thread_blocked, id=18800, stack(0x000000f193600000,0x000000f193700000) (1024K)]
  0x000002977f173c50 JavaThread "http-nio-9099-exec-6"       daemon [_thread_blocked, id=7936, stack(0x000000f193700000,0x000000f193800000) (1024K)]
  0x000002977f1742e0 JavaThread "http-nio-9099-exec-7"       daemon [_thread_blocked, id=12236, stack(0x000000f193800000,0x000000f193900000) (1024K)]
  0x000002977f174970 JavaThread "http-nio-9099-exec-8"       daemon [_thread_blocked, id=8740, stack(0x000000f193900000,0x000000f193a00000) (1024K)]
  0x000002977f175000 JavaThread "http-nio-9099-exec-9"       daemon [_thread_blocked, id=8556, stack(0x000000f193a00000,0x000000f193b00000) (1024K)]
  0x000002977f175690 JavaThread "http-nio-9099-exec-10"      daemon [_thread_blocked, id=17944, stack(0x000000f193b00000,0x000000f193c00000) (1024K)]
  0x000002977f6d2f80 JavaThread "http-nio-9099-Poller"       daemon [_thread_in_native, id=7824, stack(0x000000f193c00000,0x000000f193d00000) (1024K)]
  0x000002977f6d5050 JavaThread "http-nio-9099-Acceptor"     daemon [_thread_in_native, id=8012, stack(0x000000f193d00000,0x000000f193e00000) (1024K)]
  0x000002977f6d56e0 JavaThread "DestroyJavaVM"                     [_thread_blocked, id=17592, stack(0x000000f190700000,0x000000f190800000) (1024K)]
  0x000002977f6d5d70 JavaThread "Thread-7"                   daemon [_thread_blocked, id=11060, stack(0x000000f191a00000,0x000000f191b00000) (1024K)]
  0x000002977f6d4330 JavaThread "Thread-8"                   daemon [_thread_blocked, id=11484, stack(0x000000f192100000,0x000000f192200000) (1024K)]
  0x000002977f6d3ca0 JavaThread "logback-2"                  daemon [_thread_blocked, id=8988, stack(0x000000f190500000,0x000000f190600000) (1024K)]
  0x0000029776b01610 JavaThread "logback-3"                  daemon [_thread_blocked, id=1660, stack(0x000000f190400000,0x000000f190500000) (1024K)]
  0x000002977f16ed90 JavaThread "logback-4"                  daemon [_thread_blocked, id=6836, stack(0x000000f190600000,0x000000f190700000) (1024K)]
Total: 36

Other Threads:
  0x00000297762ad090 VMThread "VM Thread"                           [id=12612, stack(0x000000f190e00000,0x000000f190f00000) (1024K)]
  0x0000029776297fe0 WatcherThread "VM Periodic Task Thread"        [id=9260, stack(0x000000f190d00000,0x000000f190e00000) (1024K)]
  0x00000297574f4310 WorkerThread "GC Thread#0"                     [id=8080, stack(0x000000f190800000,0x000000f190900000) (1024K)]
  0x000002977b654200 WorkerThread "GC Thread#1"                     [id=12624, stack(0x000000f191b00000,0x000000f191c00000) (1024K)]
  0x000002977b6545a0 WorkerThread "GC Thread#2"                     [id=8980, stack(0x000000f191c00000,0x000000f191d00000) (1024K)]
  0x000002977b646740 WorkerThread "GC Thread#3"                     [id=6056, stack(0x000000f191d00000,0x000000f191e00000) (1024K)]
  0x000002977b646ae0 WorkerThread "GC Thread#4"                     [id=14236, stack(0x000000f191e00000,0x000000f191f00000) (1024K)]
  0x000002977b646e80 WorkerThread "GC Thread#5"                     [id=6892, stack(0x000000f191f00000,0x000000f192000000) (1024K)]
  0x000002977bcb0470 WorkerThread "GC Thread#6"                     [id=14960, stack(0x000000f192200000,0x000000f192300000) (1024K)]
  0x000002977bcb68f0 WorkerThread "GC Thread#7"                     [id=11644, stack(0x000000f192300000,0x000000f192400000) (1024K)]
  0x000002977bcb6c90 WorkerThread "GC Thread#8"                     [id=15904, stack(0x000000f192400000,0x000000f192500000) (1024K)]
  0x000002977c966c90 WorkerThread "GC Thread#9"                     [id=12824, stack(0x000000f192700000,0x000000f192800000) (1024K)]
  0x0000029757505070 ConcurrentGCThread "G1 Main Marker"            [id=17668, stack(0x000000f190900000,0x000000f190a00000) (1024K)]
  0x00000297575069f0 WorkerThread "G1 Conc#0"                       [id=6028, stack(0x000000f190a00000,0x000000f190b00000) (1024K)]
  0x000002977c967030 WorkerThread "G1 Conc#1"                       [id=15584, stack(0x000000f192800000,0x000000f192900000) (1024K)]
  0x000002977c9673d0 WorkerThread "G1 Conc#2"                       [id=19328, stack(0x000000f192900000,0x000000f192a00000) (1024K)]
  0x000002977615fdd0 ConcurrentGCThread "G1 Refine#0"               [id=10820, stack(0x000000f190b00000,0x000000f190c00000) (1024K)]
  0x00000297761605f0 ConcurrentGCThread "G1 Service"                [id=17836, stack(0x000000f190c00000,0x000000f190d00000) (1024K)]
Total: 18

Threads with active compile tasks:
C2 CompilerThread0   201293 14460   !   4       com.mysql.cj.jdbc.ConnectionImpl::clientPrepareStatement (176 bytes)
Total: 1

VM state: not at safepoint (normal execution)

VM Mutex/Monitor currently owned by a thread: None

Heap address: 0x0000000703000000, size: 4048 MB, Compressed Oops mode: Zero based, Oop shift amount: 3

CDS archive(s) mapped at: [0x0000029700000000-0x0000029700c90000-0x0000029700c90000), size 13172736, SharedBaseAddress: 0x0000029700000000, ArchiveRelocationMode: 1.
Compressed class space mapped at: 0x0000029701000000-0x0000029741000000, reserved size: 1073741824
Narrow klass base: 0x0000029700000000, Narrow klass shift: 0, Narrow klass range: 0x100000000

GC Precious Log:
 CardTable entry size: 512
 Card Set container configuration: InlinePtr #cards 4 size 8 Array Of Cards #cards 16 size 48 Howl #buckets 8 coarsen threshold 3686 Howl Bitmap #cards 512 size 80 coarsen threshold 460 Card regions per heap region 1 cards per card region 4096
 CPUs: 12 total, 12 available
 Memory: 16190M
 Large Page Support: Disabled
 NUMA Support: Disabled
 Compressed Oops: Enabled (Zero based)
 Heap Region Size: 2M
 Heap Min Capacity: 8M
 Heap Initial Capacity: 254M
 Heap Max Capacity: 4048M
 Pre-touch: Disabled
 Parallel Workers: 10
 Concurrent Workers: 3
 Concurrent Refinement Workers: 10
 Periodic GC: Disabled

Heap:
 garbage-first heap   total 122880K, used 60473K [0x0000000703000000, 0x0000000800000000)
  region size 2048K, 5 young (10240K), 1 survivors (2048K)
 Metaspace       used 105571K, committed 106944K, reserved 1179648K
  class space    used 13973K, committed 14656K, reserved 1048576K

Heap Regions: E=young(eden), S=young(survivor), O=old, HS=humongous(starts), HC=humongous(continues), CS=collection set, F=free, TAMS=top-at-mark-start, PB=parsable bottom
|   0|0x0000000703000000, 0x0000000703200000, 0x0000000703200000|100%| O|  |TAMS 0x0000000703000000| PB 0x0000000703000000| Untracked 
|   1|0x0000000703200000, 0x0000000703400000, 0x0000000703400000|100%| O|  |TAMS 0x0000000703200000| PB 0x0000000703200000| Untracked 
|   2|0x0000000703400000, 0x0000000703600000, 0x0000000703600000|100%| O|  |TAMS 0x0000000703400000| PB 0x0000000703400000| Untracked 
|   3|0x0000000703600000, 0x00000007037e91f8, 0x0000000703800000| 95%| O|  |TAMS 0x0000000703600000| PB 0x0000000703600000| Untracked 
|   4|0x0000000703800000, 0x0000000703a00000, 0x0000000703a00000|100%| O|  |TAMS 0x0000000703800000| PB 0x0000000703800000| Untracked 
|   5|0x0000000703a00000, 0x0000000703c00000, 0x0000000703c00000|100%| O|  |TAMS 0x0000000703a00000| PB 0x0000000703a00000| Untracked 
|   6|0x0000000703c00000, 0x0000000703e00000, 0x0000000703e00000|100%| O|  |TAMS 0x0000000703c00000| PB 0x0000000703c00000| Untracked 
|   7|0x0000000703e00000, 0x0000000704000000, 0x0000000704000000|100%| O|  |TAMS 0x0000000703e00000| PB 0x0000000703e00000| Untracked 
|   8|0x0000000704000000, 0x0000000704200000, 0x0000000704200000|100%| O|  |TAMS 0x0000000704000000| PB 0x0000000704000000| Untracked 
|   9|0x0000000704200000, 0x0000000704400000, 0x0000000704400000|100%| O|  |TAMS 0x0000000704200000| PB 0x0000000704200000| Untracked 
|  10|0x0000000704400000, 0x0000000704600000, 0x0000000704600000|100%| O|  |TAMS 0x0000000704400000| PB 0x0000000704400000| Untracked 
|  11|0x0000000704600000, 0x0000000704600000, 0x0000000704800000|  0%| F|  |TAMS 0x0000000704600000| PB 0x0000000704600000| Untracked 
|  12|0x0000000704800000, 0x0000000704a00000, 0x0000000704a00000|100%| O|  |TAMS 0x0000000704800000| PB 0x0000000704800000| Untracked 
|  13|0x0000000704a00000, 0x0000000704c00000, 0x0000000704c00000|100%| O|  |TAMS 0x0000000704a00000| PB 0x0000000704a00000| Untracked 
|  14|0x0000000704c00000, 0x0000000704e00000, 0x0000000704e00000|100%| O|  |TAMS 0x0000000704c00000| PB 0x0000000704c00000| Untracked 
|  15|0x0000000704e00000, 0x0000000705000000, 0x0000000705000000|100%| O|  |TAMS 0x0000000704e00000| PB 0x0000000704e00000| Untracked 
|  16|0x0000000705000000, 0x0000000705000000, 0x0000000705200000|  0%| F|  |TAMS 0x0000000705000000| PB 0x0000000705000000| Untracked 
|  17|0x0000000705200000, 0x0000000705400000, 0x0000000705400000|100%| O|  |TAMS 0x0000000705200000| PB 0x0000000705200000| Untracked 
|  18|0x0000000705400000, 0x0000000705600000, 0x0000000705600000|100%| O|  |TAMS 0x0000000705400000| PB 0x0000000705400000| Untracked 
|  19|0x0000000705600000, 0x0000000705800000, 0x0000000705800000|100%| O|  |TAMS 0x0000000705600000| PB 0x0000000705600000| Untracked 
|  20|0x0000000705800000, 0x0000000705a00000, 0x0000000705a00000|100%| O|  |TAMS 0x0000000705800000| PB 0x0000000705800000| Untracked 
|  21|0x0000000705a00000, 0x0000000705c00000, 0x0000000705c00000|100%| O|  |TAMS 0x0000000705a00000| PB 0x0000000705a00000| Untracked 
|  22|0x0000000705c00000, 0x0000000705c4c980, 0x0000000705e00000| 14%| O|  |TAMS 0x0000000705c00000| PB 0x0000000705c00000| Untracked 
|  23|0x0000000705e00000, 0x0000000706000000, 0x0000000706000000|100%| O|  |TAMS 0x0000000705e00000| PB 0x0000000705e00000| Untracked 
|  24|0x0000000706000000, 0x0000000706200000, 0x0000000706200000|100%| O|  |TAMS 0x0000000706000000| PB 0x0000000706000000| Untracked 
|  25|0x0000000706200000, 0x0000000706400000, 0x0000000706400000|100%| O|  |TAMS 0x0000000706200000| PB 0x0000000706200000| Untracked 
|  26|0x0000000706400000, 0x0000000706600000, 0x0000000706600000|100%| O|  |TAMS 0x0000000706400000| PB 0x0000000706400000| Untracked 
|  27|0x0000000706600000, 0x0000000706600000, 0x0000000706800000|  0%| F|  |TAMS 0x0000000706600000| PB 0x0000000706600000| Untracked 
|  28|0x0000000706800000, 0x0000000706a00000, 0x0000000706a00000|100%| O|  |TAMS 0x0000000706800000| PB 0x0000000706800000| Untracked 
|  29|0x0000000706a00000, 0x0000000706c00000, 0x0000000706c00000|100%| O|  |TAMS 0x0000000706a00000| PB 0x0000000706a00000| Untracked 
|  30|0x0000000706c00000, 0x0000000706c00000, 0x0000000706e00000|  0%| F|  |TAMS 0x0000000706c00000| PB 0x0000000706c00000| Untracked 
|  31|0x0000000706e00000, 0x0000000706ed8a58, 0x0000000707000000| 42%| S|CS|TAMS 0x0000000706e00000| PB 0x0000000706e00000| Complete 
|  32|0x0000000707000000, 0x0000000707000000, 0x0000000707200000|  0%| F|  |TAMS 0x0000000707000000| PB 0x0000000707000000| Untracked 
|  33|0x0000000707200000, 0x0000000707200000, 0x0000000707400000|  0%| F|  |TAMS 0x0000000707200000| PB 0x0000000707200000| Untracked 
|  34|0x0000000707400000, 0x0000000707400000, 0x0000000707600000|  0%| F|  |TAMS 0x0000000707400000| PB 0x0000000707400000| Untracked 
|  35|0x0000000707600000, 0x0000000707600000, 0x0000000707800000|  0%| F|  |TAMS 0x0000000707600000| PB 0x0000000707600000| Untracked 
|  36|0x0000000707800000, 0x0000000707800000, 0x0000000707a00000|  0%| F|  |TAMS 0x0000000707800000| PB 0x0000000707800000| Untracked 
|  37|0x0000000707a00000, 0x0000000707a00000, 0x0000000707c00000|  0%| F|  |TAMS 0x0000000707a00000| PB 0x0000000707a00000| Untracked 
|  38|0x0000000707c00000, 0x0000000707c00000, 0x0000000707e00000|  0%| F|  |TAMS 0x0000000707c00000| PB 0x0000000707c00000| Untracked 
|  39|0x0000000707e00000, 0x0000000707e00000, 0x0000000708000000|  0%| F|  |TAMS 0x0000000707e00000| PB 0x0000000707e00000| Untracked 
|  40|0x0000000708000000, 0x0000000708000000, 0x0000000708200000|  0%| F|  |TAMS 0x0000000708000000| PB 0x0000000708000000| Untracked 
|  41|0x0000000708200000, 0x0000000708200000, 0x0000000708400000|  0%| F|  |TAMS 0x0000000708200000| PB 0x0000000708200000| Untracked 
|  42|0x0000000708400000, 0x0000000708400000, 0x0000000708600000|  0%| F|  |TAMS 0x0000000708400000| PB 0x0000000708400000| Untracked 
|  43|0x0000000708600000, 0x0000000708600000, 0x0000000708800000|  0%| F|  |TAMS 0x0000000708600000| PB 0x0000000708600000| Untracked 
|  44|0x0000000708800000, 0x0000000708800000, 0x0000000708a00000|  0%| F|  |TAMS 0x0000000708800000| PB 0x0000000708800000| Untracked 
|  45|0x0000000708a00000, 0x0000000708a00000, 0x0000000708c00000|  0%| F|  |TAMS 0x0000000708a00000| PB 0x0000000708a00000| Untracked 
|  46|0x0000000708c00000, 0x0000000708c00000, 0x0000000708e00000|  0%| F|  |TAMS 0x0000000708c00000| PB 0x0000000708c00000| Untracked 
|  47|0x0000000708e00000, 0x0000000708e00000, 0x0000000709000000|  0%| F|  |TAMS 0x0000000708e00000| PB 0x0000000708e00000| Untracked 
|  48|0x0000000709000000, 0x0000000709000000, 0x0000000709200000|  0%| F|  |TAMS 0x0000000709000000| PB 0x0000000709000000| Untracked 
|  49|0x0000000709200000, 0x0000000709200000, 0x0000000709400000|  0%| F|  |TAMS 0x0000000709200000| PB 0x0000000709200000| Untracked 
|  50|0x0000000709400000, 0x0000000709400000, 0x0000000709600000|  0%| F|  |TAMS 0x0000000709400000| PB 0x0000000709400000| Untracked 
|  51|0x0000000709600000, 0x0000000709600000, 0x0000000709800000|  0%| F|  |TAMS 0x0000000709600000| PB 0x0000000709600000| Untracked 
|  52|0x0000000709800000, 0x0000000709800000, 0x0000000709a00000|  0%| F|  |TAMS 0x0000000709800000| PB 0x0000000709800000| Untracked 
|  53|0x0000000709a00000, 0x0000000709a00000, 0x0000000709c00000|  0%| F|  |TAMS 0x0000000709a00000| PB 0x0000000709a00000| Untracked 
|  54|0x0000000709c00000, 0x0000000709c00000, 0x0000000709e00000|  0%| F|  |TAMS 0x0000000709c00000| PB 0x0000000709c00000| Untracked 
| 103|0x000000070fe00000, 0x000000070fe00000, 0x0000000710000000|  0%| F|  |TAMS 0x000000070fe00000| PB 0x000000070fe00000| Untracked 
| 104|0x0000000710000000, 0x0000000710096c38, 0x0000000710200000| 29%| E|  |TAMS 0x0000000710000000| PB 0x0000000710000000| Complete 
| 105|0x0000000710200000, 0x0000000710400000, 0x0000000710400000|100%| E|CS|TAMS 0x0000000710200000| PB 0x0000000710200000| Complete 
| 106|0x0000000710400000, 0x0000000710600000, 0x0000000710600000|100%| E|CS|TAMS 0x0000000710400000| PB 0x0000000710400000| Complete 
| 126|0x0000000712c00000, 0x0000000712e00000, 0x0000000712e00000|100%| E|CS|TAMS 0x0000000712c00000| PB 0x0000000712c00000| Complete 

Card table byte_map: [0x000002976f660000,0x000002976fe50000] _byte_map_base: 0x000002976be48000

Marking Bits: (CMBitMap*) 0x00000297574f4a10
 Bits: [0x000002976fe50000, 0x0000029773d90000)

Polling page: 0x0000029755440000

Metaspace:

Usage:
  Non-class:     89.45 MB used.
      Class:     13.65 MB used.
       Both:    103.10 MB used.

Virtual space:
  Non-class space:      128.00 MB reserved,      90.12 MB ( 70%) committed,  2 nodes.
      Class space:        1.00 GB reserved,      14.31 MB (  1%) committed,  1 nodes.
             Both:        1.12 GB reserved,     104.44 MB (  9%) committed. 

Chunk freelists:
   Non-Class:  5.39 MB
       Class:  1.74 MB
        Both:  7.13 MB

MaxMetaspaceSize: unlimited
CompressedClassSpaceSize: 1.00 GB
Initial GC threshold: 21.00 MB
Current GC threshold: 173.25 MB
CDS: on
 - commit_granule_bytes: 65536.
 - commit_granule_words: 8192.
 - virtual_space_node_default_size: 8388608.
 - enlarge_chunks_in_place: 1.
 - use_allocation_guard: 0.


Internal statistics:

num_allocs_failed_limit: 11.
num_arena_births: 2240.
num_arena_deaths: 22.
num_vsnodes_births: 3.
num_vsnodes_deaths: 0.
num_space_committed: 1671.
num_space_uncommitted: 0.
num_chunks_returned_to_freelist: 42.
num_chunks_taken_from_freelist: 6358.
num_chunk_merges: 12.
num_chunk_splits: 4414.
num_chunks_enlarged: 3149.
num_inconsistent_stats: 0.

CodeHeap 'non-profiled nmethods': size=120000Kb used=9065Kb max_used=9065Kb free=110935Kb
 bounds [0x00000297673e0000, 0x0000029767cc0000, 0x000002976e910000]
CodeHeap 'profiled nmethods': size=120000Kb used=23851Kb max_used=24547Kb free=96148Kb
 bounds [0x000002975f910000, 0x0000029761110000, 0x0000029766e40000]
CodeHeap 'non-nmethods': size=5760Kb used=2223Kb max_used=2361Kb free=3536Kb
 bounds [0x0000029766e40000, 0x00000297670b0000, 0x00000297673e0000]
 total_blobs=13108 nmethods=12190 adapters=820
 compilation: enabled
              stopped_count=0, restarted_count=0
 full_count=0

Compilation events (20 events):
Event: 197.400 Thread 0x0000029776b03210 nmethod 14450 0x0000029767ca5d10 code [0x0000029767ca5ea0, 0x0000029767ca5f68]
Event: 197.402 Thread 0x0000029776b03210 14451       4       com.fasterxml.jackson.databind.SerializationConfig::isEnabled (18 bytes)
Event: 197.402 Thread 0x0000029776b03210 nmethod 14451 0x0000029767ca6010 code [0x0000029767ca61a0, 0x0000029767ca6250]
Event: 199.506 Thread 0x0000029776b03210 14452   !   4       com.zaxxer.hikari.pool.ProxyStatement::close (63 bytes)
Event: 199.552 Thread 0x0000029776b03210 nmethod 14452 0x0000029767ca6310 code [0x0000029767ca6740, 0x0000029767ca9328]
Event: 199.666 Thread 0x0000029776b03210 14453   !   4       com.mysql.cj.jdbc.ConnectionImpl::prepareStatement (784 bytes)
Event: 199.827 Thread 0x0000029776b03210 nmethod 14453 0x0000029767caad10 code [0x0000029767cab400, 0x0000029767cb1e98]
Event: 199.834 Thread 0x0000029776b03210 14454   !   4       com.mysql.cj.jdbc.result.ResultSetImpl::getTimestamp (39 bytes)
Event: 199.841 Thread 0x0000029776b03210 nmethod 14454 0x0000029767cb5110 code [0x0000029767cb5360, 0x0000029767cb5d00]
Event: 199.841 Thread 0x0000029776b03210 14455       4       com.mysql.cj.jdbc.StatementImpl::setResultSetType (17 bytes)
Event: 199.842 Thread 0x0000029776b03210 nmethod 14455 0x0000029767cb6590 code [0x0000029767cb6720, 0x0000029767cb6928]
Event: 199.854 Thread 0x0000029776b03210 14456       4       org.hibernate.event.internal.EmptyEventManager::completeJdbcPreparedStatementExecutionEvent (1 bytes)
Event: 199.854 Thread 0x0000029776b03210 nmethod 14456 0x0000029767cb6a90 code [0x0000029767cb6c20, 0x0000029767cb6ca8]
Event: 199.855 Thread 0x0000029776b03210 14457       4       com.mysql.cj.jdbc.ConnectionImpl$$Lambda/0x00000297019b47b8::<init> (10 bytes)
Event: 199.856 Thread 0x0000029776b03210 nmethod 14457 0x0000029767cb6d90 code [0x0000029767cb6f20, 0x0000029767cb7098]
Event: 199.997 Thread 0x0000029776b03210 14458   !   4       org.springframework.data.jpa.repository.support.CrudMethodMetadataPostProcessor$CrudMethodMetadataPopulatingMethodInterceptor::invoke (183 bytes)
Event: 200.015 Thread 0x0000029776b03210 nmethod 14458 0x0000029767cb7110 code [0x0000029767cb74e0, 0x0000029767cb8e30]
Event: 200.015 Thread 0x0000029776b03210 14459       4       org.hibernate.sql.results.spi.ListResultsConsumer::instance (60 bytes)
Event: 200.015 Thread 0x0000029776b03210 nmethod 14459 0x0000029767cba090 code [0x0000029767cba220, 0x0000029767cba318]
Event: 200.126 Thread 0x0000029776b03210 14460   !   4       com.mysql.cj.jdbc.ConnectionImpl::clientPrepareStatement (176 bytes)

GC Heap History (20 events):
Event: 7.639 GC heap before
{Heap before GC invocations=19 (full 0):
 garbage-first heap   total 90112K, used 77512K [0x0000000703000000, 0x0000000800000000)
  region size 2048K, 16 young (32768K), 3 survivors (6144K)
 Metaspace       used 98552K, committed 99648K, reserved 1179648K
  class space    used 13357K, committed 13888K, reserved 1048576K
}
Event: 7.643 GC heap after
{Heap after GC invocations=20 (full 0):
 garbage-first heap   total 90112K, used 53538K [0x0000000703000000, 0x0000000800000000)
  region size 2048K, 2 young (4096K), 2 survivors (4096K)
 Metaspace       used 98552K, committed 99648K, reserved 1179648K
  class space    used 13357K, committed 13888K, reserved 1048576K
}
Event: 8.173 GC heap before
{Heap before GC invocations=21 (full 0):
 garbage-first heap   total 96256K, used 78114K [0x0000000703000000, 0x0000000800000000)
  region size 2048K, 14 young (28672K), 2 survivors (4096K)
 Metaspace       used 101213K, committed 102464K, reserved 1179648K
  class space    used 13782K, committed 14400K, reserved 1048576K
}
Event: 8.187 GC heap after
{Heap after GC invocations=22 (full 0):
 garbage-first heap   total 96256K, used 56072K [0x0000000703000000, 0x0000000800000000)
  region size 2048K, 2 young (4096K), 2 survivors (4096K)
 Metaspace       used 101213K, committed 102464K, reserved 1179648K
  class space    used 13782K, committed 14400K, reserved 1048576K
}
Event: 9.835 GC heap before
{Heap before GC invocations=22 (full 0):
 garbage-first heap   total 96256K, used 84744K [0x0000000703000000, 0x0000000800000000)
  region size 2048K, 16 young (32768K), 2 survivors (4096K)
 Metaspace       used 103758K, committed 105024K, reserved 1179648K
  class space    used 13923K, committed 14528K, reserved 1048576K
}
Event: 9.839 GC heap after
{Heap after GC invocations=23 (full 0):
 garbage-first heap   total 96256K, used 57017K [0x0000000703000000, 0x0000000800000000)
  region size 2048K, 1 young (2048K), 1 survivors (2048K)
 Metaspace       used 103758K, committed 105024K, reserved 1179648K
  class space    used 13923K, committed 14528K, reserved 1048576K
}
Event: 15.169 GC heap before
{Heap before GC invocations=23 (full 0):
 garbage-first heap   total 96256K, used 83641K [0x0000000703000000, 0x0000000800000000)
  region size 2048K, 14 young (28672K), 1 survivors (2048K)
 Metaspace       used 104701K, committed 106048K, reserved 1179648K
  class space    used 13942K, committed 14592K, reserved 1048576K
}
Event: 15.174 GC heap after
{Heap after GC invocations=24 (full 0):
 garbage-first heap   total 96256K, used 56097K [0x0000000703000000, 0x0000000800000000)
  region size 2048K, 1 young (2048K), 1 survivors (2048K)
 Metaspace       used 104701K, committed 106048K, reserved 1179648K
  class space    used 13942K, committed 14592K, reserved 1048576K
}
Event: 17.764 GC heap before
{Heap before GC invocations=25 (full 0):
 garbage-first heap   total 102400K, used 84769K [0x0000000703000000, 0x0000000800000000)
  region size 2048K, 15 young (30720K), 1 survivors (2048K)
 Metaspace       used 104748K, committed 106112K, reserved 1179648K
  class space    used 13938K, committed 14592K, reserved 1048576K
}
Event: 17.766 GC heap after
{Heap after GC invocations=26 (full 0):
 garbage-first heap   total 122880K, used 56821K [0x0000000703000000, 0x0000000800000000)
  region size 2048K, 1 young (2048K), 1 survivors (2048K)
 Metaspace       used 104748K, committed 106112K, reserved 1179648K
  class space    used 13938K, committed 14592K, reserved 1048576K
}
Event: 33.183 GC heap before
{Heap before GC invocations=26 (full 0):
 garbage-first heap   total 122880K, used 108021K [0x0000000703000000, 0x0000000800000000)
  region size 2048K, 26 young (53248K), 1 survivors (2048K)
 Metaspace       used 104908K, committed 106240K, reserved 1179648K
  class space    used 13940K, committed 14592K, reserved 1048576K
}
Event: 33.186 GC heap after
{Heap after GC invocations=27 (full 0):
 garbage-first heap   total 122880K, used 55780K [0x0000000703000000, 0x0000000800000000)
  region size 2048K, 1 young (2048K), 1 survivors (2048K)
 Metaspace       used 104908K, committed 106240K, reserved 1179648K
  class space    used 13940K, committed 14592K, reserved 1048576K
}
Event: 43.319 GC heap before
{Heap before GC invocations=27 (full 0):
 garbage-first heap   total 122880K, used 113124K [0x0000000703000000, 0x0000000800000000)
  region size 2048K, 29 young (59392K), 1 survivors (2048K)
 Metaspace       used 104979K, committed 106368K, reserved 1179648K
  class space    used 13942K, committed 14592K, reserved 1048576K
}
Event: 43.320 GC heap after
{Heap after GC invocations=28 (full 0):
 garbage-first heap   total 122880K, used 56014K [0x0000000703000000, 0x0000000800000000)
  region size 2048K, 1 young (2048K), 1 survivors (2048K)
 Metaspace       used 104979K, committed 106368K, reserved 1179648K
  class space    used 13942K, committed 14592K, reserved 1048576K
}
Event: 53.871 GC heap before
{Heap before GC invocations=28 (full 0):
 garbage-first heap   total 122880K, used 113358K [0x0000000703000000, 0x0000000800000000)
  region size 2048K, 29 young (59392K), 1 survivors (2048K)
 Metaspace       used 105117K, committed 106432K, reserved 1179648K
  class space    used 13959K, committed 14592K, reserved 1048576K
}
Event: 53.873 GC heap after
{Heap after GC invocations=29 (full 0):
 garbage-first heap   total 122880K, used 55311K [0x0000000703000000, 0x0000000800000000)
  region size 2048K, 1 young (2048K), 1 survivors (2048K)
 Metaspace       used 105117K, committed 106432K, reserved 1179648K
  class space    used 13959K, committed 14592K, reserved 1048576K
}
Event: 122.398 GC heap before
{Heap before GC invocations=30 (full 0):
 garbage-first heap   total 122880K, used 112655K [0x0000000703000000, 0x0000000800000000)
  region size 2048K, 29 young (59392K), 1 survivors (2048K)
 Metaspace       used 105373K, committed 106688K, reserved 1179648K
  class space    used 13961K, committed 14592K, reserved 1048576K
}
Event: 122.400 GC heap after
{Heap after GC invocations=31 (full 0):
 garbage-first heap   total 122880K, used 55122K [0x0000000703000000, 0x0000000800000000)
  region size 2048K, 1 young (2048K), 1 survivors (2048K)
 Metaspace       used 105373K, committed 106688K, reserved 1179648K
  class space    used 13961K, committed 14592K, reserved 1048576K
}
Event: 193.251 GC heap before
{Heap before GC invocations=31 (full 0):
 garbage-first heap   total 122880K, used 112466K [0x0000000703000000, 0x0000000800000000)
  region size 2048K, 29 young (59392K), 1 survivors (2048K)
 Metaspace       used 105569K, committed 106944K, reserved 1179648K
  class space    used 13972K, committed 14656K, reserved 1048576K
}
Event: 193.258 GC heap after
{Heap after GC invocations=32 (full 0):
 garbage-first heap   total 122880K, used 54329K [0x0000000703000000, 0x0000000800000000)
  region size 2048K, 1 young (2048K), 1 survivors (2048K)
 Metaspace       used 105569K, committed 106944K, reserved 1179648K
  class space    used 13972K, committed 14656K, reserved 1048576K
}

Dll operation events (11 events):
Event: 0.006 Loaded shared library C:\Program Files\Java\jdk-21\bin\java.dll
Event: 0.032 Loaded shared library C:\Program Files\Java\jdk-21\bin\jsvml.dll
Event: 0.089 Loaded shared library C:\Program Files\Java\jdk-21\bin\net.dll
Event: 0.091 Loaded shared library C:\Program Files\Java\jdk-21\bin\nio.dll
Event: 0.093 Loaded shared library C:\Program Files\Java\jdk-21\bin\zip.dll
Event: 0.181 Loaded shared library C:\Program Files\Java\jdk-21\bin\jimage.dll
Event: 0.374 Loaded shared library C:\Program Files\Java\jdk-21\bin\management.dll
Event: 0.377 Loaded shared library C:\Program Files\Java\jdk-21\bin\management_ext.dll
Event: 1.575 Loaded shared library C:\Program Files\Java\jdk-21\bin\sunmscapi.dll
Event: 3.636 Loaded shared library C:\Program Files\Java\jdk-21\bin\extnet.dll
Event: 7.417 Loaded shared library C:\Program Files\Java\jdk-21\bin\verify.dll

Deoptimization events (20 events):
Event: 197.414 Thread 0x000002977f6d5d70 Uncommon trap: trap_request=0xffffffd6 fr.pc=0x0000029767ca4528 relative=0x00000000000003e8
Event: 197.414 Thread 0x000002977f6d5d70 Uncommon trap: reason=array_check action=maybe_recompile pc=0x0000029767ca4528 method=java.util.LinkedHashMap.keysToArray([Ljava/lang/Object;Z)[Ljava/lang/Object; @ 67 c2
Event: 197.414 Thread 0x000002977f6d5d70 DEOPT PACKING pc=0x0000029767ca4528 sp=0x000000f191afd910
Event: 197.414 Thread 0x000002977f6d5d70 DEOPT UNPACKING pc=0x0000029766e946a2 sp=0x000000f191afd8b0 mode 2
Event: 199.835 Thread 0x000002977f6d5d70 Uncommon trap: trap_request=0xffffffd6 fr.pc=0x0000029767caeae4 relative=0x00000000000036e4
Event: 199.835 Thread 0x000002977f6d5d70 Uncommon trap: reason=array_check action=maybe_recompile pc=0x0000029767caeae4 method=com.mysql.cj.NativeQueryBindings.<init>(ILcom/mysql/cj/Session;Ljava/util/function/Function;)V @ 77 c2
Event: 199.835 Thread 0x000002977f6d5d70 DEOPT PACKING pc=0x0000029767caeae4 sp=0x000000f191afd820
Event: 199.835 Thread 0x000002977f6d5d70 DEOPT UNPACKING pc=0x0000029766e946a2 sp=0x000000f191afd490 mode 2
Event: 199.855 Thread 0x000002977f6d4330 Uncommon trap: trap_request=0xffffffd6 fr.pc=0x0000029767caeae4 relative=0x00000000000036e4
Event: 199.855 Thread 0x000002977f6d4330 Uncommon trap: reason=array_check action=maybe_recompile pc=0x0000029767caeae4 method=com.mysql.cj.NativeQueryBindings.<init>(ILcom/mysql/cj/Session;Ljava/util/function/Function;)V @ 77 c2
Event: 199.855 Thread 0x000002977f6d4330 DEOPT PACKING pc=0x0000029767caeae4 sp=0x000000f1921fd760
Event: 199.855 Thread 0x000002977f6d4330 DEOPT UNPACKING pc=0x0000029766e946a2 sp=0x000000f1921fd3d0 mode 2
Event: 199.981 Thread 0x000002977f6d5d70 Uncommon trap: trap_request=0xffffffd6 fr.pc=0x0000029767caeae4 relative=0x00000000000036e4
Event: 199.981 Thread 0x000002977f6d5d70 Uncommon trap: reason=array_check action=maybe_recompile pc=0x0000029767caeae4 method=com.mysql.cj.NativeQueryBindings.<init>(ILcom/mysql/cj/Session;Ljava/util/function/Function;)V @ 77 c2
Event: 199.981 Thread 0x000002977f6d5d70 DEOPT PACKING pc=0x0000029767caeae4 sp=0x000000f191afd820
Event: 199.981 Thread 0x000002977f6d5d70 DEOPT UNPACKING pc=0x0000029766e946a2 sp=0x000000f191afd490 mode 2
Event: 199.997 Thread 0x000002977f6d4330 Uncommon trap: trap_request=0xffffffd6 fr.pc=0x0000029767caeae4 relative=0x00000000000036e4
Event: 199.997 Thread 0x000002977f6d4330 Uncommon trap: reason=array_check action=maybe_recompile pc=0x0000029767caeae4 method=com.mysql.cj.NativeQueryBindings.<init>(ILcom/mysql/cj/Session;Ljava/util/function/Function;)V @ 77 c2
Event: 199.997 Thread 0x000002977f6d4330 DEOPT PACKING pc=0x0000029767caeae4 sp=0x000000f1921fd760
Event: 199.997 Thread 0x000002977f6d4330 DEOPT UNPACKING pc=0x0000029766e946a2 sp=0x000000f1921fd3d0 mode 2

Classes loaded (20 events):
Event: 7.974 Loading class java/util/ArrayList$SubList$2
Event: 7.974 Loading class java/util/ArrayList$SubList$2 done
Event: 7.984 Loading class java/io/WriteAbortedException
Event: 7.985 Loading class java/io/WriteAbortedException done
Event: 7.985 Loading class sun/security/provider/SecureRandom
Event: 7.985 Loading class sun/security/provider/SecureRandom done
Event: 7.986 Loading class sun/security/provider/SecureRandom$SeederHolder
Event: 7.986 Loading class sun/security/provider/SecureRandom$SeederHolder done
Event: 8.225 Loading class java/util/concurrent/locks/ReentrantReadWriteLock$Sync$HoldCounter
Event: 8.225 Loading class java/util/concurrent/locks/ReentrantReadWriteLock$Sync$HoldCounter done
Event: 8.617 Loading class org/w3c/dom/Document
Event: 8.617 Loading class org/w3c/dom/Document done
Event: 9.202 Loading class java/text/ParsePosition
Event: 9.202 Loading class java/text/ParsePosition done
Event: 9.202 Loading class java/time/format/DateTimeParseContext
Event: 9.202 Loading class java/time/format/DateTimeParseContext done
Event: 9.202 Loading class java/time/format/Parsed
Event: 9.203 Loading class java/time/format/Parsed done
Event: 10.289 Loading class jdk/internal/math/FormattedFPDecimal
Event: 10.289 Loading class jdk/internal/math/FormattedFPDecimal done

Classes unloaded (11 events):
Event: 7.670 Thread 0x00000297762ad090 Unloading class 0x0000029701b68000 'jdk/internal/reflect/GeneratedSerializationConstructorAccessor2'
Event: 7.670 Thread 0x00000297762ad090 Unloading class 0x0000029701b5a800 'jdk/internal/reflect/GeneratedSerializationConstructorAccessor1'
Event: 15.205 Thread 0x00000297762ad090 Unloading class 0x0000029701dfc400 'java/lang/invoke/LambdaForm$DMH+0x0000029701dfc400'
Event: 15.205 Thread 0x00000297762ad090 Unloading class 0x0000029701df4400 'java/lang/invoke/LambdaForm$MH+0x0000029701df4400'
Event: 15.205 Thread 0x00000297762ad090 Unloading class 0x0000029701de8c00 'java/lang/invoke/LambdaForm$MH+0x0000029701de8c00'
Event: 15.205 Thread 0x00000297762ad090 Unloading class 0x0000029701de8000 'java/lang/invoke/LambdaForm$MH+0x0000029701de8000'
Event: 15.205 Thread 0x00000297762ad090 Unloading class 0x0000029701da5800 'java/lang/invoke/LambdaForm$MH+0x0000029701da5800'
Event: 15.205 Thread 0x00000297762ad090 Unloading class 0x0000029701d21000 'java/lang/invoke/LambdaForm$DMH+0x0000029701d21000'
Event: 15.205 Thread 0x00000297762ad090 Unloading class 0x0000029701d13c00 'java/lang/invoke/LambdaForm$MH+0x0000029701d13c00'
Event: 15.205 Thread 0x00000297762ad090 Unloading class 0x0000029701d13400 'java/lang/invoke/LambdaForm$MH+0x0000029701d13400'
Event: 15.205 Thread 0x00000297762ad090 Unloading class 0x0000029701d13000 'java/lang/invoke/LambdaForm$DMH+0x0000029701d13000'

Classes redefined (0 events):
No events

Internal exceptions (20 events):
Event: 7.931 Thread 0x000002977f170e60 Exception <a 'java/lang/NoSuchMethodError'{0x0000000707ed1cf8}: 'void java.lang.invoke.DirectMethodHandle$Holder.invokeSpecial(java.lang.Object, java.lang.Object, java.lang.Object, java.lang.Object, int)'> (0x0000000707ed1cf8) 
thrown [s\open\src\hotspot\share\interpreter\linkResolver.cpp, line 773]
Event: 7.931 Thread 0x000002977f170e60 Exception <a 'java/lang/NoSuchMethodError'{0x0000000707ed5a00}: 'void java.lang.invoke.DelegatingMethodHandle$Holder.reinvoke_L(java.lang.Object, java.lang.Object, java.lang.Object, int)'> (0x0000000707ed5a00) 
thrown [s\open\src\hotspot\share\interpreter\linkResolver.cpp, line 773]
Event: 7.974 Thread 0x000002977f16fab0 Exception <a 'java/lang/NoSuchMethodError'{0x0000000707c8a358}: 'java.lang.Object java.lang.invoke.DirectMethodHandle$Holder.invokeStatic(java.lang.Object, int, int)'> (0x0000000707c8a358) 
thrown [s\open\src\hotspot\share\interpreter\linkResolver.cpp, line 773]
Event: 8.069 Thread 0x000002977f6d4330 Exception <a 'java/lang/IncompatibleClassChangeError'{0x0000000707893c70}: Found class java.lang.Object, but interface was expected> (0x0000000707893c70) 
thrown [s\open\src\hotspot\share\interpreter\linkResolver.cpp, line 840]
Event: 8.071 Thread 0x000002977f6d4330 Exception <a 'java/lang/NoSuchMethodError'{0x00000007078a25d0}: 'void java.lang.invoke.Invokers$Holder.invokeExact_MT(java.lang.Object, java.lang.Object, int, java.lang.Object)'> (0x00000007078a25d0) 
thrown [s\open\src\hotspot\share\interpreter\linkResolver.cpp, line 773]
Event: 8.071 Thread 0x000002977f6d5d70 Exception <a 'java/lang/NoSuchMethodError'{0x000000070837fcb0}: 'void java.lang.invoke.Invokers$Holder.invokeExact_MT(java.lang.Object, java.lang.Object, int, java.lang.Object)'> (0x000000070837fcb0) 
thrown [s\open\src\hotspot\share\interpreter\linkResolver.cpp, line 773]
Event: 8.095 Thread 0x000002977f6d4330 Exception <a 'java/lang/NoSuchMethodError'{0x0000000707683620}: 'void java.lang.invoke.Invokers$Holder.invoke_MT(java.lang.Object, java.lang.Object, java.lang.Object, java.lang.Object)'> (0x0000000707683620) 
thrown [s\open\src\hotspot\share\interpreter\linkResolver.cpp, line 773]
Event: 8.095 Thread 0x000002977f6d5d70 Exception <a 'java/lang/NoSuchMethodError'{0x00000007076053a8}: 'void java.lang.invoke.Invokers$Holder.invoke_MT(java.lang.Object, java.lang.Object, java.lang.Object, java.lang.Object)'> (0x00000007076053a8) 
thrown [s\open\src\hotspot\share\interpreter\linkResolver.cpp, line 773]
Event: 8.107 Thread 0x000002977f6d5d70 Exception <a 'java/lang/NoSuchMethodError'{0x0000000707740dd0}: 'int java.lang.invoke.DirectMethodHandle$Holder.invokeStatic(java.lang.Object, java.lang.Object, int, int)'> (0x0000000707740dd0) 
thrown [s\open\src\hotspot\share\interpreter\linkResolver.cpp, line 773]
Event: 8.107 Thread 0x000002977f6d4330 Exception <a 'java/lang/NoSuchMethodError'{0x00000007077505c8}: 'int java.lang.invoke.DirectMethodHandle$Holder.invokeStatic(java.lang.Object, java.lang.Object, int, int)'> (0x00000007077505c8) 
thrown [s\open\src\hotspot\share\interpreter\linkResolver.cpp, line 773]
Event: 8.153 Thread 0x000002977f6d5d70 Implicit null exception at 0x00000297679e4ec4 to 0x00000297679e5040
Event: 8.153 Thread 0x000002977f6d4330 Implicit null exception at 0x00000297679e4ec4 to 0x00000297679e5040
Event: 8.187 Thread 0x000002977f6d4330 Implicit null exception at 0x00000297679e4780 to 0x00000297679e49fc
Event: 8.577 Thread 0x000002977f6d5d70 Implicit null exception at 0x00000297677fd103 to 0x00000297677fd65c
Event: 8.596 Thread 0x000002977f6d5d70 Implicit null exception at 0x00000297678769d0 to 0x0000029767877058
Event: 8.596 Thread 0x000002977f6d4330 Implicit null exception at 0x00000297678769d0 to 0x0000029767877058
Event: 8.601 Thread 0x000002977f6d5d70 Implicit null exception at 0x0000029767877680 to 0x000002976787783c
Event: 8.601 Thread 0x000002977f6d4330 Implicit null exception at 0x0000029767877680 to 0x000002976787783c
Event: 9.201 Thread 0x000002977f174970 Exception <a 'java/lang/NoSuchMethodError'{0x000000070ff0c268}: 'java.lang.Object java.lang.invoke.DirectMethodHandle$Holder.invokeVirtual(java.lang.Object, java.lang.Object, java.lang.Object, java.lang.Object, java.lang.Object, java.lang.Object, java.lang.Object)'> (0x000000070ff0c268) 
thrown [s\open\src\hotspot\share\interpreter\linkResolver.cpp, line 773]
Event: 17.939 Thread 0x000002977f175000 Implicit null exception at 0x0000029767b90eb5 to 0x0000029767b923ec

ZGC Phase Switch (0 events):
No events

VM Operations (20 events):
Event: 175.760 Executing VM operation: Cleanup
Event: 175.760 Executing VM operation: Cleanup done
Event: 180.801 Executing VM operation: Cleanup
Event: 180.801 Executing VM operation: Cleanup done
Event: 181.806 Executing VM operation: Cleanup
Event: 181.806 Executing VM operation: Cleanup done
Event: 183.825 Executing VM operation: Cleanup
Event: 183.825 Executing VM operation: Cleanup done
Event: 186.841 Executing VM operation: Cleanup
Event: 186.841 Executing VM operation: Cleanup done
Event: 187.842 Executing VM operation: Cleanup
Event: 187.842 Executing VM operation: Cleanup done
Event: 188.855 Executing VM operation: Cleanup
Event: 188.855 Executing VM operation: Cleanup done
Event: 192.880 Executing VM operation: Cleanup
Event: 192.880 Executing VM operation: Cleanup done
Event: 193.251 Executing VM operation: G1CollectForAllocation (G1 Evacuation Pause)
Event: 193.258 Executing VM operation: G1CollectForAllocation (G1 Evacuation Pause) done
Event: 200.324 Executing VM operation: Cleanup
Event: 200.324 Executing VM operation: Cleanup done

Events (20 events):
Event: 53.904 Thread 0x00000297762ad090 flushing nmethod 0x0000029760906e90
Event: 53.904 Thread 0x00000297762ad090 flushing nmethod 0x0000029760907610
Event: 53.904 Thread 0x00000297762ad090 flushing nmethod 0x0000029760907f10
Event: 53.904 Thread 0x00000297762ad090 flushing nmethod 0x000002976090db10
Event: 53.904 Thread 0x00000297762ad090 flushing nmethod 0x000002976090e210
Event: 53.904 Thread 0x00000297762ad090 flushing nmethod 0x000002976090e990
Event: 53.904 Thread 0x00000297762ad090 flushing nmethod 0x000002976090ed10
Event: 53.904 Thread 0x00000297762ad090 flushing nmethod 0x0000029760930590
Event: 53.904 Thread 0x00000297762ad090 flushing nmethod 0x0000029760930990
Event: 53.904 Thread 0x00000297762ad090 flushing nmethod 0x0000029760a57690
Event: 53.904 Thread 0x00000297762ad090 flushing nmethod 0x0000029760a57e90
Event: 53.904 Thread 0x00000297762ad090 flushing nmethod 0x0000029760a60510
Event: 53.904 Thread 0x00000297762ad090 flushing nmethod 0x0000029760a63510
Event: 53.904 Thread 0x00000297762ad090 flushing nmethod 0x0000029760a63b90
Event: 53.904 Thread 0x00000297762ad090 flushing nmethod 0x0000029760cf3010
Event: 53.904 Thread 0x00000297762ad090 flushing nmethod 0x0000029760d6e490
Event: 60.976 Thread 0x0000029776b01610 Thread added: 0x0000029776b01610
Event: 90.968 Thread 0x000002977f16ed90 Thread added: 0x000002977f16ed90
Event: 156.453 Thread 0x00000297421ed0c0 Thread added: 0x00000297421ed0c0
Event: 156.578 Thread 0x00000297421ed0c0 Thread exited: 0x00000297421ed0c0


Dynamic libraries:
0x00007ff7e6770000 - 0x00007ff7e6780000 	C:\Program Files\Java\jdk-21\bin\java.exe
0x00007ffa3ea00000 - 0x00007ffa3ec68000 	C:\WINDOWS\SYSTEM32\ntdll.dll
0x00007ffa3d5c0000 - 0x00007ffa3d689000 	C:\WINDOWS\System32\KERNEL32.DLL
0x00007ffa3bf00000 - 0x00007ffa3c2f2000 	C:\WINDOWS\System32\KERNELBASE.dll
0x00007ffa3bb90000 - 0x00007ffa3bcdb000 	C:\WINDOWS\System32\ucrtbase.dll
0x00007ffa26610000 - 0x00007ffa26629000 	C:\Program Files\Java\jdk-21\bin\jli.dll
0x00007ffa265f0000 - 0x00007ffa2660b000 	C:\Program Files\Java\jdk-21\bin\VCRUNTIME140.dll
0x00007ffa3de00000 - 0x00007ffa3deb4000 	C:\WINDOWS\System32\ADVAPI32.dll
0x00007ffa3d450000 - 0x00007ffa3d4f9000 	C:\WINDOWS\System32\msvcrt.dll
0x00007ffa3dc90000 - 0x00007ffa3dd36000 	C:\WINDOWS\System32\sechost.dll
0x00007ffa3c800000 - 0x00007ffa3c918000 	C:\WINDOWS\System32\RPCRT4.dll
0x00007ffa3e6a0000 - 0x00007ffa3e865000 	C:\WINDOWS\System32\USER32.dll
0x00007ffa28170000 - 0x00007ffa28403000 	C:\WINDOWS\WinSxS\amd64_microsoft.windows.common-controls_6595b64144ccf1df_6.0.26100.6899_none_3e0efeeae32e88c1\COMCTL32.dll
0x00007ffa3bed0000 - 0x00007ffa3bef7000 	C:\WINDOWS\System32\win32u.dll
0x00007ffa3ddd0000 - 0x00007ffa3ddfb000 	C:\WINDOWS\System32\GDI32.dll
0x00007ffa3bda0000 - 0x00007ffa3becd000 	C:\WINDOWS\System32\gdi32full.dll
0x00007ffa3c5a0000 - 0x00007ffa3c643000 	C:\WINDOWS\System32\msvcp_win.dll
0x00007ffa35600000 - 0x00007ffa3560b000 	C:\WINDOWS\SYSTEM32\VERSION.dll
0x00007ffa3c940000 - 0x00007ffa3c96f000 	C:\WINDOWS\System32\IMM32.DLL
0x00007ffa382f0000 - 0x00007ffa382fc000 	C:\Program Files\Java\jdk-21\bin\vcruntime140_1.dll
0x00007ffa22880000 - 0x00007ffa2290e000 	C:\Program Files\Java\jdk-21\bin\msvcp140.dll
0x00007ff9fe820000 - 0x00007ff9ff53a000 	C:\Program Files\Java\jdk-21\bin\server\jvm.dll
0x00007ffa3d230000 - 0x00007ffa3d2a4000 	C:\WINDOWS\System32\WS2_32.dll
0x00007ffa3b590000 - 0x00007ffa3b5ee000 	C:\WINDOWS\SYSTEM32\POWRPROF.dll
0x00007ffa2ca90000 - 0x00007ffa2cac5000 	C:\WINDOWS\SYSTEM32\WINMM.dll
0x00007ffa3b470000 - 0x00007ffa3b484000 	C:\WINDOWS\SYSTEM32\UMPDC.dll
0x00007ffa3a960000 - 0x00007ffa3a97b000 	C:\WINDOWS\SYSTEM32\kernel.appcore.dll
0x00007ffa35e60000 - 0x00007ffa35e6a000 	C:\Program Files\Java\jdk-21\bin\jimage.dll
0x00007ffa2a8a0000 - 0x00007ffa2aae2000 	C:\WINDOWS\SYSTEM32\DBGHELP.DLL
0x00007ffa3d690000 - 0x00007ffa3da0b000 	C:\WINDOWS\System32\combase.dll
0x00007ffa3dbb0000 - 0x00007ffa3dc87000 	C:\WINDOWS\System32\OLEAUT32.dll
0x00007ffa26550000 - 0x00007ffa2658c000 	C:\WINDOWS\SYSTEM32\dbgcore.DLL
0x00007ffa3c300000 - 0x00007ffa3c398000 	C:\WINDOWS\System32\bcryptPrimitives.dll
0x00007ffa265d0000 - 0x00007ffa265ef000 	C:\Program Files\Java\jdk-21\bin\java.dll
0x00007ffa3cae0000 - 0x00007ffa3d22d000 	C:\WINDOWS\System32\SHELL32.dll
0x00007ffa3c3a0000 - 0x00007ffa3c50b000 	C:\WINDOWS\System32\wintypes.dll
0x00007ffa39820000 - 0x00007ffa3a07d000 	C:\WINDOWS\SYSTEM32\windows.storage.dll
0x00007ffa3e8c0000 - 0x00007ffa3e9b2000 	C:\WINDOWS\System32\SHCORE.dll
0x00007ffa3e630000 - 0x00007ffa3e692000 	C:\WINDOWS\System32\shlwapi.dll
0x00007ffa3ba80000 - 0x00007ffa3baa9000 	C:\WINDOWS\SYSTEM32\profapi.dll
0x00007ffa1cf60000 - 0x00007ffa1d037000 	C:\Program Files\Java\jdk-21\bin\jsvml.dll
0x00007ffa2ce70000 - 0x00007ffa2ce80000 	C:\Program Files\Java\jdk-21\bin\net.dll
0x00007ffa35ba0000 - 0x00007ffa35cbf000 	C:\WINDOWS\SYSTEM32\WINHTTP.dll
0x00007ffa3aed0000 - 0x00007ffa3af3b000 	C:\WINDOWS\system32\mswsock.dll
0x00007ffa26590000 - 0x00007ffa265a6000 	C:\Program Files\Java\jdk-21\bin\nio.dll
0x00007ffa265b0000 - 0x00007ffa265c8000 	C:\Program Files\Java\jdk-21\bin\zip.dll
0x00007ffa2ca00000 - 0x00007ffa2ca0a000 	C:\Program Files\Java\jdk-21\bin\management.dll
0x00007ffa2ac10000 - 0x00007ffa2ac1b000 	C:\Program Files\Java\jdk-21\bin\management_ext.dll
0x00007ffa3dec0000 - 0x00007ffa3dec8000 	C:\WINDOWS\System32\PSAPI.DLL
0x00007ffa26db0000 - 0x00007ffa26dbe000 	C:\Program Files\Java\jdk-21\bin\sunmscapi.dll
0x00007ffa3c650000 - 0x00007ffa3c7c7000 	C:\WINDOWS\System32\CRYPT32.dll
0x00007ffa3b410000 - 0x00007ffa3b440000 	C:\WINDOWS\SYSTEM32\ncrypt.dll
0x00007ffa3b3c0000 - 0x00007ffa3b3ff000 	C:\WINDOWS\SYSTEM32\NTASN1.dll
0x00007ffa3b180000 - 0x00007ffa3b19b000 	C:\WINDOWS\SYSTEM32\CRYPTSP.dll
0x00007ffa3a8c0000 - 0x00007ffa3a8fb000 	C:\WINDOWS\system32\rsaenh.dll
0x00007ffa3af70000 - 0x00007ffa3af9b000 	C:\WINDOWS\SYSTEM32\USERENV.dll
0x00007ffa3bab0000 - 0x00007ffa3bad6000 	C:\WINDOWS\SYSTEM32\bcrypt.dll
0x00007ffa3b1a0000 - 0x00007ffa3b1ac000 	C:\WINDOWS\SYSTEM32\CRYPTBASE.dll
0x00007ffa3a380000 - 0x00007ffa3a3b4000 	C:\WINDOWS\SYSTEM32\IPHLPAPI.DLL
0x00007ffa3d2b0000 - 0x00007ffa3d2ba000 	C:\WINDOWS\System32\NSI.dll
0x00007ffa3a3c0000 - 0x00007ffa3a4e6000 	C:\WINDOWS\SYSTEM32\DNSAPI.dll
0x00007ffa34ee0000 - 0x00007ffa34f66000 	C:\WINDOWS\System32\fwpuclnt.dll
0x00007ffa345d0000 - 0x00007ffa345db000 	C:\Windows\System32\rasadhlp.dll
0x00007ffa27260000 - 0x00007ffa27269000 	C:\Program Files\Java\jdk-21\bin\extnet.dll
0x00007ff9d4e00000 - 0x00007ff9d4e08000 	C:\WINDOWS\system32\wshunix.dll
0x00007ffa2cc80000 - 0x00007ffa2cc90000 	C:\Program Files\Java\jdk-21\bin\verify.dll

dbghelp: loaded successfully - version: 4.0.5 - missing functions: none
symbol engine: initialized successfully - sym options: 0x614 - pdb path: .;C:\Program Files\Java\jdk-21\bin;C:\WINDOWS\SYSTEM32;C:\WINDOWS\WinSxS\amd64_microsoft.windows.common-controls_6595b64144ccf1df_6.0.26100.6899_none_3e0efeeae32e88c1;C:\Program Files\Java\jdk-21\bin\server

VM Arguments:
jvm_args: -Djava.net.preferIPv4Addresses=true -Djava.net.preferIPv4Stack=true -Dfile.encoding=UTF-8 -Duser.country=KR -Duser.language=ko -Duser.variant 
java_command: com.example.SpringGroupBB.SpringGroupBbApplication
java_class_path (initial): D:\springGroup\springboot\works\SpringGroupBB\build\classes\java\main;D:\springGroup\springboot\works\SpringGroupBB\build\resources\main;C:\Users\green\.gradle\caches\modules-2\files-2.1\org.springframework.boot\spring-boot-devtools\3.5.7\c4e9491690ab0fb91883b3c2d9c9c2b5a9e25714\spring-boot-devtools-3.5.7.jar;C:\Users\green\.gradle\caches\modules-2\files-2.1\org.springframework.boot\spring-boot-starter-data-jpa\3.5.7\5db48c2790037b07013a327871142e922247533a\spring-boot-starter-data-jpa-3.5.7.jar;C:\Users\green\.gradle\caches\modules-2\files-2.1\org.springframework.boot\spring-boot-starter-security\3.5.7\6dee85a7ba008ff0dca8dbce5e68dca0c49a64cb\spring-boot-starter-security-3.5.7.jar;C:\Users\green\.gradle\caches\modules-2\files-2.1\org.springframework.boot\spring-boot-starter-thymeleaf\3.5.7\5981cf00d4cf2fd93b59f69e9ed24dcf8592bcad\spring-boot-starter-thymeleaf-3.5.7.jar;C:\Users\green\.gradle\caches\modules-2\files-2.1\org.springframework.boot\spring-boot-starter-web\3.5.7\b98c28da1fe667776698882c27f68630c2747b87\spring-boot-starter-web-3.5.7.jar;C:\Users\green\.gradle\caches\modules-2\files-2.1\org.springframework.boot\spring-boot-starter-validation\3.5.7\faff3bd84bcf3e880c4e95daa012feb85ba166dd\spring-boot-starter-validation-3.5.7.jar;C:\Users\green\.gradle\caches\modules-2\files-2.1\nz.net.ultraq.thymeleaf\thymeleaf-layout-dialect\3.4.0\44360e674eb9762f33db69e46612bccdc39ec281\thymeleaf-layout-dialect-3.4.0.jar;C:\Users\green\.gradle\caches\modules-2\files-2.1\org.thymeleaf.extras\thymeleaf-extras-springsecurity6\3.1.3.RELEASE\f2a9e9505b145d22a52047460c74fb8200f2cb23\thymeleaf-extras-springsecurity6-3.1.3.RELEASE.jar;C:\Users\green\.gradle\caches\modules-2\files-2.1\org.springframework.boot\spring-boot-starter-mail\3.5.7\5bd25bfd6ef7ec5607dba79c1c90a3833d0fc023\spring-boot-starter-mail-3.5.7.jar;C:\Users\green\.gradle\caches\modules-2\files-2.1\org.springframework\spring-context-support\6.2.12\d96cde7b24fe5ee1c7331dae9d995144c771bb59\spring-context-support-6.2.12.jar;C:\Users\green\.gradle\caches\modules-2\files-2.1\com.google.code.gson\gson\2.10.1\b3add478d4382b78ea20b1671390a858002feb6c\gson-2.10.1.jar;C:\Users\green\.gradle\caches\modules-2\files-2.1\com.querydsl\querydsl-jpa\5.0.0\2a653852848dee41b967d3520be3339f0f92f1ea\querydsl-jpa-5.0.0-jakarta.jar;C:\Users\green\.gradle\caches\modules-2\files-2.1\org.springframework.boot\spring-boot-starter-tomcat\3.5.7\14dfae9a2c9f61fc382845959bc9f7b236840994\spring-boot-starter-tomcat-3.5.7.jar;C:\Users\green\.gradle\caches\modules-2\files-2.1\com.mysql\mysql-connector-j\9.4.0\8f6c66269048fbd2316b7b45d75898ebee44986f\mysql-connector-j-9.4.0.jar;C:\Users\green\.gradle\caches\modules-2\files-2.1\org.springframework.boot\spring-boot-starter-jdbc\3.5.7\3e64a947b66284f6e164d6049bbb8060d702108c\spring-boot-starter-jdbc-3.5.7.jar;C:\Users\green\.gradle\caches\modules-2\files-2.1\org.springframework.boot\spring-boot-starter-json\3.5.7\71784cc8ed3a1a2fdcfd54bda22ccbacf2232751\spring-boot-starter-json-3.5.7.jar;C:\Users\green\.gradle\caches\modules-2\files-2.1\org.springframework.boot\spring-boot-starter\3.5.7\ea4a8ad9f4df7d94250d643aa278c3353cd88c5\spring-boot-starter-3.5.7.jar;C:\Users\green\.gradle\caches\modules-2\files-2.1\org.springframework.boot\spring-boot-autoconfigure\3.5.7\8a1918c778e52c21a102363536320d71289650b4\spring-boot-autoconfigure-3.5.7.jar;C:\Users\green\.gradle\caches\modules-2\files-2.1\org.springframework.boot\spring-boot\3.5.7\6c9db579b4669ec4ad6444ca84775d193c513ae2\spring-boot-3.5.7.jar;C:\Users\green\.gradle\caches\modules-2\files-2.1\org.hibernate.orm\hibernate-core\6.6.33.Final\359cdbdc4c75f8fedd9203f98c95413bbca5820e\hibernate-core-6.6.33.Final.jar;C:\Users\green\.gradle\caches\modules-2\files-2.1\org.springframework.data\spring-data-jpa\3.5.5\f9b4de5f7e69ab60cb144a052c44ac062b1d018\spring-data-jpa-3.5.5.jar;C:\Users\green\.gradle\caches\modules-2\files-2.1\org.springframework\spring-aspects\6.2.12\14702fc62ef23402cf8cd24e2e4e72708bac4a02\spring-aspects-6.2.12.jar;C:\Users\green\.gradle\caches\modules-2\files-2.1\org.springframework.security\spring-security-config\6.5.6\64c857395b4a53fa8241c0731d0834bde55a8893\spring-security-config-6.5.6.jar;C:\Users\green\.gradle\caches\modules-2\files-2.1\org.springframework.security\spring-security-web\6.5.6\7428000af55e700e10c0378cad694ed23fda59be\spring-security-web-6.5.6.jar;C:\Users\green\.gradle\caches\modules-2\files-2.1\org.springframework\spring-webmvc\6.2.12\550aea6677c8db7e7ad07b47068b57de4e1a13e9\spring-webmvc-6.2.12.jar;C:\Users\green\.gradle\caches\modules-2\files-2.1\org.springframework.security\spring-security-core\6.5.6\a1bc1afabfab5cbee9179c134f41d10b4351a001\spring-security-core-6.5.6.jar;C:\Users\green\.gradle\caches\modules-2\files-2.1\org.springframework\spring-context\6.2.12\fdeff8060a111920fd38d5a23d48bc7b772d44c4\spring-context-6.2.12.jar;C:\Users\green\.gradle\caches\modules-2\files-2.1\org.springframework\spring-aop\6.2.12\12d9001a3e38baf348c4c076efa3e4b7515f9048\spring-aop-6.2.12.jar;C:\Users\green\.gradle\caches\modules-2\files-2.1\org.thymeleaf\thymeleaf-spring6\3.1.3.RELEASE\4b276ea2bd536a18e44b40ff1d9f4848965ff59c\thymeleaf-spring6-3.1.3.RELEASE.jar;C:\Users\green\.gradle\caches\modules-2\files-2.1\org.springframework\spring-web\6.2.12\58bdd67728631b561a8b9cf4249a0d990bb3ef88\spring-web-6.2.12.jar;C:\Users\green\.gradle\caches\modules-2\files-2.1\org.apache.tomcat.embed\tomcat-embed-el\10.1.48\220294d3a81451f793c9c54af16a9f04f8ec5824\tomcat-embed-el-10.1.48.jar;C:\Users\green\.gradle\caches\modules-2\files-2.1\org.hibernate.validator\hibernate-validator\8.0.3.Final\4425f554297a1c5ba03a3f30e559a9fd91048cf8\hibernate-validator-8.0.3.Final.jar;C:\Users\green\.gradle\caches\modules-2\files-2.1\nz.net.ultraq.groovy\groovy-extensions\2.3.3\aa11aa8987970180f538e3b0346634662855d274\groovy-extensions-2.3.3.jar;C:\Users\green\.gradle\caches\modules-2\files-2.1\nz.net.ultraq.thymeleaf\thymeleaf-expression-processor\3.2.0\566d36d35ba24120e8cef0d55869868e042785cf\thymeleaf-expression-processor-3.2.0.jar;C:\Users\green\.gradle\caches\modules-2\files-2.1\org.thymeleaf\thymeleaf\3.1.3.RELEASE\51474f2a90b282ee97dabcd159c7faf24790f373\thymeleaf-3.1.3.RELEASE.jar;C:\Users\green\.gradle\caches\modules-2\files-2.1\com.zaxxer\HikariCP\6.3.3\7c5aec1e47a97ff40977e0193018865304ea9585\HikariCP-6.3.3.jar;C:\Users\green\.gradle\caches\modules-2\files-2.1\org.springframework.data\spring-data-commons\3.5.5\170e595353fee2d804603df2f44f1dcbd4140ffd\spring-data-commons-3.5.5.jar;C:\Users\green\.gradle\caches\modules-2\files-2.1\org.springframework.boot\spring-boot-starter-logging\3.5.7\3d2f969f8fcf7ca6017425144fe88c4f49dd880b\spring-boot-starter-logging-3.5.7.jar;C:\Users\green\.gradle\caches\modules-2\files-2.1\ch.qos.logback\logback-classic\1.5.20\3db675c8bc2f791612721d177ba54021eed3ade9\logback-classic-1.5.20.jar;C:\Users\green\.gradle\caches\modules-2\files-2.1\org.apache.logging.log4j\log4j-to-slf4j\2.24.3\da1143e2a2531ee1c2d90baa98eb50a28a39d5a7\log4j-to-slf4j-2.24.3.jar;C:\Users\green\.gradle\caches\modules-2\files-2.1\org.slf4j\jul-to-slf4j\2.0.17\524cb6ccc2b68a57604750e1ab8b13b5a786a6aa\jul-to-slf4j-2.0.17.jar;C:\Users\green\.gradle\caches\modules-2\files-2.1\org.slf4j\slf4j-api\2.0.17\d9e58ac9c7779ba3bf8142aff6c830617a7fe60f\slf4j-api-2.0.17.jar;C:\Users\green\.gradle\caches\modules-2\files-2.1\org.apache.groovy\groovy\4.0.29\a5f23a7eed8c4140afd6f673a773a206870719c6\groovy-4.0.29.jar;C:\Users\green\.gradle\caches\modules-2\files-2.1\org.springframework\spring-orm\6.2.12\83538a5de92261ed86856975358d32292dde0a94\spring-orm-6.2.12.jar;C:\Users\green\.gradle\caches\modules-2\files-2.1\org.springframework\spring-jdbc\6.2.12\9dcb388d984891e32ff6af96abdb582a27a7c41c\spring-jdbc-6.2.12.jar;C:\Users\green\.gradle\caches\modules-2\files-2.1\org.springframework\spring-tx\6.2.12\b1c1ee583c4f1dd6bef6887622cdc56fbb2a3090\spring-tx-6.2.12.jar;C:\Users\green\.gradle\caches\modules-2\files-2.1\org.springframework\spring-beans\6.2.12\3f344e97550207fac50a5b3376cc9e59ecb02df\spring-beans-6.2.12.jar;C:\Users\green\.gradle\caches\modules-2\files-2.1\org.springframework\spring-expression\6.2.12\aa5033d9e583aafc972b205618de13c5242c9cf5\spring-expression-6.2.12.jar;C:\Users\green\.gradle\caches\modules-2\files-2.1\org.springframework\spring-core\6.2.12\298bd954610442d54b276f911d3490372ab62117\spring-core-6.2.12.jar;C:\Users\green\.gradle\caches\modules-2\files-2.1\org.eclipse.angus\jakarta.mail\2.0.5\68ce3f8ddb70d375e2ae4d820ba64da0ed56a940\jakarta.mail-2.0.5.jar;C:\Users\green\.gradle\caches\modules-2\files-2.1\com.querydsl\querydsl-core\5.1.0\be322c3fe98de8e7c204afb8860bfabd81a3bafd\querydsl-core-5.1.0.jar;C:\Users\green\.gradle\caches\modules-2\files-2.1\jakarta.annotation\jakarta.annotation-api\2.1.1\48b9bda22b091b1f48b13af03fe36db3be6e1ae3\jakarta.annotation-api-2.1.1.jar;C:\Users\green\.gradle\caches\modules-2\files-2.1\org.apache.tomcat.embed\tomcat-embed-websocket\10.1.48\7fd0d1c6eae6c43106763e458640f4f8868a4ec3\tomcat-embed-websocket-10.1.48.jar;C:\Users\green\.gradle\caches\modules-2\files-2.1\org.apache.tomcat.embed\tomcat-embed-core\10.1.48\d4c095a353c839a23a401ce9afbcb52d5be97b69\tomcat-embed-core-10.1.48.jar;C:\Users\green\.gradle\caches\modules-2\files-2.1\org.yaml\snakeyaml\2.4\e0666b825b796f85521f02360e77f4c92c5a7a07\snakeyaml-2.4.jar;C:\Users\green\.gradle\caches\modules-2\files-2.1\jakarta.persistence\jakarta.persistence-api\3.1.0\66901fa1c373c6aff65c13791cc11da72060a8d6\jakarta.persistence-api-3.1.0.jar;C:\Users\green\.gradle\caches\modules-2\files-2.1\jakarta.transaction\jakarta.transaction-api\2.0.1\51a520e3fae406abb84e2e1148e6746ce3f80a1a\jakarta.transaction-api-2.0.1.jar;C:\Users\green\.gradle\caches\modules-2\files-2.1\org.jboss.logging\jboss-logging\3.6.1.Final\886afbb445b4016a37c8960a7aef6ebd769ce7e5\jboss-logging-3.6.1.Final.jar;C:\Users\green\.gradle\caches\modules-2\files-2.1\org.hibernate.common\hibernate-commons-annotations\7.0.3.Final\e183c4be8bb41d12e9f19b374e00c34a0a85f439\hibernate-commons-annotations-7.0.3.Final.jar;C:\Users\green\.gradle\caches\modules-2\files-2.1\io.smallrye\jandex\3.2.0\f17ad860f62a08487b9edabde608f8ac55c62fa7\jandex-3.2.0.jar;C:\Users\green\.gradle\caches\modules-2\files-2.1\com.fasterxml\classmate\1.7.1\e803194e4362a2c0585087c5f315682897d12f00\classmate-1.7.1.jar;C:\Users\green\.gradle\caches\modules-2\files-2.1\net.bytebuddy\byte-buddy\1.17.8\af5735f63d00ca47a9375fae5c7471a36331c6ed\byte-buddy-1.17.8.jar;C:\Users\green\.gradle\caches\modules-2\files-2.1\org.glassfish.jaxb\jaxb-runtime\4.0.6\fb95ebb62564657b2fedfe165b859789ef3a8711\jaxb-runtime-4.0.6.jar;C:\Users\green\.gradle\caches\modules-2\files-2.1\org.glassfish.jaxb\jaxb-core\4.0.6\8e61282303777fc98a00cc3affd0560d68748a75\jaxb-core-4.0.6.jar;C:\Users\green\.gradle\caches\modules-2\files-2.1\jakarta.xml.bind\jakarta.xml.bind-api\4.0.4\d6d2327f3817d9a33a3b6b8f2e15a96bc2e7afdc\jakarta.xml.bind-api-4.0.4.jar;C:\Users\green\.gradle\caches\modules-2\files-2.1\jakarta.inject\jakarta.inject-api\2.0.1\4c28afe1991a941d7702fe1362c365f0a8641d1e\jakarta.inject-api-2.0.1.jar;C:\Users\green\.gradle\caches\modules-2\files-2.1\org.antlr\antlr4-runtime\4.13.0\5a02e48521624faaf5ff4d99afc88b01686af655\antlr4-runtime-4.13.0.jar;C:\Users\green\.gradle\caches\modules-2\files-2.1\org.aspectj\aspectjweaver\1.9.24\9b5aeb0cea9f958b9c57fb80e62996e95a3e9379\aspectjweaver-1.9.24.jar;C:\Users\green\.gradle\caches\modules-2\files-2.1\com.fasterxml.jackson.datatype\jackson-datatype-jsr310\2.19.2\72e73f048b36d9df82aef146bf8b2ae63b2e28e2\jackson-datatype-jsr310-2.19.2.jar;C:\Users\green\.gradle\caches\modules-2\files-2.1\com.fasterxml.jackson.module\jackson-module-parameter-names\2.19.2\3c4ce467c11364c72ec4967c570fd5a2d1be1d0b\jackson-module-parameter-names-2.19.2.jar;C:\Users\green\.gradle\caches\modules-2\files-2.1\com.fasterxml.jackson.core\jackson-annotations\2.19.2\c5381f11988ae3d424b197a26087d86067b6d7d\jackson-annotations-2.19.2.jar;C:\Users\green\.gradle\caches\modules-2\files-2.1\com.fasterxml.jackson.core\jackson-core\2.19.2\50f3b4bd59b9ff51a0ed493e7b5abaf5c39709bf\jackson-core-2.19.2.jar;C:\Users\green\.gradle\caches\modules-2\files-2.1\com.fasterxml.jackson.datatype\jackson-datatype-jdk8\2.19.2\a720d3946c3a1ab04b780f3b3163d62eee6948a0\jackson-datatype-jdk8-2.19.2.jar;C:\Users\green\.gradle\caches\modules-2\files-2.1\com.fasterxml.jackson.core\jackson-databind\2.19.2\46509399d28f57ca32c6bb4b0d4e10e8f062051e\jackson-databind-2.19.2.jar;C:\Users\green\.gradle\caches\modules-2\files-2.1\io.micrometer\micrometer-observation\1.15.5\60956d6926392e0abef3d34dfcabdc4b013953c8\micrometer-observation-1.15.5.jar;C:\Users\green\.gradle\caches\modules-2\files-2.1\jakarta.validation\jakarta.validation-api\3.0.2\92b6631659ba35ca09e44874d3eb936edfeee532\jakarta.validation-api-3.0.2.jar;C:\Users\green\.gradle\caches\modules-2\files-2.1\ognl\ognl\3.3.4\1904789bdd96f226ad252a02f230be1015f4462b\ognl-3.3.4.jar;C:\Users\green\.gradle\caches\modules-2\files-2.1\org.attoparser\attoparser\2.0.7.RELEASE\e5d0e988d9124139d645bb5872b24dfa23e283cc\attoparser-2.0.7.RELEASE.jar;C:\Users\green\.gradle\caches\modules-2\files-2.1\org.unbescape\unbescape\1.1.6.RELEASE\7b90360afb2b860e09e8347112800d12c12b2a13\unbescape-1.1.6.RELEASE.jar;C:\Users\green\.gradle\caches\modules-2\files-2.1\org.springframework\spring-jcl\6.2.12\d127f5020441b3cfe197668d32a327391587ff59\spring-jcl-6.2.12.jar;C:\Users\green\.gradle\caches\modules-2\files-2.1\org.eclipse.angus\angus-activation\2.0.3\7f80607ea5014fef0b1779e6c33d63a88a45a563\angus-activation-2.0.3.jar;C:\Users\green\.gradle\caches\modules-2\files-2.1\jakarta.activation\jakarta.activation-api\2.1.4\9e5c2a0d75dde71a0bedc4dbdbe47b78a5dc50f8\jakarta.activation-api-2.1.4.jar;C:\Users\green\.gradle\caches\modules-2\files-2.1\com.mysema.commons\mysema-commons-lang\0.2.4\d09c8489d54251a6c22fbce804bdd4a070557317\mysema-commons-lang-0.2.4.jar;C:\Users\green\.gradle\caches\modules-2\files-2.1\org.springframework.security\spring-security-crypto\6.5.6\dc447baac0e4fe40ffca4b73e2d0f758fdf9260d\spring-security-crypto-6.5.6.jar;C:\Users\green\.gradle\caches\modules-2\files-2.1\io.micrometer\micrometer-commons\1.15.5\c7136877f2d8aed7627ef850f25ad2e6e71271dc\micrometer-commons-1.15.5.jar;C:\Users\green\.gradle\caches\modules-2\files-2.1\org.javassist\javassist\3.29.0-GA\d3959fa7e00bf04dbe519228a23213d2afb625d8\javassist-3.29.0-GA.jar;C:\Users\green\.gradle\caches\modules-2\files-2.1\ch.qos.logback\logback-core\1.5.20\c5e87126a18d729240c683db179a9387b2daa632\logback-core-1.5.20.jar;C:\Users\green\.gradle\caches\modules-2\files-2.1\org.apache.logging.log4j\log4j-api\2.24.3\b02c125db8b6d295adf72ae6e71af5d83bce2370\log4j-api-2.24.3.jar;C:\Users\green\.gradle\caches\modules-2\files-2.1\org.glassfish.jaxb\txw2\4.0.6\4f4cd53b5ff9a2c5aa1211f15ed2569c57dfb044\txw2-4.0.6.jar;C:\Users\green\.gradle\caches\modules-2\files-2.1\com.sun.istack\istack-commons-runtime\4.1.2\18ec117c85f3ba0ac65409136afa8e42bc74e739\istack-commons-runtime-4.1.2.jar
Launcher Type: SUN_STANDARD

[Global flags]
     intx CICompilerCount                          = 4                                         {product} {ergonomic}
     uint ConcGCThreads                            = 3                                         {product} {ergonomic}
     uint G1ConcRefinementThreads                  = 10                                        {product} {ergonomic}
   size_t G1HeapRegionSize                         = 2097152                                   {product} {ergonomic}
    uintx GCDrainStackTargetSize                   = 64                                        {product} {ergonomic}
   size_t InitialHeapSize                          = 266338304                                 {product} {ergonomic}
   size_t MarkStackSize                            = 4194304                                   {product} {ergonomic}
   size_t MaxHeapSize                              = 4244635648                                {product} {ergonomic}
   size_t MaxNewSize                               = 2545942528                                {product} {ergonomic}
   size_t MinHeapDeltaBytes                        = 2097152                                   {product} {ergonomic}
   size_t MinHeapSize                              = 8388608                                   {product} {ergonomic}
    uintx NonNMethodCodeHeapSize                   = 5839372                                {pd product} {ergonomic}
    uintx NonProfiledCodeHeapSize                  = 122909434                              {pd product} {ergonomic}
    uintx ProfiledCodeHeapSize                     = 122909434                              {pd product} {ergonomic}
    uintx ReservedCodeCacheSize                    = 251658240                              {pd product} {ergonomic}
     bool SegmentedCodeCache                       = true                                      {product} {ergonomic}
   size_t SoftMaxHeapSize                          = 4244635648                             {manageable} {ergonomic}
     bool UseCompressedOops                        = true                           {product lp64_product} {ergonomic}
     bool UseG1GC                                  = true                                      {product} {ergonomic}
     bool UseLargePagesIndividualAllocation        = false                                  {pd product} {ergonomic}

Logging:
Log output configuration:
 #0: stdout all=warning uptime,level,tags foldmultilines=false
 #1: stderr all=off uptime,level,tags foldmultilines=false

Environment Variables:
JAVA_HOME=C:\Program Files\Java\jdk-21
PATH=C:\Program Files\Common Files\Oracle\Java\javapath;C:\WINDOWS\system32;C:\WINDOWS;C:\WINDOWS\System32\Wbem;C:\WINDOWS\System32\WindowsPowerShell\v1.0\;C:\WINDOWS\System32\OpenSSH\;C:\Program Files (x86)\Windows Kits\10\Windows Performance Toolkit\;C:\Program Files\Git\cmd;C:\Program Files\Java\jdk-21\bin;C:\Users\green\AppData\Local\Microsoft\WindowsApps;C:\Program Files\Bandizip\;C:\Users\green\AppData\Local\Programs\Microsoft VS Code\bin;
USERNAME=green
OS=Windows_NT
PROCESSOR_IDENTIFIER=Intel64 Family 6 Model 158 Stepping 10, GenuineIntel
TMP=C:\Users\green\AppData\Local\Temp
TEMP=C:\Users\green\AppData\Local\Temp




Periodic native trim disabled

---------------  S Y S T E M  ---------------

OS:
 Windows 11 , 64 bit Build 26100 (10.0.26100.6725)
OS uptime: 21 days 9:52 hours

CPU: total 12 (initial active 12) (6 cores per cpu, 2 threads per core) family 6 model 158 stepping 10 microcode 0xde, cx8, cmov, fxsr, ht, mmx, 3dnowpref, sse, sse2, sse3, ssse3, sse4.1, sse4.2, popcnt, lzcnt, tsc, tscinvbit, avx, avx2, aes, erms, clmul, bmi1, bmi2, rtm, adx, fma, vzeroupper, clflush, clflushopt, rdtscp, f16c
Processor Information for all 12 processors :
  Max Mhz: 3696, Current Mhz: 3696, Mhz Limit: 3696

Memory: 4k page, system-wide physical 16190M (6451M free)
TotalPageFile size 65342M (AvailPageFile size 6M)
current process WorkingSet (physical memory assigned to process): 393M, peak: 417M
current process commit charge ("private bytes"): 431M, peak: 457M

vm_info: Java HotSpot(TM) 64-Bit Server VM (21.0.7+8-LTS-245) for windows-amd64 JRE (21.0.7+8-LTS-245), built on 2025-02-21T05:11:27Z by "mach5one" with MS VC++ 17.6 (VS2022)

END.
