#
# There is insufficient memory for the Java Runtime Environment to continue.
# Native memory allocation (malloc) failed to allocate 1351872 bytes. Error detail: Chunk::new
# Possible reasons:
#   The system is out of physical RAM or swap space
#   This process is running with CompressedOops enabled, and the Java Heap may be blocking the growth of the native heap
# Possible solutions:
#   Reduce memory load on the system
#   Increase physical memory or swap space
#   Check if swap backing store is full
#   Decrease Java heap size (-Xmx/-Xms)
#   Decrease number of Java threads
#   Decrease Java thread stack sizes (-Xss)
#   Set larger code cache with -XX:ReservedCodeCacheSize=
#   JVM is running with Zero Based Compressed Oops mode in which the Java heap is
#     placed in the first 32GB address space. The Java Heap base address is the
#     maximum limit for the native heap growth. Please use -XX:HeapBaseMinAddress
#     to set the Java Heap base and to place the Java Heap above 32GB virtual address.
# This output file may be truncated or incomplete.
#
#  Out of Memory Error (arena.cpp:168), pid=1104, tid=7476
#
# JRE version: OpenJDK Runtime Environment JBR-21.0.8+1-1038.73-jcef (21.0.8+1) (build 21.0.8+1-b1038.73)
# Java VM: OpenJDK 64-Bit Server VM JBR-21.0.8+1-1038.73-jcef (21.0.8+1-b1038.73, mixed mode, sharing, tiered, compressed oops, compressed class ptrs, g1 gc, windows-amd64)
# No core dump will be written. Minidumps are not enabled by default on client versions of Windows
#

---------------  S U M M A R Y ------------

Command Line: git4idea.http.GitAskPassApp Username for 'https://github.com': 

Host: Intel(R) Core(TM) i7-8700K CPU @ 3.70GHz, 12 cores, 15G,  Windows 11 , 64 bit Build 26100 (10.0.26100.6725)
Time: Tue Nov 25 14:09:19 2025 elapsed time: 1.404511 seconds (0d 0h 0m 1s)

---------------  T H R E A D  ---------------

Current thread (0x0000021a415acc90):  JavaThread "C2 CompilerThread0" daemon [_thread_in_native, id=7476, stack(0x00000074b9900000,0x00000074b9a00000) (1024K)]


Current CompileTask:
C2:1404 1098       4       sun.security.ec.ECOperations::setDouble (463 bytes)

Stack: [0x00000074b9900000,0x00000074b9a00000]
Native frames: (J=compiled Java code, j=interpreted, Vv=VM code, C=native code)
V  [jvm.dll+0x6ebeb9]
V  [jvm.dll+0x8cbec3]
V  [jvm.dll+0x8ce47e]
V  [jvm.dll+0x8ceb63]
V  [jvm.dll+0x28adf6]
V  [jvm.dll+0xc6f3d]
V  [jvm.dll+0xc7473]
V  [jvm.dll+0x3c7aeb]
V  [jvm.dll+0x393697]
V  [jvm.dll+0x392b0a]
V  [jvm.dll+0x251d92]
V  [jvm.dll+0x251361]
V  [jvm.dll+0x1ceb64]
V  [jvm.dll+0x260bfe]
V  [jvm.dll+0x25f146]
V  [jvm.dll+0x402ee6]
V  [jvm.dll+0x873a78]
V  [jvm.dll+0x6ea63d]
C  [ucrtbase.dll+0x37b0]
C  [KERNEL32.DLL+0x2e8d7]
C  [ntdll.dll+0x8c53c]


---------------  P R O C E S S  ---------------

Threads class SMR info:
_java_thread_list=0x0000021a888225b0, length=15, elements={
0x0000021a24ab7c90, 0x0000021a88005aa0, 0x0000021a88009090, 0x0000021a88009af0,
0x0000021a88012a30, 0x0000021a88013490, 0x0000021a415a9100, 0x0000021a415a9ef0,
0x0000021a415acc90, 0x0000021a415ad860, 0x0000021a88143760, 0x0000021a88767f60,
0x0000021a88820ec0, 0x0000021a88930670, 0x0000021a887e2d80
}

Java Threads: ( => current thread )
  0x0000021a24ab7c90 JavaThread "main"                              [_thread_blocked, id=13252, stack(0x00000074b8a00000,0x00000074b8b00000) (1024K)]
  0x0000021a88005aa0 JavaThread "Common-Cleaner"             daemon [_thread_blocked, id=13368, stack(0x00000074b9200000,0x00000074b9300000) (1024K)]
  0x0000021a88009090 JavaThread "Reference Handler"          daemon [_thread_blocked, id=16044, stack(0x00000074b9300000,0x00000074b9400000) (1024K)]
  0x0000021a88009af0 JavaThread "Finalizer"                  daemon [_thread_blocked, id=12988, stack(0x00000074b9400000,0x00000074b9500000) (1024K)]
  0x0000021a88012a30 JavaThread "Signal Dispatcher"          daemon [_thread_blocked, id=15828, stack(0x00000074b9500000,0x00000074b9600000) (1024K)]
  0x0000021a88013490 JavaThread "Attach Listener"            daemon [_thread_blocked, id=7544, stack(0x00000074b9600000,0x00000074b9700000) (1024K)]
  0x0000021a415a9100 JavaThread "Service Thread"             daemon [_thread_blocked, id=13296, stack(0x00000074b9700000,0x00000074b9800000) (1024K)]
  0x0000021a415a9ef0 JavaThread "Monitor Deflation Thread"   daemon [_thread_blocked, id=16452, stack(0x00000074b9800000,0x00000074b9900000) (1024K)]
=>0x0000021a415acc90 JavaThread "C2 CompilerThread0"         daemon [_thread_in_native, id=7476, stack(0x00000074b9900000,0x00000074b9a00000) (1024K)]
  0x0000021a415ad860 JavaThread "C1 CompilerThread0"         daemon [_thread_blocked, id=17332, stack(0x00000074b9a00000,0x00000074b9b00000) (1024K)]
  0x0000021a88143760 JavaThread "Notification Thread"        daemon [_thread_blocked, id=11184, stack(0x00000074b9b00000,0x00000074b9c00000) (1024K)]
  0x0000021a88767f60 JavaThread "HttpClient-1-SelectorManager" daemon [_thread_in_native, id=13320, stack(0x00000074b9c00000,0x00000074b9d00000) (1024K)]
  0x0000021a88820ec0 JavaThread "HttpClient-1-Worker-0"      daemon [_thread_blocked, id=12424, stack(0x00000074b9e00000,0x00000074b9f00000) (1024K)]
  0x0000021a88930670 JavaThread "HttpClient-1-Worker-1"      daemon [_thread_blocked, id=12788, stack(0x00000074b9f00000,0x00000074ba000000) (1024K)]
  0x0000021a887e2d80 JavaThread "C2 CompilerThread1"         daemon [_thread_blocked, id=15996, stack(0x00000074ba000000,0x00000074ba100000) (1024K)]
Total: 15

Other Threads:
  0x0000021a4157f740 VMThread "VM Thread"                           [id=12616, stack(0x00000074b9100000,0x00000074b9200000) (1024K)]
  0x0000021a4156d6e0 WatcherThread "VM Periodic Task Thread"        [id=4976, stack(0x00000074b9000000,0x00000074b9100000) (1024K)]
  0x0000021a26554040 WorkerThread "GC Thread#0"                     [id=11220, stack(0x00000074b8b00000,0x00000074b8c00000) (1024K)]
  0x0000021a26565ba0 ConcurrentGCThread "G1 Main Marker"            [id=15268, stack(0x00000074b8c00000,0x00000074b8d00000) (1024K)]
  0x0000021a265666a0 WorkerThread "G1 Conc#0"                       [id=9112, stack(0x00000074b8d00000,0x00000074b8e00000) (1024K)]
  0x0000021a4143e030 ConcurrentGCThread "G1 Refine#0"               [id=18064, stack(0x00000074b8e00000,0x00000074b8f00000) (1024K)]
  0x0000021a4143f860 ConcurrentGCThread "G1 Service"                [id=10372, stack(0x00000074b8f00000,0x00000074b9000000) (1024K)]
Total: 7

Threads with active compile tasks:
C2 CompilerThread0  1546 1098       4       sun.security.ec.ECOperations::setDouble (463 bytes)
Total: 1

VM state: not at safepoint (normal execution)

VM Mutex/Monitor currently owned by a thread: None

Heap address: 0x0000000703000000, size: 4048 MB, Compressed Oops mode: Zero based, Oop shift amount: 3

CDS archive(s) mapped at: [0x0000021a42000000-0x0000021a43c00000-0x0000021a43c00000), size 29360128, SharedBaseAddress: 0x0000021a42000000, ArchiveRelocationMode: 1.
Compressed class space mapped at: 0x0000021a44000000-0x0000021a84000000, reserved size: 1073741824
Narrow klass base: 0x0000021a42000000, Narrow klass shift: 0, Narrow klass range: 0x100000000

GC Precious Log:
 CardTable entry size: 512
 Card Set container configuration: InlinePtr #cards 4 size 8 Array Of Cards #cards 16 size 48 Howl #buckets 8 coarsen threshold 3686 Howl Bitmap #cards 512 size 80 coarsen threshold 460 Card regions per heap region 1 cards per card region 4096
 CPUs: 12 total, 12 available
 Memory: 16190M
 Large Page Support: Disabled
 NUMA Support: Disabled
 Compressed Oops: Enabled (Zero based)
 Heap Region Size: 2M
 Heap Min Capacity: 8M
 Heap Initial Capacity: 254M
 Heap Max Capacity: 4048M
 Pre-touch: Disabled
 Parallel Workers: 10
 Concurrent Workers: 3
 Concurrent Refinement Workers: 10
 Periodic GC: Disabled

Heap:
 garbage-first heap   total 260096K, used 16384K [0x0000000703000000, 0x0000000800000000)
  region size 2048K, 9 young (18432K), 0 survivors (0K)
 Metaspace       used 3485K, committed 3712K, reserved 1114112K
  class space    used 424K, committed 512K, reserved 1048576K

Heap Regions: E=young(eden), S=young(survivor), O=old, HS=humongous(starts), HC=humongous(continues), CS=collection set, F=free, TAMS=top-at-mark-start, PB=parsable bottom
|   0|0x0000000703000000, 0x0000000703000000, 0x0000000703200000|  0%| F|  |TAMS 0x0000000703000000| PB 0x0000000703000000| Untracked 
|   1|0x0000000703200000, 0x0000000703200000, 0x0000000703400000|  0%| F|  |TAMS 0x0000000703200000| PB 0x0000000703200000| Untracked 
|   2|0x0000000703400000, 0x0000000703400000, 0x0000000703600000|  0%| F|  |TAMS 0x0000000703400000| PB 0x0000000703400000| Untracked 
|   3|0x0000000703600000, 0x0000000703600000, 0x0000000703800000|  0%| F|  |TAMS 0x0000000703600000| PB 0x0000000703600000| Untracked 
|   4|0x0000000703800000, 0x0000000703800000, 0x0000000703a00000|  0%| F|  |TAMS 0x0000000703800000| PB 0x0000000703800000| Untracked 
|   5|0x0000000703a00000, 0x0000000703a00000, 0x0000000703c00000|  0%| F|  |TAMS 0x0000000703a00000| PB 0x0000000703a00000| Untracked 
|   6|0x0000000703c00000, 0x0000000703c00000, 0x0000000703e00000|  0%| F|  |TAMS 0x0000000703c00000| PB 0x0000000703c00000| Untracked 
|   7|0x0000000703e00000, 0x0000000703e00000, 0x0000000704000000|  0%| F|  |TAMS 0x0000000703e00000| PB 0x0000000703e00000| Untracked 
|   8|0x0000000704000000, 0x0000000704000000, 0x0000000704200000|  0%| F|  |TAMS 0x0000000704000000| PB 0x0000000704000000| Untracked 
|   9|0x0000000704200000, 0x0000000704200000, 0x0000000704400000|  0%| F|  |TAMS 0x0000000704200000| PB 0x0000000704200000| Untracked 
|  10|0x0000000704400000, 0x0000000704400000, 0x0000000704600000|  0%| F|  |TAMS 0x0000000704400000| PB 0x0000000704400000| Untracked 
|  11|0x0000000704600000, 0x0000000704600000, 0x0000000704800000|  0%| F|  |TAMS 0x0000000704600000| PB 0x0000000704600000| Untracked 
|  12|0x0000000704800000, 0x0000000704800000, 0x0000000704a00000|  0%| F|  |TAMS 0x0000000704800000| PB 0x0000000704800000| Untracked 
|  13|0x0000000704a00000, 0x0000000704a00000, 0x0000000704c00000|  0%| F|  |TAMS 0x0000000704a00000| PB 0x0000000704a00000| Untracked 
|  14|0x0000000704c00000, 0x0000000704c00000, 0x0000000704e00000|  0%| F|  |TAMS 0x0000000704c00000| PB 0x0000000704c00000| Untracked 
|  15|0x0000000704e00000, 0x0000000704e00000, 0x0000000705000000|  0%| F|  |TAMS 0x0000000704e00000| PB 0x0000000704e00000| Untracked 
|  16|0x0000000705000000, 0x0000000705000000, 0x0000000705200000|  0%| F|  |TAMS 0x0000000705000000| PB 0x0000000705000000| Untracked 
|  17|0x0000000705200000, 0x0000000705200000, 0x0000000705400000|  0%| F|  |TAMS 0x0000000705200000| PB 0x0000000705200000| Untracked 
|  18|0x0000000705400000, 0x0000000705400000, 0x0000000705600000|  0%| F|  |TAMS 0x0000000705400000| PB 0x0000000705400000| Untracked 
|  19|0x0000000705600000, 0x0000000705600000, 0x0000000705800000|  0%| F|  |TAMS 0x0000000705600000| PB 0x0000000705600000| Untracked 
|  20|0x0000000705800000, 0x0000000705800000, 0x0000000705a00000|  0%| F|  |TAMS 0x0000000705800000| PB 0x0000000705800000| Untracked 
|  21|0x0000000705a00000, 0x0000000705a00000, 0x0000000705c00000|  0%| F|  |TAMS 0x0000000705a00000| PB 0x0000000705a00000| Untracked 
|  22|0x0000000705c00000, 0x0000000705c00000, 0x0000000705e00000|  0%| F|  |TAMS 0x0000000705c00000| PB 0x0000000705c00000| Untracked 
|  23|0x0000000705e00000, 0x0000000705e00000, 0x0000000706000000|  0%| F|  |TAMS 0x0000000705e00000| PB 0x0000000705e00000| Untracked 
|  24|0x0000000706000000, 0x0000000706000000, 0x0000000706200000|  0%| F|  |TAMS 0x0000000706000000| PB 0x0000000706000000| Untracked 
|  25|0x0000000706200000, 0x0000000706200000, 0x0000000706400000|  0%| F|  |TAMS 0x0000000706200000| PB 0x0000000706200000| Untracked 
|  26|0x0000000706400000, 0x0000000706400000, 0x0000000706600000|  0%| F|  |TAMS 0x0000000706400000| PB 0x0000000706400000| Untracked 
|  27|0x0000000706600000, 0x0000000706600000, 0x0000000706800000|  0%| F|  |TAMS 0x0000000706600000| PB 0x0000000706600000| Untracked 
|  28|0x0000000706800000, 0x0000000706800000, 0x0000000706a00000|  0%| F|  |TAMS 0x0000000706800000| PB 0x0000000706800000| Untracked 
|  29|0x0000000706a00000, 0x0000000706a00000, 0x0000000706c00000|  0%| F|  |TAMS 0x0000000706a00000| PB 0x0000000706a00000| Untracked 
|  30|0x0000000706c00000, 0x0000000706c00000, 0x0000000706e00000|  0%| F|  |TAMS 0x0000000706c00000| PB 0x0000000706c00000| Untracked 
|  31|0x0000000706e00000, 0x0000000706e00000, 0x0000000707000000|  0%| F|  |TAMS 0x0000000706e00000| PB 0x0000000706e00000| Untracked 
|  32|0x0000000707000000, 0x0000000707000000, 0x0000000707200000|  0%| F|  |TAMS 0x0000000707000000| PB 0x0000000707000000| Untracked 
|  33|0x0000000707200000, 0x0000000707200000, 0x0000000707400000|  0%| F|  |TAMS 0x0000000707200000| PB 0x0000000707200000| Untracked 
|  34|0x0000000707400000, 0x0000000707400000, 0x0000000707600000|  0%| F|  |TAMS 0x0000000707400000| PB 0x0000000707400000| Untracked 
|  35|0x0000000707600000, 0x0000000707600000, 0x0000000707800000|  0%| F|  |TAMS 0x0000000707600000| PB 0x0000000707600000| Untracked 
|  36|0x0000000707800000, 0x0000000707800000, 0x0000000707a00000|  0%| F|  |TAMS 0x0000000707800000| PB 0x0000000707800000| Untracked 
|  37|0x0000000707a00000, 0x0000000707a00000, 0x0000000707c00000|  0%| F|  |TAMS 0x0000000707a00000| PB 0x0000000707a00000| Untracked 
|  38|0x0000000707c00000, 0x0000000707c00000, 0x0000000707e00000|  0%| F|  |TAMS 0x0000000707c00000| PB 0x0000000707c00000| Untracked 
|  39|0x0000000707e00000, 0x0000000707e00000, 0x0000000708000000|  0%| F|  |TAMS 0x0000000707e00000| PB 0x0000000707e00000| Untracked 
|  40|0x0000000708000000, 0x0000000708000000, 0x0000000708200000|  0%| F|  |TAMS 0x0000000708000000| PB 0x0000000708000000| Untracked 
|  41|0x0000000708200000, 0x0000000708200000, 0x0000000708400000|  0%| F|  |TAMS 0x0000000708200000| PB 0x0000000708200000| Untracked 
|  42|0x0000000708400000, 0x0000000708400000, 0x0000000708600000|  0%| F|  |TAMS 0x0000000708400000| PB 0x0000000708400000| Untracked 
|  43|0x0000000708600000, 0x0000000708600000, 0x0000000708800000|  0%| F|  |TAMS 0x0000000708600000| PB 0x0000000708600000| Untracked 
|  44|0x0000000708800000, 0x0000000708800000, 0x0000000708a00000|  0%| F|  |TAMS 0x0000000708800000| PB 0x0000000708800000| Untracked 
|  45|0x0000000708a00000, 0x0000000708a00000, 0x0000000708c00000|  0%| F|  |TAMS 0x0000000708a00000| PB 0x0000000708a00000| Untracked 
|  46|0x0000000708c00000, 0x0000000708c00000, 0x0000000708e00000|  0%| F|  |TAMS 0x0000000708c00000| PB 0x0000000708c00000| Untracked 
|  47|0x0000000708e00000, 0x0000000708e00000, 0x0000000709000000|  0%| F|  |TAMS 0x0000000708e00000| PB 0x0000000708e00000| Untracked 
|  48|0x0000000709000000, 0x0000000709000000, 0x0000000709200000|  0%| F|  |TAMS 0x0000000709000000| PB 0x0000000709000000| Untracked 
|  49|0x0000000709200000, 0x0000000709200000, 0x0000000709400000|  0%| F|  |TAMS 0x0000000709200000| PB 0x0000000709200000| Untracked 
|  50|0x0000000709400000, 0x0000000709400000, 0x0000000709600000|  0%| F|  |TAMS 0x0000000709400000| PB 0x0000000709400000| Untracked 
|  51|0x0000000709600000, 0x0000000709600000, 0x0000000709800000|  0%| F|  |TAMS 0x0000000709600000| PB 0x0000000709600000| Untracked 
|  52|0x0000000709800000, 0x0000000709800000, 0x0000000709a00000|  0%| F|  |TAMS 0x0000000709800000| PB 0x0000000709800000| Untracked 
|  53|0x0000000709a00000, 0x0000000709a00000, 0x0000000709c00000|  0%| F|  |TAMS 0x0000000709a00000| PB 0x0000000709a00000| Untracked 
|  54|0x0000000709c00000, 0x0000000709c00000, 0x0000000709e00000|  0%| F|  |TAMS 0x0000000709c00000| PB 0x0000000709c00000| Untracked 
|  55|0x0000000709e00000, 0x0000000709e00000, 0x000000070a000000|  0%| F|  |TAMS 0x0000000709e00000| PB 0x0000000709e00000| Untracked 
|  56|0x000000070a000000, 0x000000070a000000, 0x000000070a200000|  0%| F|  |TAMS 0x000000070a000000| PB 0x000000070a000000| Untracked 
|  57|0x000000070a200000, 0x000000070a200000, 0x000000070a400000|  0%| F|  |TAMS 0x000000070a200000| PB 0x000000070a200000| Untracked 
|  58|0x000000070a400000, 0x000000070a400000, 0x000000070a600000|  0%| F|  |TAMS 0x000000070a400000| PB 0x000000070a400000| Untracked 
|  59|0x000000070a600000, 0x000000070a600000, 0x000000070a800000|  0%| F|  |TAMS 0x000000070a600000| PB 0x000000070a600000| Untracked 
|  60|0x000000070a800000, 0x000000070a800000, 0x000000070aa00000|  0%| F|  |TAMS 0x000000070a800000| PB 0x000000070a800000| Untracked 
|  61|0x000000070aa00000, 0x000000070aa00000, 0x000000070ac00000|  0%| F|  |TAMS 0x000000070aa00000| PB 0x000000070aa00000| Untracked 
|  62|0x000000070ac00000, 0x000000070ac00000, 0x000000070ae00000|  0%| F|  |TAMS 0x000000070ac00000| PB 0x000000070ac00000| Untracked 
|  63|0x000000070ae00000, 0x000000070ae00000, 0x000000070b000000|  0%| F|  |TAMS 0x000000070ae00000| PB 0x000000070ae00000| Untracked 
|  64|0x000000070b000000, 0x000000070b000000, 0x000000070b200000|  0%| F|  |TAMS 0x000000070b000000| PB 0x000000070b000000| Untracked 
|  65|0x000000070b200000, 0x000000070b200000, 0x000000070b400000|  0%| F|  |TAMS 0x000000070b200000| PB 0x000000070b200000| Untracked 
|  66|0x000000070b400000, 0x000000070b400000, 0x000000070b600000|  0%| F|  |TAMS 0x000000070b400000| PB 0x000000070b400000| Untracked 
|  67|0x000000070b600000, 0x000000070b600000, 0x000000070b800000|  0%| F|  |TAMS 0x000000070b600000| PB 0x000000070b600000| Untracked 
|  68|0x000000070b800000, 0x000000070b800000, 0x000000070ba00000|  0%| F|  |TAMS 0x000000070b800000| PB 0x000000070b800000| Untracked 
|  69|0x000000070ba00000, 0x000000070ba00000, 0x000000070bc00000|  0%| F|  |TAMS 0x000000070ba00000| PB 0x000000070ba00000| Untracked 
|  70|0x000000070bc00000, 0x000000070bc00000, 0x000000070be00000|  0%| F|  |TAMS 0x000000070bc00000| PB 0x000000070bc00000| Untracked 
|  71|0x000000070be00000, 0x000000070be00000, 0x000000070c000000|  0%| F|  |TAMS 0x000000070be00000| PB 0x000000070be00000| Untracked 
|  72|0x000000070c000000, 0x000000070c000000, 0x000000070c200000|  0%| F|  |TAMS 0x000000070c000000| PB 0x000000070c000000| Untracked 
|  73|0x000000070c200000, 0x000000070c200000, 0x000000070c400000|  0%| F|  |TAMS 0x000000070c200000| PB 0x000000070c200000| Untracked 
|  74|0x000000070c400000, 0x000000070c400000, 0x000000070c600000|  0%| F|  |TAMS 0x000000070c400000| PB 0x000000070c400000| Untracked 
|  75|0x000000070c600000, 0x000000070c600000, 0x000000070c800000|  0%| F|  |TAMS 0x000000070c600000| PB 0x000000070c600000| Untracked 
|  76|0x000000070c800000, 0x000000070c800000, 0x000000070ca00000|  0%| F|  |TAMS 0x000000070c800000| PB 0x000000070c800000| Untracked 
|  77|0x000000070ca00000, 0x000000070ca00000, 0x000000070cc00000|  0%| F|  |TAMS 0x000000070ca00000| PB 0x000000070ca00000| Untracked 
|  78|0x000000070cc00000, 0x000000070cc00000, 0x000000070ce00000|  0%| F|  |TAMS 0x000000070cc00000| PB 0x000000070cc00000| Untracked 
|  79|0x000000070ce00000, 0x000000070ce00000, 0x000000070d000000|  0%| F|  |TAMS 0x000000070ce00000| PB 0x000000070ce00000| Untracked 
|  80|0x000000070d000000, 0x000000070d000000, 0x000000070d200000|  0%| F|  |TAMS 0x000000070d000000| PB 0x000000070d000000| Untracked 
|  81|0x000000070d200000, 0x000000070d200000, 0x000000070d400000|  0%| F|  |TAMS 0x000000070d200000| PB 0x000000070d200000| Untracked 
|  82|0x000000070d400000, 0x000000070d400000, 0x000000070d600000|  0%| F|  |TAMS 0x000000070d400000| PB 0x000000070d400000| Untracked 
|  83|0x000000070d600000, 0x000000070d600000, 0x000000070d800000|  0%| F|  |TAMS 0x000000070d600000| PB 0x000000070d600000| Untracked 
|  84|0x000000070d800000, 0x000000070d800000, 0x000000070da00000|  0%| F|  |TAMS 0x000000070d800000| PB 0x000000070d800000| Untracked 
|  85|0x000000070da00000, 0x000000070da00000, 0x000000070dc00000|  0%| F|  |TAMS 0x000000070da00000| PB 0x000000070da00000| Untracked 
|  86|0x000000070dc00000, 0x000000070dc00000, 0x000000070de00000|  0%| F|  |TAMS 0x000000070dc00000| PB 0x000000070dc00000| Untracked 
|  87|0x000000070de00000, 0x000000070de00000, 0x000000070e000000|  0%| F|  |TAMS 0x000000070de00000| PB 0x000000070de00000| Untracked 
|  88|0x000000070e000000, 0x000000070e000000, 0x000000070e200000|  0%| F|  |TAMS 0x000000070e000000| PB 0x000000070e000000| Untracked 
|  89|0x000000070e200000, 0x000000070e200000, 0x000000070e400000|  0%| F|  |TAMS 0x000000070e200000| PB 0x000000070e200000| Untracked 
|  90|0x000000070e400000, 0x000000070e400000, 0x000000070e600000|  0%| F|  |TAMS 0x000000070e400000| PB 0x000000070e400000| Untracked 
|  91|0x000000070e600000, 0x000000070e600000, 0x000000070e800000|  0%| F|  |TAMS 0x000000070e600000| PB 0x000000070e600000| Untracked 
|  92|0x000000070e800000, 0x000000070e800000, 0x000000070ea00000|  0%| F|  |TAMS 0x000000070e800000| PB 0x000000070e800000| Untracked 
|  93|0x000000070ea00000, 0x000000070ea00000, 0x000000070ec00000|  0%| F|  |TAMS 0x000000070ea00000| PB 0x000000070ea00000| Untracked 
|  94|0x000000070ec00000, 0x000000070ec00000, 0x000000070ee00000|  0%| F|  |TAMS 0x000000070ec00000| PB 0x000000070ec00000| Untracked 
|  95|0x000000070ee00000, 0x000000070ee00000, 0x000000070f000000|  0%| F|  |TAMS 0x000000070ee00000| PB 0x000000070ee00000| Untracked 
|  96|0x000000070f000000, 0x000000070f000000, 0x000000070f200000|  0%| F|  |TAMS 0x000000070f000000| PB 0x000000070f000000| Untracked 
|  97|0x000000070f200000, 0x000000070f200000, 0x000000070f400000|  0%| F|  |TAMS 0x000000070f200000| PB 0x000000070f200000| Untracked 
|  98|0x000000070f400000, 0x000000070f400000, 0x000000070f600000|  0%| F|  |TAMS 0x000000070f400000| PB 0x000000070f400000| Untracked 
|  99|0x000000070f600000, 0x000000070f600000, 0x000000070f800000|  0%| F|  |TAMS 0x000000070f600000| PB 0x000000070f600000| Untracked 
| 100|0x000000070f800000, 0x000000070f800000, 0x000000070fa00000|  0%| F|  |TAMS 0x000000070f800000| PB 0x000000070f800000| Untracked 
| 101|0x000000070fa00000, 0x000000070fa00000, 0x000000070fc00000|  0%| F|  |TAMS 0x000000070fa00000| PB 0x000000070fa00000| Untracked 
| 102|0x000000070fc00000, 0x000000070fc00000, 0x000000070fe00000|  0%| F|  |TAMS 0x000000070fc00000| PB 0x000000070fc00000| Untracked 
| 103|0x000000070fe00000, 0x000000070fe00000, 0x0000000710000000|  0%| F|  |TAMS 0x000000070fe00000| PB 0x000000070fe00000| Untracked 
| 104|0x0000000710000000, 0x0000000710000000, 0x0000000710200000|  0%| F|  |TAMS 0x0000000710000000| PB 0x0000000710000000| Untracked 
| 105|0x0000000710200000, 0x0000000710200000, 0x0000000710400000|  0%| F|  |TAMS 0x0000000710200000| PB 0x0000000710200000| Untracked 
| 106|0x0000000710400000, 0x0000000710400000, 0x0000000710600000|  0%| F|  |TAMS 0x0000000710400000| PB 0x0000000710400000| Untracked 
| 107|0x0000000710600000, 0x0000000710600000, 0x0000000710800000|  0%| F|  |TAMS 0x0000000710600000| PB 0x0000000710600000| Untracked 
| 108|0x0000000710800000, 0x0000000710800000, 0x0000000710a00000|  0%| F|  |TAMS 0x0000000710800000| PB 0x0000000710800000| Untracked 
| 109|0x0000000710a00000, 0x0000000710a00000, 0x0000000710c00000|  0%| F|  |TAMS 0x0000000710a00000| PB 0x0000000710a00000| Untracked 
| 110|0x0000000710c00000, 0x0000000710c00000, 0x0000000710e00000|  0%| F|  |TAMS 0x0000000710c00000| PB 0x0000000710c00000| Untracked 
| 111|0x0000000710e00000, 0x0000000710e00000, 0x0000000711000000|  0%| F|  |TAMS 0x0000000710e00000| PB 0x0000000710e00000| Untracked 
| 112|0x0000000711000000, 0x0000000711000000, 0x0000000711200000|  0%| F|  |TAMS 0x0000000711000000| PB 0x0000000711000000| Untracked 
| 113|0x0000000711200000, 0x0000000711200000, 0x0000000711400000|  0%| F|  |TAMS 0x0000000711200000| PB 0x0000000711200000| Untracked 
| 114|0x0000000711400000, 0x0000000711400000, 0x0000000711600000|  0%| F|  |TAMS 0x0000000711400000| PB 0x0000000711400000| Untracked 
| 115|0x0000000711600000, 0x0000000711600000, 0x0000000711800000|  0%| F|  |TAMS 0x0000000711600000| PB 0x0000000711600000| Untracked 
| 116|0x0000000711800000, 0x0000000711800000, 0x0000000711a00000|  0%| F|  |TAMS 0x0000000711800000| PB 0x0000000711800000| Untracked 
| 117|0x0000000711a00000, 0x0000000711a00000, 0x0000000711c00000|  0%| F|  |TAMS 0x0000000711a00000| PB 0x0000000711a00000| Untracked 
| 118|0x0000000711c00000, 0x0000000711ce73d0, 0x0000000711e00000| 45%| E|  |TAMS 0x0000000711c00000| PB 0x0000000711c00000| Complete 
| 119|0x0000000711e00000, 0x0000000712000000, 0x0000000712000000|100%| E|CS|TAMS 0x0000000711e00000| PB 0x0000000711e00000| Complete 
| 120|0x0000000712000000, 0x0000000712200000, 0x0000000712200000|100%| E|CS|TAMS 0x0000000712000000| PB 0x0000000712000000| Complete 
| 121|0x0000000712200000, 0x0000000712400000, 0x0000000712400000|100%| E|CS|TAMS 0x0000000712200000| PB 0x0000000712200000| Complete 
| 122|0x0000000712400000, 0x0000000712600000, 0x0000000712600000|100%| E|CS|TAMS 0x0000000712400000| PB 0x0000000712400000| Complete 
| 123|0x0000000712600000, 0x0000000712800000, 0x0000000712800000|100%| E|CS|TAMS 0x0000000712600000| PB 0x0000000712600000| Complete 
| 124|0x0000000712800000, 0x0000000712a00000, 0x0000000712a00000|100%| E|CS|TAMS 0x0000000712800000| PB 0x0000000712800000| Complete 
| 125|0x0000000712a00000, 0x0000000712c00000, 0x0000000712c00000|100%| E|CS|TAMS 0x0000000712a00000| PB 0x0000000712a00000| Complete 
| 126|0x0000000712c00000, 0x0000000712e00000, 0x0000000712e00000|100%| E|CS|TAMS 0x0000000712c00000| PB 0x0000000712c00000| Complete 

Card table byte_map: [0x0000021a3a9e0000,0x0000021a3b1d0000] _byte_map_base: 0x0000021a371c8000

Marking Bits: (CMBitMap*) 0x0000021a26554740
 Bits: [0x0000021a3b1d0000, 0x0000021a3f110000)

Polling page: 0x0000021a265b0000

Metaspace:

Usage:
  Non-class:      2.99 MB used.
      Class:    424.86 KB used.
       Both:      3.40 MB used.

Virtual space:
  Non-class space:       64.00 MB reserved,       3.12 MB (  5%) committed,  1 nodes.
      Class space:        1.00 GB reserved,     512.00 KB ( <1%) committed,  1 nodes.
             Both:        1.06 GB reserved,       3.62 MB ( <1%) committed. 

Chunk freelists:
   Non-Class:  10.17 MB
       Class:  15.38 MB
        Both:  25.56 MB

MaxMetaspaceSize: unlimited
CompressedClassSpaceSize: 1.00 GB
Initial GC threshold: 21.00 MB
Current GC threshold: 21.00 MB
CDS: on
 - commit_granule_bytes: 65536.
 - commit_granule_words: 8192.
 - virtual_space_node_default_size: 8388608.
 - enlarge_chunks_in_place: 1.
 - use_allocation_guard: 0.


Internal statistics:

num_allocs_failed_limit: 0.
num_arena_births: 194.
num_arena_deaths: 0.
num_vsnodes_births: 2.
num_vsnodes_deaths: 0.
num_space_committed: 58.
num_space_uncommitted: 0.
num_chunks_returned_to_freelist: 0.
num_chunks_taken_from_freelist: 365.
num_chunk_merges: 0.
num_chunk_splits: 202.
num_chunks_enlarged: 85.
num_inconsistent_stats: 0.

CodeHeap 'non-profiled nmethods': size=120000Kb used=409Kb max_used=409Kb free=119590Kb
 bounds [0x0000021a32030000, 0x0000021a322a0000, 0x0000021a39560000]
CodeHeap 'profiled nmethods': size=120000Kb used=1853Kb max_used=1853Kb free=118146Kb
 bounds [0x0000021a2a560000, 0x0000021a2a7d0000, 0x0000021a31a90000]
CodeHeap 'non-nmethods': size=5760Kb used=1436Kb max_used=1460Kb free=4323Kb
 bounds [0x0000021a31a90000, 0x0000021a31d00000, 0x0000021a32030000]
CodeCache: size=245760Kb, used=3698Kb, max_used=3722Kb, free=242059Kb
 total_blobs=1712, nmethods=1193, adapters=424, full_count=0
Compilation: enabled, stopped_count=0, restarted_count=0

Compilation events (20 events):
Event: 0.718 Thread 0x0000021a887e2d80 nmethod 1087 0x0000021a3208ce90 code [0x0000021a3208d040, 0x0000021a3208d598]
Event: 0.719 Thread 0x0000021a887e2d80 1101       4       sun.security.ec.ECOperations$PointMultiplier::lookup (84 bytes)
Event: 0.725 Thread 0x0000021a887dd810 nmethod 1092 0x0000021a3208d710 code [0x0000021a3208d900, 0x0000021a3208e2c0]
Event: 0.725 Thread 0x0000021a887dd810 1102       4       sun.security.util.math.intpoly.IntegerPolynomial$MutableElement::setAdditiveInverse (32 bytes)
Event: 0.727 Thread 0x0000021a887dd810 nmethod 1102 0x0000021a3208e790 code [0x0000021a3208e920, 0x0000021a3208eb08]
Event: 0.728 Thread 0x0000021a415ad860 1103       3       sun.security.ec.ECOperations$PointMultiplier$Secp256R1GeneratorMultiplier::bit (13 bytes)
Event: 0.728 Thread 0x0000021a415ad860 nmethod 1103 0x0000021a2a6fed90 code [0x0000021a2a6fef20, 0x0000021a2a6ff048]
Event: 0.729 Thread 0x0000021a415ad860 1104       3       java.nio.HeapByteBuffer::get (14 bytes)
Event: 0.729 Thread 0x0000021a415ad860 nmethod 1104 0x0000021a2a6ff110 code [0x0000021a2a6ff2e0, 0x0000021a2a6ff5b8]
Event: 0.729 Thread 0x0000021a415ad860 1105       3       java.nio.Buffer::nextGetIndex (30 bytes)
Event: 0.729 Thread 0x0000021a415ad860 nmethod 1105 0x0000021a2a6ff790 code [0x0000021a2a6ff940, 0x0000021a2a6ffb10]
Event: 0.729 Thread 0x0000021a415ad860 1106       3       java.util.LinkedList$ListItr::hasNext (20 bytes)
Event: 0.729 Thread 0x0000021a415ad860 nmethod 1106 0x0000021a2a6ffc10 code [0x0000021a2a6ffdc0, 0x0000021a2a6fff30]
Event: 0.729 Thread 0x0000021a415ad860 1107       3       java.lang.Enum::hashCode (21 bytes)
Event: 0.729 Thread 0x0000021a415ad860 nmethod 1107 0x0000021a2a700010 code [0x0000021a2a7001c0, 0x0000021a2a700348]
Event: 0.729 Thread 0x0000021a415ad860 1109       3       jdk.internal.ref.CleanerFactory::cleaner (4 bytes)
Event: 0.730 Thread 0x0000021a415ad860 nmethod 1109 0x0000021a2a700410 code [0x0000021a2a7005a0, 0x0000021a2a700698]
Event: 0.730 Thread 0x0000021a415ad860 1110   !   3       jdk.internal.ref.PhantomCleanable::insert (53 bytes)
Event: 0.731 Thread 0x0000021a415ad860 nmethod 1110 0x0000021a2a700710 code [0x0000021a2a7008c0, 0x0000021a2a700c78]
Event: 0.732 Thread 0x0000021a887e2d80 nmethod 1101 0x0000021a3208f090 code [0x0000021a3208f280, 0x0000021a3208fde8]

GC Heap History (0 events):
No events

Dll operation events (2 events):
Event: 0.090 Loaded shared library D:\springGroup\springboot\utility\ideaIC-2025.2.4.win\jbr\bin\java.dll
Event: 0.161 Loaded shared library D:\springGroup\springboot\utility\ideaIC-2025.2.4.win\jbr\bin\zip.dll

Deoptimization events (16 events):
Event: 0.451 Thread 0x0000021a24ab7c90 Uncommon trap: trap_request=0xffffff45 fr.pc=0x0000021a3204429c relative=0x000000000000007c
Event: 0.451 Thread 0x0000021a24ab7c90 Uncommon trap: reason=unstable_if action=reinterpret pc=0x0000021a3204429c method=java.lang.CharacterDataLatin1.toLowerCase(I)I @ 16 c2
Event: 0.451 Thread 0x0000021a24ab7c90 DEOPT PACKING pc=0x0000021a3204429c sp=0x00000074b8afad30
Event: 0.451 Thread 0x0000021a24ab7c90 DEOPT UNPACKING pc=0x0000021a31ae46a2 sp=0x00000074b8afacc0 mode 2
Event: 0.485 Thread 0x0000021a24ab7c90 DEOPT PACKING pc=0x0000021a2a596d87 sp=0x00000074b8afdaf0
Event: 0.485 Thread 0x0000021a24ab7c90 DEOPT UNPACKING pc=0x0000021a31ae4e42 sp=0x00000074b8afcf88 mode 0
Event: 0.486 Thread 0x0000021a24ab7c90 DEOPT PACKING pc=0x0000021a2a596d87 sp=0x00000074b8afdaf0
Event: 0.487 Thread 0x0000021a24ab7c90 DEOPT UNPACKING pc=0x0000021a31ae4e42 sp=0x00000074b8afcf88 mode 0
Event: 0.636 Thread 0x0000021a24ab7c90 DEOPT PACKING pc=0x0000021a2a5799cc sp=0x00000074b8afe4a0
Event: 0.636 Thread 0x0000021a24ab7c90 DEOPT UNPACKING pc=0x0000021a31ae4e42 sp=0x00000074b8afd8c0 mode 0
Event: 0.652 Thread 0x0000021a24ab7c90 DEOPT PACKING pc=0x0000021a2a57754c sp=0x00000074b8afccb0
Event: 0.652 Thread 0x0000021a24ab7c90 DEOPT UNPACKING pc=0x0000021a31ae4e42 sp=0x00000074b8afc118 mode 0
Event: 0.665 Thread 0x0000021a88767f60 Uncommon trap: trap_request=0xffffff45 fr.pc=0x0000021a320570e8 relative=0x00000000000002e8
Event: 0.665 Thread 0x0000021a88767f60 Uncommon trap: reason=unstable_if action=reinterpret pc=0x0000021a320570e8 method=java.lang.invoke.VarHandle.checkAccessModeThenIsDirect(Ljava/lang/invoke/VarHandle$AccessDescriptor;)Z @ 4 c2
Event: 0.665 Thread 0x0000021a88767f60 DEOPT PACKING pc=0x0000021a320570e8 sp=0x00000074b9cfef40
Event: 0.665 Thread 0x0000021a88767f60 DEOPT UNPACKING pc=0x0000021a31ae46a2 sp=0x00000074b9cfeeb8 mode 2

Classes loaded (20 events):
Event: 0.607 Loading class jdk/net/ExtendedSocketOptions$2
Event: 0.607 Loading class jdk/net/ExtendedSocketOptions$2 done
Event: 0.607 Loading class jdk/net/WindowsSocketOptions
Event: 0.608 Loading class jdk/net/WindowsSocketOptions done
Event: 0.631 Loading class jdk/net/ExtendedSocketOptions$1
Event: 0.631 Loading class jdk/net/ExtendedSocketOptions$1 done
Event: 0.633 Loading class java/nio/BufferMismatch
Event: 0.633 Loading class java/nio/BufferMismatch done
Event: 0.633 Loading class sun/nio/ch/SourceChannelImpl
Event: 0.633 Loading class java/nio/channels/Pipe$SourceChannel
Event: 0.633 Loading class java/nio/channels/Pipe$SourceChannel done
Event: 0.633 Loading class sun/nio/ch/SourceChannelImpl done
Event: 0.633 Loading class sun/nio/ch/SinkChannelImpl
Event: 0.633 Loading class java/nio/channels/Pipe$SinkChannel
Event: 0.633 Loading class java/nio/channels/Pipe$SinkChannel done
Event: 0.633 Loading class sun/nio/ch/SinkChannelImpl done
Event: 0.640 Loading class sun/net/spi/DefaultProxySelector$NonProxyInfo
Event: 0.640 Loading class sun/net/spi/DefaultProxySelector$NonProxyInfo done
Event: 0.640 Loading class sun/net/spi/DefaultProxySelector$3
Event: 0.640 Loading class sun/net/spi/DefaultProxySelector$3 done

Classes unloaded (0 events):
No events

Classes redefined (0 events):
No events

Internal exceptions (19 events):
Event: 0.450 Thread 0x0000021a24ab7c90 Exception <a 'sun/nio/fs/WindowsException'{0x000000071284b188}> (0x000000071284b188) 
thrown [s\src\hotspot\share\prims\jni.cpp, line 537]
Event: 0.490 Thread 0x0000021a24ab7c90 Exception <a 'java/lang/NoSuchMethodError'{0x00000007129eae58}: 'java.lang.Object java.lang.invoke.DirectMethodHandle$Holder.invokeStaticInit(java.lang.Object, java.lang.Object, int, int, int, int)'> (0x00000007129eae58) 
thrown [s\src\hotspot\share\interpreter\linkResolver.cpp, line 784]
Event: 0.501 Thread 0x0000021a24ab7c90 Exception <a 'java/lang/NoSuchMethodError'{0x00000007126acf78}: 'java.lang.Object java.lang.invoke.DirectMethodHandle$Holder.invokeStaticInit(java.lang.Object, java.lang.Object, int)'> (0x00000007126acf78) 
thrown [s\src\hotspot\share\interpreter\linkResolver.cpp, line 784]
Event: 0.502 Thread 0x0000021a24ab7c90 Exception <a 'java/lang/NoSuchMethodError'{0x00000007126b2e80}: 'java.lang.Object java.lang.invoke.DirectMethodHandle$Holder.newInvokeSpecial(java.lang.Object, java.lang.Object, int)'> (0x00000007126b2e80) 
thrown [s\src\hotspot\share\interpreter\linkResolver.cpp, line 784]
Event: 0.504 Thread 0x0000021a24ab7c90 Exception <a 'java/lang/NoSuchMethodError'{0x00000007126c8a18}: 'int java.lang.invoke.DirectMethodHandle$Holder.invokeSpecialIFC(java.lang.Object, java.lang.Object, java.lang.Object)'> (0x00000007126c8a18) 
thrown [s\src\hotspot\share\interpreter\linkResolver.cpp, line 784]
Event: 0.511 Thread 0x0000021a24ab7c90 Exception <a 'java/lang/NoSuchMethodError'{0x0000000712700a38}: 'java.lang.Object java.lang.invoke.Invokers$Holder.invoke_MT(java.lang.Object, java.lang.Object, java.lang.Object, java.lang.Object, java.lang.Object, java.lang.Object, java.lang.Object, java.lang.Object, java.lang.Object, java.lang.Object)'> (0x0000000712700a38) 
thrown [s\src\hotspot\share\interpreter\linkResolver.cpp, line 784]
Event: 0.517 Thread 0x0000021a24ab7c90 Exception <a 'java/lang/NoSuchMethodError'{0x0000000712740430}: 'int java.lang.invoke.DirectMethodHandle$Holder.invokeSpecial(java.lang.Object, java.lang.Object, java.lang.Object, java.lang.Object)'> (0x0000000712740430) 
thrown [s\src\hotspot\share\interpreter\linkResolver.cpp, line 784]
Event: 0.519 Thread 0x0000021a24ab7c90 Exception <a 'java/lang/NoSuchMethodError'{0x0000000712755760}: 'java.lang.Object java.lang.invoke.DirectMethodHandle$Holder.invokeSpecial(java.lang.Object, java.lang.Object, int, java.lang.Object, java.lang.Object)'> (0x0000000712755760) 
thrown [s\src\hotspot\share\interpreter\linkResolver.cpp, line 784]
Event: 0.519 Thread 0x0000021a24ab7c90 Exception <a 'java/lang/NoSuchMethodError'{0x00000007127593f8}: 'java.lang.Object java.lang.invoke.DelegatingMethodHandle$Holder.delegate(java.lang.Object, int, java.lang.Object, java.lang.Object)'> (0x00000007127593f8) 
thrown [s\src\hotspot\share\interpreter\linkResolver.cpp, line 784]
Event: 0.520 Thread 0x0000021a24ab7c90 Exception <a 'java/lang/NoSuchMethodError'{0x0000000712768c60}: 'int java.lang.invoke.Invokers$Holder.linkToTargetMethod(java.lang.Object, java.lang.Object, java.lang.Object)'> (0x0000000712768c60) 
thrown [s\src\hotspot\share\interpreter\linkResolver.cpp, line 784]
Event: 0.523 Thread 0x0000021a24ab7c90 Exception <a 'java/lang/NoSuchMethodError'{0x000000071279a918}: 'long java.lang.invoke.DirectMethodHandle$Holder.invokeSpecial(java.lang.Object, java.lang.Object)'> (0x000000071279a918) 
thrown [s\src\hotspot\share\interpreter\linkResolver.cpp, line 784]
Event: 0.523 Thread 0x0000021a24ab7c90 Exception <a 'java/lang/NoSuchMethodError'{0x00000007127a1668}: 'java.lang.Object java.lang.invoke.Invokers$Holder.invokeExact_MT(java.lang.Object, java.lang.Object, java.lang.Object, java.lang.Object, java.lang.Object, java.lang.Object)'> (0x00000007127a1668) 
thrown [s\src\hotspot\share\interpreter\linkResolver.cpp, line 784]
Event: 0.638 Thread 0x0000021a24ab7c90 Exception <a 'java/lang/NoSuchMethodError'{0x00000007125f4030}: 'java.lang.Object java.lang.invoke.DirectMethodHandle$Holder.newInvokeSpecial(java.lang.Object, java.lang.Object, java.lang.Object, java.lang.Object, java.lang.Object)'> (0x00000007125f4030) 
thrown [s\src\hotspot\share\interpreter\linkResolver.cpp, line 784]
Event: 0.655 Thread 0x0000021a24ab7c90 Exception <a 'java/lang/NoSuchMethodError'{0x00000007123827f0}: 'java.lang.Object java.lang.invoke.DirectMethodHandle$Holder.invokeSpecial(java.lang.Object, java.lang.Object, java.lang.Object, java.lang.Object, int)'> (0x00000007123827f0) 
thrown [s\src\hotspot\share\interpreter\linkResolver.cpp, line 784]
Event: 0.656 Thread 0x0000021a24ab7c90 Exception <a 'java/lang/NoSuchMethodError'{0x0000000712386158}: 'java.lang.Object java.lang.invoke.Invokers$Holder.linkToTargetMethod(java.lang.Object, java.lang.Object, int, java.lang.Object)'> (0x0000000712386158) 
thrown [s\src\hotspot\share\interpreter\linkResolver.cpp, line 784]
Event: 0.658 Thread 0x0000021a24ab7c90 Exception <a 'java/lang/NoSuchMethodError'{0x00000007123b46f8}: 'void java.lang.invoke.DirectMethodHandle$Holder.invokeSpecial(java.lang.Object, java.lang.Object, java.lang.Object)'> (0x00000007123b46f8) 
thrown [s\src\hotspot\share\interpreter\linkResolver.cpp, line 784]
Event: 0.666 Thread 0x0000021a88767f60 Exception <a 'java/lang/NoSuchMethodError'{0x0000000712574a10}: 'void java.lang.invoke.DirectMethodHandle$Holder.invokeStatic(java.lang.Object, java.lang.Object, int)'> (0x0000000712574a10) 
thrown [s\src\hotspot\share\interpreter\linkResolver.cpp, line 784]
Event: 0.666 Thread 0x0000021a24ab7c90 Exception <a 'java/lang/NoSuchMethodError'{0x0000000712044548}: 'void java.lang.invoke.DirectMethodHandle$Holder.invokeSpecial(java.lang.Object, java.lang.Object, java.lang.Object, java.lang.Object, java.lang.Object)'> (0x0000000712044548) 
thrown [s\src\hotspot\share\interpreter\linkResolver.cpp, line 784]
Event: 0.671 Thread 0x0000021a88820ec0 Exception <a 'java/lang/NoSuchMethodError'{0x0000000712094bf8}: 'void java.lang.invoke.DirectMethodHandle$Holder.invokeInterface(java.lang.Object, java.lang.Object, java.lang.Object)'> (0x0000000712094bf8) 
thrown [s\src\hotspot\share\interpreter\linkResolver.cpp, line 784]

ZGC Phase Switch (0 events):
No events

VM Operations (6 events):
Event: 0.390 Executing VM operation: HandshakeAllThreads (Deoptimize)
Event: 0.390 Executing VM operation: HandshakeAllThreads (Deoptimize) done
Event: 0.479 Executing VM operation: HandshakeAllThreads (Deoptimize)
Event: 0.479 Executing VM operation: HandshakeAllThreads (Deoptimize) done
Event: 0.667 Executing VM operation: HandshakeAllThreads (Deoptimize)
Event: 0.667 Executing VM operation: HandshakeAllThreads (Deoptimize) done

Memory protections (0 events):
No events

Nmethod flushes (0 events):
No events

Events (20 events):
Event: 0.169 Thread 0x0000021a24ab7c90 Thread added: 0x0000021a88009090
Event: 0.169 Thread 0x0000021a24ab7c90 Thread added: 0x0000021a88009af0
Event: 0.169 Thread 0x0000021a24ab7c90 Thread added: 0x0000021a88012a30
Event: 0.169 Thread 0x0000021a24ab7c90 Thread added: 0x0000021a88013490
Event: 0.169 Thread 0x0000021a24ab7c90 Thread added: 0x0000021a415a9100
Event: 0.169 Thread 0x0000021a24ab7c90 Thread added: 0x0000021a415a9ef0
Event: 0.169 Thread 0x0000021a24ab7c90 Thread added: 0x0000021a415acc90
Event: 0.169 Thread 0x0000021a24ab7c90 Thread added: 0x0000021a415ad860
Event: 0.178 Thread 0x0000021a24ab7c90 Thread added: 0x0000021a88143760
Event: 0.205 Loaded shared library D:\springGroup\springboot\utility\ideaIC-2025.2.4.win\jbr\bin\net.dll
Event: 0.231 Loaded shared library D:\springGroup\springboot\utility\ideaIC-2025.2.4.win\jbr\bin\nio.dll
Event: 0.309 Loaded shared library D:\springGroup\springboot\utility\ideaIC-2025.2.4.win\jbr\bin\zip.dll
Event: 0.428 Loaded shared library D:\springGroup\springboot\utility\ideaIC-2025.2.4.win\jbr\bin\jimage.dll
Event: 0.586 Loaded shared library D:\springGroup\springboot\utility\ideaIC-2025.2.4.win\jbr\bin\sunmscapi.dll
Event: 0.631 Loaded shared library D:\springGroup\springboot\utility\ideaIC-2025.2.4.win\jbr\bin\extnet.dll
Event: 0.635 Thread 0x0000021a24ab7c90 Thread added: 0x0000021a88767f60
Event: 0.670 Thread 0x0000021a88767f60 Thread added: 0x0000021a88820ec0
Event: 0.679 Thread 0x0000021a88767f60 Thread added: 0x0000021a88930670
Event: 0.697 Thread 0x0000021a415ad860 Thread added: 0x0000021a887e2d80
Event: 0.697 Thread 0x0000021a415ad860 Thread added: 0x0000021a887dd810


Dynamic libraries:
0x00007ff62b640000 - 0x00007ff62b64a000 	D:\springGroup\springboot\utility\ideaIC-2025.2.4.win\jbr\bin\java.exe
0x00007ffa3ea00000 - 0x00007ffa3ec68000 	C:\WINDOWS\SYSTEM32\ntdll.dll
0x00007ffa3d5c0000 - 0x00007ffa3d689000 	C:\WINDOWS\System32\KERNEL32.DLL
0x00007ffa3bf00000 - 0x00007ffa3c2f2000 	C:\WINDOWS\System32\KERNELBASE.dll
0x00007ffa3bb90000 - 0x00007ffa3bcdb000 	C:\WINDOWS\System32\ucrtbase.dll
0x00007ffa1e240000 - 0x00007ffa1e258000 	D:\springGroup\springboot\utility\ideaIC-2025.2.4.win\jbr\bin\jli.dll
0x00007ffa3e6a0000 - 0x00007ffa3e865000 	C:\WINDOWS\System32\USER32.dll
0x00007ffa3bed0000 - 0x00007ffa3bef7000 	C:\WINDOWS\System32\win32u.dll
0x00007ffa28170000 - 0x00007ffa28403000 	C:\WINDOWS\WinSxS\amd64_microsoft.windows.common-controls_6595b64144ccf1df_6.0.26100.6899_none_3e0efeeae32e88c1\COMCTL32.dll
0x00007ffa3ddd0000 - 0x00007ffa3ddfb000 	C:\WINDOWS\System32\GDI32.dll
0x00007ffa3d450000 - 0x00007ffa3d4f9000 	C:\WINDOWS\System32\msvcrt.dll
0x00007ffa3bda0000 - 0x00007ffa3becd000 	C:\WINDOWS\System32\gdi32full.dll
0x00007ffa3c5a0000 - 0x00007ffa3c643000 	C:\WINDOWS\System32\msvcp_win.dll
0x00007ffa36310000 - 0x00007ffa3632b000 	D:\springGroup\springboot\utility\ideaIC-2025.2.4.win\jbr\bin\VCRUNTIME140.dll
0x00007ffa3c940000 - 0x00007ffa3c96f000 	C:\WINDOWS\System32\IMM32.DLL
0x00007ffa38be0000 - 0x00007ffa38bec000 	D:\springGroup\springboot\utility\ideaIC-2025.2.4.win\jbr\bin\vcruntime140_1.dll
0x00007ffa16df0000 - 0x00007ffa16e7d000 	D:\springGroup\springboot\utility\ideaIC-2025.2.4.win\jbr\bin\msvcp140.dll
0x00007ff9cc0c0000 - 0x00007ff9cce8b000 	D:\springGroup\springboot\utility\ideaIC-2025.2.4.win\jbr\bin\server\jvm.dll
0x00007ffa3de00000 - 0x00007ffa3deb4000 	C:\WINDOWS\System32\ADVAPI32.dll
0x00007ffa3dc90000 - 0x00007ffa3dd36000 	C:\WINDOWS\System32\sechost.dll
0x00007ffa3c800000 - 0x00007ffa3c918000 	C:\WINDOWS\System32\RPCRT4.dll
0x00007ffa3d230000 - 0x00007ffa3d2a4000 	C:\WINDOWS\System32\WS2_32.dll
0x00007ffa3b590000 - 0x00007ffa3b5ee000 	C:\WINDOWS\SYSTEM32\POWRPROF.dll
0x00007ffa2ca90000 - 0x00007ffa2cac5000 	C:\WINDOWS\SYSTEM32\WINMM.dll
0x00007ffa35600000 - 0x00007ffa3560b000 	C:\WINDOWS\SYSTEM32\VERSION.dll
0x00007ffa3b470000 - 0x00007ffa3b484000 	C:\WINDOWS\SYSTEM32\UMPDC.dll
0x00007ffa3a960000 - 0x00007ffa3a97b000 	C:\WINDOWS\SYSTEM32\kernel.appcore.dll
0x00007ffa382d0000 - 0x00007ffa382da000 	D:\springGroup\springboot\utility\ideaIC-2025.2.4.win\jbr\bin\jimage.dll
0x00007ffa2a8a0000 - 0x00007ffa2aae2000 	C:\WINDOWS\SYSTEM32\DBGHELP.DLL
0x00007ffa3d690000 - 0x00007ffa3da0b000 	C:\WINDOWS\System32\combase.dll
0x00007ffa3dbb0000 - 0x00007ffa3dc87000 	C:\WINDOWS\System32\OLEAUT32.dll
0x00007ffa26550000 - 0x00007ffa2658c000 	C:\WINDOWS\SYSTEM32\dbgcore.DLL
0x00007ffa3c300000 - 0x00007ffa3c398000 	C:\WINDOWS\System32\bcryptPrimitives.dll
0x00007ffa362f0000 - 0x00007ffa36310000 	D:\springGroup\springboot\utility\ideaIC-2025.2.4.win\jbr\bin\java.dll
0x00007ffa3cae0000 - 0x00007ffa3d22d000 	C:\WINDOWS\System32\SHELL32.dll
0x00007ffa3c3a0000 - 0x00007ffa3c50b000 	C:\WINDOWS\System32\wintypes.dll
0x00007ffa39820000 - 0x00007ffa3a07d000 	C:\WINDOWS\SYSTEM32\windows.storage.dll
0x00007ffa3e8c0000 - 0x00007ffa3e9b2000 	C:\WINDOWS\System32\SHCORE.dll
0x00007ffa3e630000 - 0x00007ffa3e692000 	C:\WINDOWS\System32\shlwapi.dll
0x00007ffa3ba80000 - 0x00007ffa3baa9000 	C:\WINDOWS\SYSTEM32\profapi.dll
0x00007ffa349f0000 - 0x00007ffa34a08000 	D:\springGroup\springboot\utility\ideaIC-2025.2.4.win\jbr\bin\zip.dll
0x00007ffa35ea0000 - 0x00007ffa35eb0000 	D:\springGroup\springboot\utility\ideaIC-2025.2.4.win\jbr\bin\net.dll
0x00007ffa35ba0000 - 0x00007ffa35cbf000 	C:\WINDOWS\SYSTEM32\WINHTTP.dll
0x00007ffa3aed0000 - 0x00007ffa3af3b000 	C:\WINDOWS\system32\mswsock.dll
0x00007ffa31830000 - 0x00007ffa31846000 	D:\springGroup\springboot\utility\ideaIC-2025.2.4.win\jbr\bin\nio.dll
0x00007ffa3b180000 - 0x00007ffa3b19b000 	C:\WINDOWS\SYSTEM32\CRYPTSP.dll
0x00007ffa3a8c0000 - 0x00007ffa3a8fb000 	C:\WINDOWS\system32\rsaenh.dll
0x00007ffa3af70000 - 0x00007ffa3af9b000 	C:\WINDOWS\SYSTEM32\USERENV.dll
0x00007ffa3bab0000 - 0x00007ffa3bad6000 	C:\WINDOWS\SYSTEM32\bcrypt.dll
0x00007ffa3b1a0000 - 0x00007ffa3b1ac000 	C:\WINDOWS\SYSTEM32\CRYPTBASE.dll
0x00007ffa3a380000 - 0x00007ffa3a3b4000 	C:\WINDOWS\SYSTEM32\IPHLPAPI.DLL
0x00007ffa3d2b0000 - 0x00007ffa3d2ba000 	C:\WINDOWS\System32\NSI.dll
0x00007ffa2ca10000 - 0x00007ffa2ca1e000 	D:\springGroup\springboot\utility\ideaIC-2025.2.4.win\jbr\bin\sunmscapi.dll
0x00007ffa3c650000 - 0x00007ffa3c7c7000 	C:\WINDOWS\System32\CRYPT32.dll
0x00007ffa3b410000 - 0x00007ffa3b440000 	C:\WINDOWS\SYSTEM32\ncrypt.dll
0x00007ffa3b3c0000 - 0x00007ffa3b3ff000 	C:\WINDOWS\SYSTEM32\NTASN1.dll
0x00007ff9f8260000 - 0x00007ff9f8268000 	C:\WINDOWS\system32\wshunix.dll
0x00007ffa2ca00000 - 0x00007ffa2ca09000 	D:\springGroup\springboot\utility\ideaIC-2025.2.4.win\jbr\bin\extnet.dll

JVMTI agents: none

dbghelp: loaded successfully - version: 4.0.5 - missing functions: none
symbol engine: initialized successfully - sym options: 0x614 - pdb path: .;D:\springGroup\springboot\utility\ideaIC-2025.2.4.win\jbr\bin;C:\WINDOWS\SYSTEM32;C:\WINDOWS\WinSxS\amd64_microsoft.windows.common-controls_6595b64144ccf1df_6.0.26100.6899_none_3e0efeeae32e88c1;D:\springGroup\springboot\utility\ideaIC-2025.2.4.win\jbr\bin\server

VM Arguments:
java_command: git4idea.http.GitAskPassApp Username for 'https://github.com': 
java_class_path (initial): D:/springGroup/springboot/utility/ideaIC-2025.2.4.win/plugins/vcs-git/lib/git4idea-rt.jar;D:/springGroup/springboot/utility/ideaIC-2025.2.4.win/lib/externalProcess-rt.jar
Launcher Type: SUN_STANDARD

[Global flags]
     intx CICompilerCount                          = 4                                         {product} {ergonomic}
     uint ConcGCThreads                            = 3                                         {product} {ergonomic}
     uint G1ConcRefinementThreads                  = 10                                        {product} {ergonomic}
   size_t G1HeapRegionSize                         = 2097152                                   {product} {ergonomic}
    uintx GCDrainStackTargetSize                   = 64                                        {product} {ergonomic}
   size_t InitialHeapSize                          = 266338304                                 {product} {ergonomic}
   size_t MarkStackSize                            = 4194304                                   {product} {ergonomic}
   size_t MaxHeapSize                              = 4244635648                                {product} {ergonomic}
   size_t MaxNewSize                               = 2545942528                                {product} {ergonomic}
   size_t MinHeapDeltaBytes                        = 2097152                                   {product} {ergonomic}
   size_t MinHeapSize                              = 8388608                                   {product} {ergonomic}
    uintx NonNMethodCodeHeapSize                   = 5839372                                {pd product} {ergonomic}
    uintx NonProfiledCodeHeapSize                  = 122909434                              {pd product} {ergonomic}
    uintx ProfiledCodeHeapSize                     = 122909434                              {pd product} {ergonomic}
    uintx ReservedCodeCacheSize                    = 251658240                              {pd product} {ergonomic}
     bool SegmentedCodeCache                       = true                                      {product} {ergonomic}
   size_t SoftMaxHeapSize                          = 4244635648                             {manageable} {ergonomic}
     bool UseCompressedOops                        = true                           {product lp64_product} {ergonomic}
     bool UseG1GC                                  = true                                      {product} {ergonomic}
     bool UseLargePagesIndividualAllocation        = false                                  {pd product} {ergonomic}

Logging:
Log output configuration:
 #0: stdout all=warning uptime,level,tags foldmultilines=false
 #1: stderr all=off uptime,level,tags foldmultilines=false

Environment Variables:
JAVA_HOME=C:\Program Files\Java\jdk-21
PATH=C:\Program Files\Git\mingw64\libexec\git-core;C:\Program Files\Git\mingw64\libexec\git-core;C:\Program Files\Git\mingw64\bin;C:\Program Files\Git\usr\bin;C:\Users\green\bin;C:\Program Files\Common Files\Oracle\Java\javapath;C:\WINDOWS\system32;C:\WINDOWS;C:\WINDOWS\System32\Wbem;C:\WINDOWS\System32\WindowsPowerShell\v1.0;C:\WINDOWS\System32\OpenSSH;C:\Program Files (x86)\Windows Kits\10\Windows Performance Toolkit;C:\Program Files\Git\cmd;C:\Program Files\Java\jdk-21\bin;C:\Users\green\AppData\Local\Microsoft\WindowsApps;C:\Program Files\Bandizip;C:\Users\green\AppData\Local\Programs\Microsoft VS Code\bin
USERNAME=green
DISPLAY=:0.0
LC_ALL=en_US.UTF-8
TERM=xterm-256color
TMPDIR=C:\Users\green\AppData\Local\Temp
OS=Windows_NT
PROCESSOR_IDENTIFIER=Intel64 Family 6 Model 158 Stepping 10, GenuineIntel
TMP=C:\Users\green\AppData\Local\Temp
TEMP=C:\Users\green\AppData\Local\Temp




Periodic native trim disabled

JNI global refs:
JNI global refs: 21, weak refs: 0

JNI global refs memory usage: 835, weak refs: 833

Process memory usage:
Resident Set Size: 93516K (0% of 16579476K total physical memory with 6662820K free physical memory)

OOME stack traces (most recent first):
Classloader memory used:
Loader jdk.internal.loader.ClassLoaders$PlatformClassLoader                            : 1928K
Loader bootstrap                                                                       : 1531K
Loader jdk.internal.loader.ClassLoaders$AppClassLoader                                 : 25744B

---------------  S Y S T E M  ---------------

OS:
 Windows 11 , 64 bit Build 26100 (10.0.26100.6725)
OS uptime: 22 days 4:48 hours

CPU: total 12 (initial active 12) (6 cores per cpu, 2 threads per core) family 6 model 158 stepping 10 microcode 0xde, cx8, cmov, fxsr, ht, mmx, 3dnowpref, sse, sse2, sse3, ssse3, sse4.1, sse4.2, popcnt, lzcnt, tsc, tscinvbit, avx, avx2, aes, erms, clmul, bmi1, bmi2, rtm, adx, fma, vzeroupper, clflush, clflushopt, rdtscp, f16c
Processor Information for the first 12 processors :
  Max Mhz: 3696, Current Mhz: 3696, Mhz Limit: 3696

Memory: 4k page, system-wide physical 16190M (6506M free)
TotalPageFile size 65342M (AvailPageFile size 54M)
current process WorkingSet (physical memory assigned to process): 91M, peak: 91M
current process commit charge ("private bytes"): 377M, peak: 379M

vm_info: OpenJDK 64-Bit Server VM (21.0.8+1-b1038.73) for windows-amd64 JRE (21.0.8+1-b1038.73), built on 2025-09-24 by "builduser" with MS VC++ 16.10 / 16.11 (VS2019)

END.
