#
# There is insufficient memory for the Java Runtime Environment to continue.
# Native memory allocation (malloc) failed to allocate 1066256 bytes for Chunk::new
# Possible reasons:
#   The system is out of physical RAM or swap space
#   The process is running with CompressedOops enabled, and the Java Heap may be blocking the growth of the native heap
# Possible solutions:
#   Reduce memory load on the system
#   Increase physical memory or swap space
#   Check if swap backing store is full
#   Decrease Java heap size (-Xmx/-Xms)
#   Decrease number of Java threads
#   Decrease Java thread stack sizes (-Xss)
#   Set larger code cache with -XX:ReservedCodeCacheSize=
#   JVM is running with Zero Based Compressed Oops mode in which the Java heap is
#     placed in the first 32GB address space. The Java Heap base address is the
#     maximum limit for the native heap growth. Please use -XX:HeapBaseMinAddress
#     to set the Java Heap base and to place the Java Heap above 32GB virtual address.
# This output file may be truncated or incomplete.
#
#  Out of Memory Error (arena.cpp:168), pid=9156, tid=15420
#
# JRE version: Java(TM) SE Runtime Environment (21.0.7+8) (build 21.0.7+8-LTS-245)
# Java VM: Java HotSpot(TM) 64-Bit Server VM (21.0.7+8-LTS-245, mixed mode, sharing, tiered, compressed oops, compressed class ptrs, g1 gc, windows-amd64)
# No core dump will be written. Minidumps are not enabled by default on client versions of Windows
#

---------------  S U M M A R Y ------------

Command Line: -Djava.net.preferIPv4Addresses=true -Djava.net.preferIPv4Stack=true -Dfile.encoding=UTF-8 -Duser.country=KR -Duser.language=ko -Duser.variant com.example.SpringGroupBB.SpringGroupBbApplication

Host: Intel(R) Core(TM) i7-8700K CPU @ 3.70GHz, 12 cores, 15G,  Windows 11 , 64 bit Build 26100 (10.0.26100.6725)
Time: Mon Nov 24 10:10:41 2025  Windows 11 , 64 bit Build 26100 (10.0.26100.6725) elapsed time: 973.357589 seconds (0d 0h 16m 13s)

---------------  T H R E A D  ---------------

Current thread (0x0000020475ccbb80):  JavaThread "C2 CompilerThread0" daemon [_thread_in_native, id=15420, stack(0x00000041bdc00000,0x00000041bdd00000) (1024K)]


Current CompileTask:
C2: 973357 15545       4       com.mysql.cj.jdbc.result.ResultSetFactory::createFromProtocolEntity (6 bytes)

Stack: [0x00000041bdc00000,0x00000041bdd00000]
Native frames: (J=compiled Java code, j=interpreted, Vv=VM code, C=native code)
V  [jvm.dll+0x6cae19]
V  [jvm.dll+0x855741]
V  [jvm.dll+0x857c6e]
V  [jvm.dll+0x858343]
V  [jvm.dll+0x27e0b6]
V  [jvm.dll+0xc4ecd]
V  [jvm.dll+0xc5403]
V  [jvm.dll+0x3b5752]
V  [jvm.dll+0x381e25]
V  [jvm.dll+0x38129a]
V  [jvm.dll+0x246b30]
V  [jvm.dll+0x24610f]
V  [jvm.dll+0x1c6efe]
V  [jvm.dll+0x255819]
V  [jvm.dll+0x253daa]
V  [jvm.dll+0x3eebb6]
V  [jvm.dll+0x7ffa1b]
V  [jvm.dll+0x6c94fd]
C  [ucrtbase.dll+0x37b0]
C  [KERNEL32.DLL+0x2e8d7]
C  [ntdll.dll+0x8c53c]


---------------  P R O C E S S  ---------------

Threads class SMR info:
_java_thread_list=0x000002047a2b9ba0, length=37, elements={
0x0000020475cbe960, 0x0000020475cbf5b0, 0x0000020475cc5700, 0x0000020475cc6150,
0x0000020475cc99b0, 0x0000020475cca290, 0x0000020475ccbb80, 0x0000020475cd71a0,
0x000002047a17cd90, 0x000002047a18d840, 0x000002047b261570, 0x000002047d41a810,
0x000002047d87ba40, 0x000002047d4410c0, 0x000002047d4b3f00, 0x000002047d4b4590,
0x000002047d4b3870, 0x000002047d4b6660, 0x000002047d4b52b0, 0x000002047d4b5fd0,
0x000002047d4b31e0, 0x000002047e9b4240, 0x000002047e9b2e90, 0x000002047e9b55f0,
0x000002047e9b3bb0, 0x000002047e9b48d0, 0x000002047e9b4f60, 0x000002047e9b5c80,
0x000002047e9b2800, 0x000002047e9b6310, 0x000002047e9b69a0, 0x000002047d0a4d50,
0x000002047d0a46c0, 0x000002047d0a6100, 0x000002047d0a5a70, 0x000002047d0a39a0,
0x000002047d0a7b40
}

Java Threads: ( => current thread )
  0x0000020475cbe960 JavaThread "Reference Handler"          daemon [_thread_blocked, id=4476, stack(0x00000041bd600000,0x00000041bd700000) (1024K)]
  0x0000020475cbf5b0 JavaThread "Finalizer"                  daemon [_thread_blocked, id=17888, stack(0x00000041bd700000,0x00000041bd800000) (1024K)]
  0x0000020475cc5700 JavaThread "Signal Dispatcher"          daemon [_thread_blocked, id=9012, stack(0x00000041bd800000,0x00000041bd900000) (1024K)]
  0x0000020475cc6150 JavaThread "Attach Listener"            daemon [_thread_blocked, id=6292, stack(0x00000041bd900000,0x00000041bda00000) (1024K)]
  0x0000020475cc99b0 JavaThread "Service Thread"             daemon [_thread_blocked, id=1048, stack(0x00000041bda00000,0x00000041bdb00000) (1024K)]
  0x0000020475cca290 JavaThread "Monitor Deflation Thread"   daemon [_thread_blocked, id=7324, stack(0x00000041bdb00000,0x00000041bdc00000) (1024K)]
=>0x0000020475ccbb80 JavaThread "C2 CompilerThread0"         daemon [_thread_in_native, id=15420, stack(0x00000041bdc00000,0x00000041bdd00000) (1024K)]
  0x0000020475cd71a0 JavaThread "C1 CompilerThread0"         daemon [_thread_blocked, id=1540, stack(0x00000041bdd00000,0x00000041bde00000) (1024K)]
  0x000002047a17cd90 JavaThread "Notification Thread"        daemon [_thread_blocked, id=16544, stack(0x00000041bde00000,0x00000041bdf00000) (1024K)]
  0x000002047a18d840 JavaThread "Common-Cleaner"             daemon [_thread_blocked, id=12692, stack(0x00000041bdf00000,0x00000041be000000) (1024K)]
  0x000002047b261570 JavaThread "logback-1"                  daemon [_thread_blocked, id=5988, stack(0x00000041bec00000,0x00000041bed00000) (1024K)]
  0x000002047d41a810 JavaThread "Catalina-utility-1"                [_thread_blocked, id=12712, stack(0x00000041bed00000,0x00000041bee00000) (1024K)]
  0x000002047d87ba40 JavaThread "Catalina-utility-2"                [_thread_blocked, id=6364, stack(0x00000041bf100000,0x00000041bf200000) (1024K)]
  0x000002047d4410c0 JavaThread "container-0"                       [_thread_blocked, id=11140, stack(0x00000041bf200000,0x00000041bf300000) (1024K)]
  0x000002047d4b3f00 JavaThread "mysql-cj-abandoned-connection-cleanup" daemon [_thread_blocked, id=4196, stack(0x00000041bf300000,0x00000041bf400000) (1024K)]
  0x000002047d4b4590 JavaThread "HikariPool-1:housekeeper"   daemon [_thread_blocked, id=12520, stack(0x00000041bf500000,0x00000041bf600000) (1024K)]
  0x000002047d4b3870 JavaThread "File Watcher"               daemon [_thread_blocked, id=10560, stack(0x00000041bf700000,0x00000041bf800000) (1024K)]
  0x000002047d4b6660 JavaThread "Live Reload Server"         daemon [_thread_in_native, id=11424, stack(0x00000041bf900000,0x00000041bfa00000) (1024K)]
  0x000002047d4b52b0 JavaThread "http-nio-9099-exec-1"       daemon [_thread_blocked, id=7904, stack(0x00000041bf800000,0x00000041bf900000) (1024K)]
  0x000002047d4b5fd0 JavaThread "http-nio-9099-exec-2"       daemon [_thread_blocked, id=376, stack(0x00000041bfa00000,0x00000041bfb00000) (1024K)]
  0x000002047d4b31e0 JavaThread "http-nio-9099-exec-3"       daemon [_thread_blocked, id=12024, stack(0x00000041bfb00000,0x00000041bfc00000) (1024K)]
  0x000002047e9b4240 JavaThread "http-nio-9099-exec-4"       daemon [_thread_blocked, id=5596, stack(0x00000041bfc00000,0x00000041bfd00000) (1024K)]
  0x000002047e9b2e90 JavaThread "http-nio-9099-exec-5"       daemon [_thread_blocked, id=13212, stack(0x00000041bfd00000,0x00000041bfe00000) (1024K)]
  0x000002047e9b55f0 JavaThread "http-nio-9099-exec-6"       daemon [_thread_blocked, id=13156, stack(0x00000041bfe00000,0x00000041bff00000) (1024K)]
  0x000002047e9b3bb0 JavaThread "http-nio-9099-exec-7"       daemon [_thread_blocked, id=10000, stack(0x00000041bff00000,0x00000041c0000000) (1024K)]
  0x000002047e9b48d0 JavaThread "http-nio-9099-exec-8"       daemon [_thread_blocked, id=2332, stack(0x00000041c0000000,0x00000041c0100000) (1024K)]
  0x000002047e9b4f60 JavaThread "http-nio-9099-exec-9"       daemon [_thread_blocked, id=16864, stack(0x00000041c0100000,0x00000041c0200000) (1024K)]
  0x000002047e9b5c80 JavaThread "http-nio-9099-exec-10"      daemon [_thread_in_native, id=10208, stack(0x00000041c0200000,0x00000041c0300000) (1024K)]
  0x000002047e9b2800 JavaThread "http-nio-9099-Poller"       daemon [_thread_in_native, id=12248, stack(0x00000041c0300000,0x00000041c0400000) (1024K)]
  0x000002047e9b6310 JavaThread "http-nio-9099-Acceptor"     daemon [_thread_in_native, id=17180, stack(0x00000041c0400000,0x00000041c0500000) (1024K)]
  0x000002047e9b69a0 JavaThread "DestroyJavaVM"                     [_thread_blocked, id=9360, stack(0x00000041bce00000,0x00000041bcf00000) (1024K)]
  0x000002047d0a4d50 JavaThread "logback-2"                  daemon [_thread_blocked, id=10376, stack(0x00000041bcb00000,0x00000041bcc00000) (1024K)]
  0x000002047d0a46c0 JavaThread "logback-3"                  daemon [_thread_blocked, id=18220, stack(0x00000041bcc00000,0x00000041bcd00000) (1024K)]
  0x000002047d0a6100 JavaThread "logback-4"                  daemon [_thread_blocked, id=10232, stack(0x00000041bcd00000,0x00000041bce00000) (1024K)]
  0x000002047d0a5a70 JavaThread "Thread-9"                   daemon [_thread_blocked, id=15208, stack(0x00000041be800000,0x00000041be900000) (1024K)]
  0x000002047d0a39a0 JavaThread "Thread-11"                  daemon [_thread_blocked, id=7564, stack(0x00000041be000000,0x00000041be100000) (1024K)]
  0x000002047d0a7b40 JavaThread "Keep-Alive-Timer"           daemon [_thread_blocked, id=10012, stack(0x00000041be100000,0x00000041be200000) (1024K)]
Total: 37

Other Threads:
  0x0000020475ca20c0 VMThread "VM Thread"                           [id=4908, stack(0x00000041bd500000,0x00000041bd600000) (1024K)]
  0x0000020475c8eea0 WatcherThread "VM Periodic Task Thread"        [id=12316, stack(0x00000041bd400000,0x00000041bd500000) (1024K)]
  0x00000204567c26b0 WorkerThread "GC Thread#0"                     [id=8304, stack(0x00000041bcf00000,0x00000041bd000000) (1024K)]
  0x000002047acf2a00 WorkerThread "GC Thread#1"                     [id=4976, stack(0x00000041be200000,0x00000041be300000) (1024K)]
  0x000002047ab79f40 WorkerThread "GC Thread#2"                     [id=16080, stack(0x00000041be300000,0x00000041be400000) (1024K)]
  0x000002047a7f4eb0 WorkerThread "GC Thread#3"                     [id=14544, stack(0x00000041be400000,0x00000041be500000) (1024K)]
  0x000002047ab3cd60 WorkerThread "GC Thread#4"                     [id=10796, stack(0x00000041be500000,0x00000041be600000) (1024K)]
  0x000002047a820170 WorkerThread "GC Thread#5"                     [id=11352, stack(0x00000041be600000,0x00000041be700000) (1024K)]
  0x000002047b18fea0 WorkerThread "GC Thread#6"                     [id=18948, stack(0x00000041be900000,0x00000041bea00000) (1024K)]
  0x000002047b25f000 WorkerThread "GC Thread#7"                     [id=8356, stack(0x00000041bea00000,0x00000041beb00000) (1024K)]
  0x000002047b25f3a0 WorkerThread "GC Thread#8"                     [id=4400, stack(0x00000041beb00000,0x00000041bec00000) (1024K)]
  0x000002047bf6a590 WorkerThread "GC Thread#9"                     [id=1028, stack(0x00000041bee00000,0x00000041bef00000) (1024K)]
  0x00000204567d5220 ConcurrentGCThread "G1 Main Marker"            [id=16784, stack(0x00000041bd000000,0x00000041bd100000) (1024K)]
  0x00000204567d64c0 WorkerThread "G1 Conc#0"                       [id=5396, stack(0x00000041bd100000,0x00000041bd200000) (1024K)]
  0x000002047bf69ab0 WorkerThread "G1 Conc#1"                       [id=5332, stack(0x00000041bef00000,0x00000041bf000000) (1024K)]
  0x000002047bf69e50 WorkerThread "G1 Conc#2"                       [id=9220, stack(0x00000041bf000000,0x00000041bf100000) (1024K)]
  0x0000020475b60250 ConcurrentGCThread "G1 Refine#0"               [id=7492, stack(0x00000041bd200000,0x00000041bd300000) (1024K)]
  0x0000020475b60dc0 ConcurrentGCThread "G1 Service"                [id=12620, stack(0x00000041bd300000,0x00000041bd400000) (1024K)]
Total: 18

Threads with active compile tasks:
C2 CompilerThread0   973416 15545       4       com.mysql.cj.jdbc.result.ResultSetFactory::createFromProtocolEntity (6 bytes)
Total: 1

VM state: not at safepoint (normal execution)

VM Mutex/Monitor currently owned by a thread: None

Heap address: 0x0000000703000000, size: 4048 MB, Compressed Oops mode: Zero based, Oop shift amount: 3

CDS archive(s) mapped at: [0x0000020400000000-0x0000020400c90000-0x0000020400c90000), size 13172736, SharedBaseAddress: 0x0000020400000000, ArchiveRelocationMode: 1.
Compressed class space mapped at: 0x0000020401000000-0x0000020441000000, reserved size: 1073741824
Narrow klass base: 0x0000020400000000, Narrow klass shift: 0, Narrow klass range: 0x100000000

GC Precious Log:
 CardTable entry size: 512
 Card Set container configuration: InlinePtr #cards 4 size 8 Array Of Cards #cards 16 size 48 Howl #buckets 8 coarsen threshold 3686 Howl Bitmap #cards 512 size 80 coarsen threshold 460 Card regions per heap region 1 cards per card region 4096
 CPUs: 12 total, 12 available
 Memory: 16190M
 Large Page Support: Disabled
 NUMA Support: Disabled
 Compressed Oops: Enabled (Zero based)
 Heap Region Size: 2M
 Heap Min Capacity: 8M
 Heap Initial Capacity: 254M
 Heap Max Capacity: 4048M
 Pre-touch: Disabled
 Parallel Workers: 10
 Concurrent Workers: 3
 Concurrent Refinement Workers: 10
 Periodic GC: Disabled

Heap:
 garbage-first heap   total 122880K, used 103514K [0x0000000703000000, 0x0000000800000000)
  region size 2048K, 27 young (55296K), 2 survivors (4096K)
 Metaspace       used 109028K, committed 110400K, reserved 1179648K
  class space    used 14257K, committed 14912K, reserved 1048576K

Heap Regions: E=young(eden), S=young(survivor), O=old, HS=humongous(starts), HC=humongous(continues), CS=collection set, F=free, TAMS=top-at-mark-start, PB=parsable bottom
|   0|0x0000000703000000, 0x0000000703200000, 0x0000000703200000|100%| O|  |TAMS 0x0000000703000000| PB 0x0000000703000000| Untracked 
|   1|0x0000000703200000, 0x0000000703400000, 0x0000000703400000|100%| O|  |TAMS 0x0000000703200000| PB 0x0000000703200000| Untracked 
|   2|0x0000000703400000, 0x0000000703600000, 0x0000000703600000|100%| O|  |TAMS 0x0000000703400000| PB 0x0000000703400000| Untracked 
|   3|0x0000000703600000, 0x0000000703800000, 0x0000000703800000|100%| O|  |TAMS 0x0000000703600000| PB 0x0000000703600000| Untracked 
|   4|0x0000000703800000, 0x0000000703a00000, 0x0000000703a00000|100%| O|  |TAMS 0x0000000703800000| PB 0x0000000703800000| Untracked 
|   5|0x0000000703a00000, 0x0000000703c00000, 0x0000000703c00000|100%| O|  |TAMS 0x0000000703a00000| PB 0x0000000703a00000| Untracked 
|   6|0x0000000703c00000, 0x0000000703e00000, 0x0000000703e00000|100%| O|  |TAMS 0x0000000703c00000| PB 0x0000000703c00000| Untracked 
|   7|0x0000000703e00000, 0x0000000704000000, 0x0000000704000000|100%| O|  |TAMS 0x0000000703e00000| PB 0x0000000703e00000| Untracked 
|   8|0x0000000704000000, 0x0000000704200000, 0x0000000704200000|100%| O|  |TAMS 0x0000000704000000| PB 0x0000000704000000| Untracked 
|   9|0x0000000704200000, 0x0000000704400000, 0x0000000704400000|100%| O|Cm|TAMS 0x0000000704200000| PB 0x0000000704200000| Complete 
|  10|0x0000000704400000, 0x0000000704600000, 0x0000000704600000|100%| O|  |TAMS 0x0000000704400000| PB 0x0000000704400000| Untracked 
|  11|0x0000000704600000, 0x00000007047821a8, 0x0000000704800000| 75%| O|  |TAMS 0x0000000704600000| PB 0x0000000704600000| Untracked 
|  12|0x0000000704800000, 0x0000000704a00000, 0x0000000704a00000|100%| O|  |TAMS 0x0000000704800000| PB 0x0000000704800000| Untracked 
|  13|0x0000000704a00000, 0x0000000704c00000, 0x0000000704c00000|100%| O|  |TAMS 0x0000000704a00000| PB 0x0000000704a00000| Untracked 
|  14|0x0000000704c00000, 0x0000000704e00000, 0x0000000704e00000|100%| O|  |TAMS 0x0000000704c00000| PB 0x0000000704c00000| Untracked 
|  15|0x0000000704e00000, 0x0000000705000000, 0x0000000705000000|100%| O|  |TAMS 0x0000000704e00000| PB 0x0000000704e00000| Untracked 
|  16|0x0000000705000000, 0x0000000705200000, 0x0000000705200000|100%| O|  |TAMS 0x0000000705000000| PB 0x0000000705000000| Untracked 
|  17|0x0000000705200000, 0x0000000705200000, 0x0000000705400000|  0%| F|  |TAMS 0x0000000705200000| PB 0x0000000705200000| Untracked 
|  18|0x0000000705400000, 0x0000000705600000, 0x0000000705600000|100%| O|  |TAMS 0x0000000705400000| PB 0x0000000705400000| Untracked 
|  19|0x0000000705600000, 0x0000000705800000, 0x0000000705800000|100%| O|  |TAMS 0x0000000705600000| PB 0x0000000705600000| Untracked 
|  20|0x0000000705800000, 0x0000000705a00000, 0x0000000705a00000|100%| O|  |TAMS 0x0000000705800000| PB 0x0000000705800000| Untracked 
|  21|0x0000000705a00000, 0x0000000705c00000, 0x0000000705c00000|100%| O|  |TAMS 0x0000000705a00000| PB 0x0000000705a00000| Untracked 
|  22|0x0000000705c00000, 0x0000000705e00000, 0x0000000705e00000|100%| O|  |TAMS 0x0000000705c00000| PB 0x0000000705c00000| Untracked 
|  23|0x0000000705e00000, 0x0000000706000000, 0x0000000706000000|100%| O|  |TAMS 0x0000000705e00000| PB 0x0000000705e00000| Untracked 
|  24|0x0000000706000000, 0x0000000706000000, 0x0000000706200000|  0%| F|  |TAMS 0x0000000706000000| PB 0x0000000706000000| Untracked 
|  25|0x0000000706200000, 0x0000000706200000, 0x0000000706400000|  0%| F|  |TAMS 0x0000000706200000| PB 0x0000000706200000| Untracked 
|  26|0x0000000706400000, 0x0000000706600000, 0x0000000706600000|100%| O|  |TAMS 0x0000000706400000| PB 0x0000000706400000| Untracked 
|  27|0x0000000706600000, 0x0000000706600000, 0x0000000706800000|  0%| F|  |TAMS 0x0000000706600000| PB 0x0000000706600000| Untracked 
|  28|0x0000000706800000, 0x0000000706a00000, 0x0000000706a00000|100%| O|  |TAMS 0x0000000706800000| PB 0x0000000706800000| Untracked 
|  29|0x0000000706a00000, 0x0000000706a00000, 0x0000000706c00000|  0%| F|  |TAMS 0x0000000706a00000| PB 0x0000000706a00000| Untracked 
|  30|0x0000000706c00000, 0x0000000706d947b8, 0x0000000706e00000| 79%| S|CS|TAMS 0x0000000706c00000| PB 0x0000000706c00000| Complete 
|  31|0x0000000706e00000, 0x0000000707000000, 0x0000000707000000|100%| S|CS|TAMS 0x0000000706e00000| PB 0x0000000706e00000| Complete 
|  32|0x0000000707000000, 0x0000000707000000, 0x0000000707200000|  0%| F|  |TAMS 0x0000000707000000| PB 0x0000000707000000| Untracked 
|  33|0x0000000707200000, 0x0000000707200000, 0x0000000707400000|  0%| F|  |TAMS 0x0000000707200000| PB 0x0000000707200000| Untracked 
|  34|0x0000000707400000, 0x00000007074e6e08, 0x0000000707600000| 45%| E|  |TAMS 0x0000000707400000| PB 0x0000000707400000| Complete 
|  35|0x0000000707600000, 0x0000000707800000, 0x0000000707800000|100%| E|CS|TAMS 0x0000000707600000| PB 0x0000000707600000| Complete 
|  36|0x0000000707800000, 0x0000000707a00000, 0x0000000707a00000|100%| E|CS|TAMS 0x0000000707800000| PB 0x0000000707800000| Complete 
|  37|0x0000000707a00000, 0x0000000707c00000, 0x0000000707c00000|100%| E|CS|TAMS 0x0000000707a00000| PB 0x0000000707a00000| Complete 
|  38|0x0000000707c00000, 0x0000000707e00000, 0x0000000707e00000|100%| E|  |TAMS 0x0000000707c00000| PB 0x0000000707c00000| Complete 
|  39|0x0000000707e00000, 0x0000000708000000, 0x0000000708000000|100%| E|CS|TAMS 0x0000000707e00000| PB 0x0000000707e00000| Complete 
|  40|0x0000000708000000, 0x0000000708200000, 0x0000000708200000|100%| E|CS|TAMS 0x0000000708000000| PB 0x0000000708000000| Complete 
|  41|0x0000000708200000, 0x0000000708400000, 0x0000000708400000|100%| E|CS|TAMS 0x0000000708200000| PB 0x0000000708200000| Complete 
|  42|0x0000000708400000, 0x0000000708600000, 0x0000000708600000|100%| E|CS|TAMS 0x0000000708400000| PB 0x0000000708400000| Complete 
|  43|0x0000000708600000, 0x0000000708800000, 0x0000000708800000|100%| E|CS|TAMS 0x0000000708600000| PB 0x0000000708600000| Complete 
|  44|0x0000000708800000, 0x0000000708a00000, 0x0000000708a00000|100%| E|CS|TAMS 0x0000000708800000| PB 0x0000000708800000| Complete 
|  45|0x0000000708a00000, 0x0000000708c00000, 0x0000000708c00000|100%| E|CS|TAMS 0x0000000708a00000| PB 0x0000000708a00000| Complete 
|  46|0x0000000708c00000, 0x0000000708e00000, 0x0000000708e00000|100%| E|CS|TAMS 0x0000000708c00000| PB 0x0000000708c00000| Complete 
|  47|0x0000000708e00000, 0x0000000709000000, 0x0000000709000000|100%| E|CS|TAMS 0x0000000708e00000| PB 0x0000000708e00000| Complete 
|  48|0x0000000709000000, 0x0000000709200000, 0x0000000709200000|100%| E|CS|TAMS 0x0000000709000000| PB 0x0000000709000000| Complete 
|  49|0x0000000709200000, 0x0000000709400000, 0x0000000709400000|100%| E|CS|TAMS 0x0000000709200000| PB 0x0000000709200000| Complete 
|  50|0x0000000709400000, 0x0000000709600000, 0x0000000709600000|100%| E|CS|TAMS 0x0000000709400000| PB 0x0000000709400000| Complete 
|  51|0x0000000709600000, 0x0000000709800000, 0x0000000709800000|100%| E|CS|TAMS 0x0000000709600000| PB 0x0000000709600000| Complete 
|  52|0x0000000709800000, 0x0000000709a00000, 0x0000000709a00000|100%| E|CS|TAMS 0x0000000709800000| PB 0x0000000709800000| Complete 
|  53|0x0000000709a00000, 0x0000000709c00000, 0x0000000709c00000|100%| E|CS|TAMS 0x0000000709a00000| PB 0x0000000709a00000| Complete 
| 102|0x000000070fc00000, 0x000000070fe00000, 0x000000070fe00000|100%| E|CS|TAMS 0x000000070fc00000| PB 0x000000070fc00000| Complete 
| 103|0x000000070fe00000, 0x0000000710000000, 0x0000000710000000|100%| E|CS|TAMS 0x000000070fe00000| PB 0x000000070fe00000| Complete 
| 104|0x0000000710000000, 0x0000000710200000, 0x0000000710200000|100%| E|CS|TAMS 0x0000000710000000| PB 0x0000000710000000| Complete 
| 105|0x0000000710200000, 0x0000000710400000, 0x0000000710400000|100%| E|CS|TAMS 0x0000000710200000| PB 0x0000000710200000| Complete 
| 126|0x0000000712c00000, 0x0000000712e00000, 0x0000000712e00000|100%| E|CS|TAMS 0x0000000712c00000| PB 0x0000000712c00000| Complete 
|2023|0x00000007ffe00000, 0x0000000800000000, 0x0000000800000000|100%| O|  |TAMS 0x00000007ffe00000| PB 0x00000007ffe00000| Untracked 

Card table byte_map: [0x000002046e920000,0x000002046f110000] _byte_map_base: 0x000002046b108000

Marking Bits: (CMBitMap*) 0x00000204567c2db0
 Bits: [0x000002046f110000, 0x0000020473050000)

Polling page: 0x0000020454600000

Metaspace:

Usage:
  Non-class:     92.55 MB used.
      Class:     13.92 MB used.
       Both:    106.47 MB used.

Virtual space:
  Non-class space:      128.00 MB reserved,      93.25 MB ( 73%) committed,  2 nodes.
      Class space:        1.00 GB reserved,      14.56 MB (  1%) committed,  1 nodes.
             Both:        1.12 GB reserved,     107.81 MB (  9%) committed. 

Chunk freelists:
   Non-Class:  2.61 MB
       Class:  1.47 MB
        Both:  4.08 MB

MaxMetaspaceSize: unlimited
CompressedClassSpaceSize: 1.00 GB
Initial GC threshold: 21.00 MB
Current GC threshold: 179.38 MB
CDS: on
 - commit_granule_bytes: 65536.
 - commit_granule_words: 8192.
 - virtual_space_node_default_size: 8388608.
 - enlarge_chunks_in_place: 1.
 - use_allocation_guard: 0.


Internal statistics:

num_allocs_failed_limit: 12.
num_arena_births: 2246.
num_arena_deaths: 6.
num_vsnodes_births: 3.
num_vsnodes_deaths: 0.
num_space_committed: 1725.
num_space_uncommitted: 0.
num_chunks_returned_to_freelist: 20.
num_chunks_taken_from_freelist: 6449.
num_chunk_merges: 9.
num_chunk_splits: 4483.
num_chunks_enlarged: 3217.
num_inconsistent_stats: 0.

CodeHeap 'non-profiled nmethods': size=120000Kb used=6478Kb max_used=7103Kb free=113521Kb
 bounds [0x00000204666b0000, 0x0000020466da0000, 0x000002046dbe0000]
CodeHeap 'profiled nmethods': size=120000Kb used=17611Kb max_used=23358Kb free=102389Kb
 bounds [0x000002045ebe0000, 0x00000204602c0000, 0x0000020466110000]
CodeHeap 'non-nmethods': size=5760Kb used=2248Kb max_used=2350Kb free=3511Kb
 bounds [0x0000020466110000, 0x0000020466380000, 0x00000204666b0000]
 total_blobs=9285 nmethods=8346 adapters=841
 compilation: enabled
              stopped_count=0, restarted_count=0
 full_count=0

Compilation events (20 events):
Event: 971.106 Thread 0x0000020475ccbb80 nmethod 15539 0x00000204667a4110 code [0x00000204667a42a0, 0x00000204667a4458]
Event: 971.111 Thread 0x0000020475ccbb80 15541       4       com.example.SpringGroupBB.service.WeatherService::getWeatherResult (100 bytes)
Event: 971.113 Thread 0x0000020475cd71a0 15542       3       java.util.List::of (64 bytes)
Event: 971.113 Thread 0x0000020475cd71a0 nmethod 15542 0x000002045f180990 code [0x000002045f180c20, 0x000002045f1818e8]
Event: 971.135 Thread 0x0000020475ccbb80 nmethod 15541 0x0000020466884e10 code [0x00000204668851e0, 0x0000020466886f48]
Event: 972.225 Thread 0x0000020475cd71a0 15543   !   3       com.sun.crypto.provider.GaloisCounterMode$GCMDecrypt::doFinal (628 bytes)
Event: 972.225 Thread 0x0000020475ccbb80 15545       4       com.mysql.cj.jdbc.result.ResultSetFactory::createFromProtocolEntity (6 bytes)
Event: 972.227 Thread 0x0000020475cd71a0 nmethod 15543 0x000002045fb10d10 code [0x000002045fb115c0, 0x000002045fb163d0]
Event: 972.227 Thread 0x0000020475cd71a0 15546       3       com.fasterxml.jackson.core.io.IOContext::<init> (57 bytes)
Event: 972.227 Thread 0x0000020475cd71a0 nmethod 15546 0x000002045ed84e90 code [0x000002045ed85060, 0x000002045ed85458]
Event: 972.227 Thread 0x0000020475cd71a0 15547       3       com.fasterxml.jackson.core.io.IOContext::releaseConcatBuffer (28 bytes)
Event: 972.228 Thread 0x0000020475cd71a0 nmethod 15547 0x000002045ee52710 code [0x000002045ee52b00, 0x000002045ee54808]
Event: 972.228 Thread 0x0000020475cd71a0 15548       3       com.fasterxml.jackson.core.io.IOContext::_verifyRelease (18 bytes)
Event: 972.229 Thread 0x0000020475cd71a0 nmethod 15548 0x000002045ef41890 code [0x000002045ef41a60, 0x000002045ef41d08]
Event: 972.229 Thread 0x0000020475cd71a0 15544       1       org.springframework.util.LinkedCaseInsensitiveMap::removeEldestEntry (2 bytes)
Event: 972.229 Thread 0x0000020475cd71a0 nmethod 15544 0x00000204667a5210 code [0x00000204667a53a0, 0x00000204667a5468]
Event: 972.257 Thread 0x0000020475cd71a0 15549       3       org.springframework.web.util.RfcUriParser::verify (10 bytes)
Event: 972.257 Thread 0x0000020475cd71a0 nmethod 15549 0x000002045f026b10 code [0x000002045f026cc0, 0x000002045f026e10]
Event: 972.257 Thread 0x0000020475cd71a0 15550       3       org.springframework.web.util.HierarchicalUriComponents$Type$7::isAllowed (20 bytes)
Event: 972.257 Thread 0x0000020475cd71a0 nmethod 15550 0x000002045ee02790 code [0x000002045ee02960, 0x000002045ee02e48]

GC Heap History (20 events):
Event: 366.036 GC heap before
{Heap before GC invocations=27 (full 0):
 garbage-first heap   total 122880K, used 111544K [0x0000000703000000, 0x0000000800000000)
  region size 2048K, 29 young (59392K), 1 survivors (2048K)
 Metaspace       used 106249K, committed 107648K, reserved 1179648K
  class space    used 14178K, committed 14848K, reserved 1048576K
}
Event: 366.039 GC heap after
{Heap after GC invocations=28 (full 0):
 garbage-first heap   total 122880K, used 57972K [0x0000000703000000, 0x0000000800000000)
  region size 2048K, 2 young (4096K), 2 survivors (4096K)
 Metaspace       used 106249K, committed 107648K, reserved 1179648K
  class space    used 14178K, committed 14848K, reserved 1048576K
}
Event: 397.192 GC heap before
{Heap before GC invocations=29 (full 0):
 garbage-first heap   total 122880K, used 109172K [0x0000000703000000, 0x0000000800000000)
  region size 2048K, 28 young (57344K), 2 survivors (4096K)
 Metaspace       used 107269K, committed 108544K, reserved 1179648K
  class space    used 14242K, committed 14848K, reserved 1048576K
}
Event: 397.194 GC heap after
{Heap after GC invocations=30 (full 0):
 garbage-first heap   total 122880K, used 58063K [0x0000000703000000, 0x0000000800000000)
  region size 2048K, 2 young (4096K), 2 survivors (4096K)
 Metaspace       used 107269K, committed 108544K, reserved 1179648K
  class space    used 14242K, committed 14848K, reserved 1048576K
}
Event: 469.008 GC heap before
{Heap before GC invocations=30 (full 0):
 garbage-first heap   total 122880K, used 109263K [0x0000000703000000, 0x0000000800000000)
  region size 2048K, 28 young (57344K), 2 survivors (4096K)
 Metaspace       used 107928K, committed 109312K, reserved 1179648K
  class space    used 14243K, committed 14912K, reserved 1048576K
}
Event: 469.011 GC heap after
{Heap after GC invocations=31 (full 0):
 garbage-first heap   total 122880K, used 57207K [0x0000000703000000, 0x0000000800000000)
  region size 2048K, 2 young (4096K), 2 survivors (4096K)
 Metaspace       used 107928K, committed 109312K, reserved 1179648K
  class space    used 14243K, committed 14912K, reserved 1048576K
}
Event: 533.198 GC heap before
{Heap before GC invocations=31 (full 0):
 garbage-first heap   total 122880K, used 110455K [0x0000000703000000, 0x0000000800000000)
  region size 2048K, 28 young (57344K), 2 survivors (4096K)
 Metaspace       used 108508K, committed 109888K, reserved 1179648K
  class space    used 14248K, committed 14912K, reserved 1048576K
}
Event: 533.200 GC heap after
{Heap after GC invocations=32 (full 0):
 garbage-first heap   total 122880K, used 57173K [0x0000000703000000, 0x0000000800000000)
  region size 2048K, 2 young (4096K), 2 survivors (4096K)
 Metaspace       used 108508K, committed 109888K, reserved 1179648K
  class space    used 14248K, committed 14912K, reserved 1048576K
}
Event: 597.583 GC heap before
{Heap before GC invocations=33 (full 0):
 garbage-first heap   total 122880K, used 110421K [0x0000000703000000, 0x0000000800000000)
  region size 2048K, 28 young (57344K), 2 survivors (4096K)
 Metaspace       used 108609K, committed 110016K, reserved 1179648K
  class space    used 14248K, committed 14912K, reserved 1048576K
}
Event: 597.585 GC heap after
{Heap after GC invocations=34 (full 0):
 garbage-first heap   total 122880K, used 57094K [0x0000000703000000, 0x0000000800000000)
  region size 2048K, 2 young (4096K), 2 survivors (4096K)
 Metaspace       used 108609K, committed 110016K, reserved 1179648K
  class space    used 14248K, committed 14912K, reserved 1048576K
}
Event: 662.964 GC heap before
{Heap before GC invocations=34 (full 0):
 garbage-first heap   total 122880K, used 110342K [0x0000000703000000, 0x0000000800000000)
  region size 2048K, 28 young (57344K), 2 survivors (4096K)
 Metaspace       used 108717K, committed 110080K, reserved 1179648K
  class space    used 14248K, committed 14912K, reserved 1048576K
}
Event: 662.972 GC heap after
{Heap after GC invocations=35 (full 0):
 garbage-first heap   total 122880K, used 56707K [0x0000000703000000, 0x0000000800000000)
  region size 2048K, 2 young (4096K), 2 survivors (4096K)
 Metaspace       used 108717K, committed 110080K, reserved 1179648K
  class space    used 14248K, committed 14912K, reserved 1048576K
}
Event: 730.599 GC heap before
{Heap before GC invocations=35 (full 0):
 garbage-first heap   total 122880K, used 112003K [0x0000000703000000, 0x0000000800000000)
  region size 2048K, 29 young (59392K), 2 survivors (4096K)
 Metaspace       used 108824K, committed 110208K, reserved 1179648K
  class space    used 14249K, committed 14912K, reserved 1048576K
}
Event: 730.602 GC heap after
{Heap after GC invocations=36 (full 0):
 garbage-first heap   total 122880K, used 56767K [0x0000000703000000, 0x0000000800000000)
  region size 2048K, 2 young (4096K), 2 survivors (4096K)
 Metaspace       used 108824K, committed 110208K, reserved 1179648K
  class space    used 14249K, committed 14912K, reserved 1048576K
}
Event: 798.489 GC heap before
{Heap before GC invocations=37 (full 0):
 garbage-first heap   total 122880K, used 112063K [0x0000000703000000, 0x0000000800000000)
  region size 2048K, 29 young (59392K), 2 survivors (4096K)
 Metaspace       used 108867K, committed 110272K, reserved 1179648K
  class space    used 14249K, committed 14912K, reserved 1048576K
}
Event: 798.491 GC heap after
{Heap after GC invocations=38 (full 0):
 garbage-first heap   total 122880K, used 56705K [0x0000000703000000, 0x0000000800000000)
  region size 2048K, 2 young (4096K), 2 survivors (4096K)
 Metaspace       used 108867K, committed 110272K, reserved 1179648K
  class space    used 14249K, committed 14912K, reserved 1048576K
}
Event: 865.306 GC heap before
{Heap before GC invocations=38 (full 0):
 garbage-first heap   total 122880K, used 112001K [0x0000000703000000, 0x0000000800000000)
  region size 2048K, 29 young (59392K), 2 survivors (4096K)
 Metaspace       used 108905K, committed 110272K, reserved 1179648K
  class space    used 14249K, committed 14912K, reserved 1048576K
}
Event: 865.309 GC heap after
{Heap after GC invocations=39 (full 0):
 garbage-first heap   total 122880K, used 56094K [0x0000000703000000, 0x0000000800000000)
  region size 2048K, 2 young (4096K), 2 survivors (4096K)
 Metaspace       used 108905K, committed 110272K, reserved 1179648K
  class space    used 14249K, committed 14912K, reserved 1048576K
}
Event: 932.208 GC heap before
{Heap before GC invocations=39 (full 0):
 garbage-first heap   total 122880K, used 111390K [0x0000000703000000, 0x0000000800000000)
  region size 2048K, 29 young (59392K), 2 survivors (4096K)
 Metaspace       used 108937K, committed 110336K, reserved 1179648K
  class space    used 14250K, committed 14912K, reserved 1048576K
}
Event: 932.210 GC heap after
{Heap after GC invocations=40 (full 0):
 garbage-first heap   total 122880K, used 56410K [0x0000000703000000, 0x0000000800000000)
  region size 2048K, 2 young (4096K), 2 survivors (4096K)
 Metaspace       used 108937K, committed 110336K, reserved 1179648K
  class space    used 14250K, committed 14912K, reserved 1048576K
}

Dll operation events (11 events):
Event: 0.006 Loaded shared library C:\Program Files\Java\jdk-21\bin\java.dll
Event: 0.033 Loaded shared library C:\Program Files\Java\jdk-21\bin\jsvml.dll
Event: 0.090 Loaded shared library C:\Program Files\Java\jdk-21\bin\net.dll
Event: 0.092 Loaded shared library C:\Program Files\Java\jdk-21\bin\nio.dll
Event: 0.094 Loaded shared library C:\Program Files\Java\jdk-21\bin\zip.dll
Event: 0.186 Loaded shared library C:\Program Files\Java\jdk-21\bin\jimage.dll
Event: 0.377 Loaded shared library C:\Program Files\Java\jdk-21\bin\management.dll
Event: 0.380 Loaded shared library C:\Program Files\Java\jdk-21\bin\management_ext.dll
Event: 1.482 Loaded shared library C:\Program Files\Java\jdk-21\bin\sunmscapi.dll
Event: 3.525 Loaded shared library C:\Program Files\Java\jdk-21\bin\extnet.dll
Event: 11.547 Loaded shared library C:\Program Files\Java\jdk-21\bin\verify.dll

Deoptimization events (20 events):
Event: 965.319 Thread 0x000002047e9b5c80 DEOPT PACKING pc=0x0000020466b1acec sp=0x00000041c02fa4f0
Event: 965.319 Thread 0x000002047e9b5c80 DEOPT UNPACKING pc=0x00000204661646a2 sp=0x00000041c02fa490 mode 2
Event: 965.319 Thread 0x000002047e9b5c80 Uncommon trap: trap_request=0xffffffbe fr.pc=0x0000020466848348 relative=0x00000000000013c8
Event: 965.319 Thread 0x000002047e9b5c80 Uncommon trap: reason=profile_predicate action=maybe_recompile pc=0x0000020466848348 method=sun.security.ssl.SSLTransport.decode(Lsun/security/ssl/TransportContext;[Ljava/nio/ByteBuffer;II[Ljava/nio/ByteBuffer;II)Lsun/security/ssl/Plaintext; @ 178 c2
Event: 965.319 Thread 0x000002047e9b5c80 DEOPT PACKING pc=0x0000020466848348 sp=0x00000041c02fa630
Event: 965.319 Thread 0x000002047e9b5c80 DEOPT UNPACKING pc=0x00000204661646a2 sp=0x00000041c02fa5f8 mode 2
Event: 965.319 Thread 0x000002047e9b5c80 Uncommon trap: trap_request=0xffffffbe fr.pc=0x0000020466848348 relative=0x00000000000013c8
Event: 965.319 Thread 0x000002047e9b5c80 Uncommon trap: reason=profile_predicate action=maybe_recompile pc=0x0000020466848348 method=sun.security.ssl.SSLTransport.decode(Lsun/security/ssl/TransportContext;[Ljava/nio/ByteBuffer;II[Ljava/nio/ByteBuffer;II)Lsun/security/ssl/Plaintext; @ 178 c2
Event: 965.319 Thread 0x000002047e9b5c80 DEOPT PACKING pc=0x0000020466848348 sp=0x00000041c02fa630
Event: 965.319 Thread 0x000002047e9b5c80 DEOPT UNPACKING pc=0x00000204661646a2 sp=0x00000041c02fa5f8 mode 2
Event: 965.319 Thread 0x000002047e9b5c80 Uncommon trap: trap_request=0xffffffbe fr.pc=0x0000020466848348 relative=0x00000000000013c8
Event: 965.319 Thread 0x000002047e9b5c80 Uncommon trap: reason=profile_predicate action=maybe_recompile pc=0x0000020466848348 method=sun.security.ssl.SSLTransport.decode(Lsun/security/ssl/TransportContext;[Ljava/nio/ByteBuffer;II[Ljava/nio/ByteBuffer;II)Lsun/security/ssl/Plaintext; @ 178 c2
Event: 965.319 Thread 0x000002047e9b5c80 DEOPT PACKING pc=0x0000020466848348 sp=0x00000041c02fa630
Event: 965.319 Thread 0x000002047e9b5c80 DEOPT UNPACKING pc=0x00000204661646a2 sp=0x00000041c02fa5f8 mode 2
Event: 971.078 Thread 0x000002047e9b5c80 Uncommon trap: trap_request=0xffffff45 fr.pc=0x000002046684e0c4 relative=0x0000000000003044
Event: 971.078 Thread 0x000002047e9b5c80 Uncommon trap: reason=unstable_if action=reinterpret pc=0x000002046684e0c4 method=com.sun.crypto.provider.GaloisCounterMode$GCMEngine.doLastBlock(Lcom/sun/crypto/provider/GaloisCounterMode$GCMOperation;Ljava/nio/ByteBuffer;Ljava/nio/ByteBuffer;Ljava/nio/B
Event: 971.078 Thread 0x000002047e9b5c80 DEOPT PACKING pc=0x000002046684e0c4 sp=0x00000041c02f9f40
Event: 971.078 Thread 0x000002047e9b5c80 DEOPT UNPACKING pc=0x00000204661646a2 sp=0x00000041c02f9e68 mode 2
Event: 971.111 Thread 0x000002047e9b5c80 DEOPT PACKING pc=0x000002045ee45cb2 sp=0x00000041c02fad90
Event: 971.111 Thread 0x000002047e9b5c80 DEOPT UNPACKING pc=0x0000020466164e42 sp=0x00000041c02fa2e0 mode 0

Classes loaded (20 events):
Event: 369.058 Loading class sun/net/www/http/KeepAliveStreamCleaner$1
Event: 369.058 Loading class sun/net/www/http/KeepAliveStreamCleaner$1 done
Event: 369.058 Loading class sun/net/www/http/KeepAliveStreamCleaner$2
Event: 369.058 Loading class sun/net/www/http/KeepAliveStreamCleaner$2 done
Event: 376.085 Loading class sun/security/ssl/Alert
Event: 376.085 Loading class sun/security/ssl/Alert done
Event: 376.086 Loading class sun/security/ssl/Alert$AlertConsumer
Event: 376.086 Loading class sun/security/ssl/Alert$AlertConsumer done
Event: 376.086 Loading class sun/security/ssl/Alert$Level
Event: 376.086 Loading class sun/security/ssl/Alert$Level done
Event: 496.573 Loading class jdk/internal/math/FormattedFPDecimal
Event: 496.573 Loading class jdk/internal/math/FormattedFPDecimal done
Event: 965.309 Loading class sun/security/ssl/XDHKeyExchange$XDHECredentials
Event: 965.310 Loading class sun/security/ssl/XDHKeyExchange$XDHECredentials done
Event: 965.310 Loading class java/security/spec/XECPublicKeySpec
Event: 965.310 Loading class java/security/spec/XECPublicKeySpec done
Event: 965.313 Loading class sun/security/ssl/XDHKeyExchange
Event: 965.313 Loading class sun/security/ssl/XDHKeyExchange done
Event: 965.313 Loading class sun/security/ssl/XDHKeyExchange$XDHEKAGenerator
Event: 965.314 Loading class sun/security/ssl/XDHKeyExchange$XDHEKAGenerator done

Classes unloaded (3 events):
Event: 12.741 Thread 0x0000020475ca20c0 Unloading class 0x0000020401b6d400 'jdk/internal/reflect/GeneratedSerializationConstructorAccessor2'
Event: 12.741 Thread 0x0000020475ca20c0 Unloading class 0x0000020401b6c000 'jdk/internal/reflect/GeneratedSerializationConstructorAccessor1'
Event: 125.863 Thread 0x0000020475ca20c0 Unloading class 0x0000020401de0c00 'java/lang/invoke/LambdaForm$MH+0x0000020401de0c00'

Classes redefined (0 events):
No events

Internal exceptions (20 events):
Event: 12.793 Thread 0x000002047d4b5fd0 Exception <a 'java/lang/ClassNotFoundException'{0x0000000712cd9860}: org/thymeleaf/model/AttributeValueQuotesCustomizer> (0x0000000712cd9860) 
thrown [s\open\src\hotspot\share\classfile\systemDictionary.cpp, line 312]
Event: 12.794 Thread 0x000002047d4b5fd0 Exception <a 'java/lang/NoSuchMethodError'{0x0000000712ce9b20}: 'java.lang.Object java.lang.invoke.Invokers$Holder.linkToCallSite(java.lang.Object, java.lang.Object, java.lang.Object, java.lang.Object, int, java.lang.Object)'> (0x0000000712ce9b20) 
thrown [s\open\src\hotspot\share\interpreter\linkResolver.cpp, line 773]
Event: 12.795 Thread 0x000002047d4b5fd0 Exception <a 'java/lang/NoSuchMethodError'{0x0000000712cedee0}: 'java.lang.Object java.lang.invoke.DirectMethodHandle$Holder.invokeInterface(java.lang.Object, java.lang.Object, java.lang.Object, java.lang.Object, java.lang.Object, int)'> (0x0000000712cedee0) 
thrown [s\open\src\hotspot\share\interpreter\linkResolver.cpp, line 773]
Event: 12.795 Thread 0x000002047d4b5fd0 Exception <a 'java/lang/NoSuchMethodError'{0x0000000712cfc3c0}: 'java.lang.Object java.lang.invoke.DelegatingMethodHandle$Holder.delegate(java.lang.Object, java.lang.Object, java.lang.Object, java.lang.Object, java.lang.Object, java.lang.Object, int)'> (0x0000000712cfc3c0) 
thrown [s\open\src\hotspot\share\interpreter\linkResolver.cpp, line 773]
Event: 12.795 Thread 0x000002047d4b5fd0 Exception <a 'java/lang/NoSuchMethodError'{0x0000000712d0be78}: 'int java.lang.invoke.DirectMethodHandle$Holder.invokeSpecial(java.lang.Object, java.lang.Object, java.lang.Object, java.lang.Object, java.lang.Object, java.lang.Object, int)'> (0x0000000712d0be78) 
thrown [s\open\src\hotspot\share\interpreter\linkResolver.cpp, line 773]
Event: 12.799 Thread 0x000002047d4b5fd0 Exception <a 'java/lang/ClassNotFoundException'{0x0000000712d5d760}: org/thymeleaf/engine/ElementTagStructureHandlerBeanInfo> (0x0000000712d5d760) 
thrown [s\open\src\hotspot\share\classfile\systemDictionary.cpp, line 312]
Event: 12.800 Thread 0x000002047d4b5fd0 Exception <a 'java/lang/ClassNotFoundException'{0x0000000712d66700}: org/thymeleaf/engine/ElementTagStructureHandlerCustomizer> (0x0000000712d66700) 
thrown [s\open\src\hotspot\share\classfile\systemDictionary.cpp, line 312]
Event: 12.801 Thread 0x000002047d4b5fd0 Exception <a 'java/lang/NoSuchMethodError'{0x0000000712d7a950}: 'void java.lang.invoke.DirectMethodHandle$Holder.invokeInterface(java.lang.Object, java.lang.Object, java.lang.Object, int)'> (0x0000000712d7a950) 
thrown [s\open\src\hotspot\share\interpreter\linkResolver.cpp, line 773]
Event: 12.801 Thread 0x000002047d4b5fd0 Exception <a 'java/lang/NoSuchMethodError'{0x0000000712d7ec50}: 'void java.lang.invoke.DirectMethodHandle$Holder.invokeSpecial(java.lang.Object, java.lang.Object, java.lang.Object, java.lang.Object, int)'> (0x0000000712d7ec50) 
thrown [s\open\src\hotspot\share\interpreter\linkResolver.cpp, line 773]
Event: 12.801 Thread 0x000002047d4b5fd0 Exception <a 'java/lang/NoSuchMethodError'{0x0000000712d82958}: 'void java.lang.invoke.DelegatingMethodHandle$Holder.reinvoke_L(java.lang.Object, java.lang.Object, java.lang.Object, int)'> (0x0000000712d82958) 
thrown [s\open\src\hotspot\share\interpreter\linkResolver.cpp, line 773]
Event: 12.851 Thread 0x000002047d4b31e0 Exception <a 'java/lang/NoSuchMethodError'{0x000000071033d2f0}: 'java.lang.Object java.lang.invoke.DirectMethodHandle$Holder.invokeStatic(java.lang.Object, int, int)'> (0x000000071033d2f0) 
thrown [s\open\src\hotspot\share\interpreter\linkResolver.cpp, line 773]
Event: 14.732 Thread 0x000002047e9b3520 Exception <a 'java/io/IOException'{0x000000070fe6acf8}> (0x000000070fe6acf8) 
thrown [s\open\src\hotspot\share\prims\jni.cpp, line 520]
Event: 25.197 Thread 0x000002047d4b52b0 Implicit null exception at 0x00000204668c96e5 to 0x00000204668ce034
Event: 91.722 Thread 0x000002047d0a6790 Exception <a 'java/io/IOException'{0x000000070fc777c8}> (0x000000070fc777c8) 
thrown [s\open\src\hotspot\share\prims\jni.cpp, line 520]
Event: 384.002 Thread 0x000002047d0aa2a0 Exception <a 'java/io/IOException'{0x0000000707b4df00}> (0x0000000707b4df00) 
thrown [s\open\src\hotspot\share\prims\jni.cpp, line 520]
Event: 459.749 Thread 0x000002047e9b3bb0 Implicit null exception at 0x0000020466af0cb1 to 0x0000020466af2484
Event: 965.309 Thread 0x000002047e9b5c80 Implicit null exception at 0x00000204668470eb to 0x0000020466848310
Event: 965.319 Thread 0x000002047e9b5c80 Implicit null exception at 0x00000204668470eb to 0x0000020466848310
Event: 965.319 Thread 0x000002047e9b5c80 Implicit null exception at 0x00000204668470eb to 0x0000020466848310
Event: 965.319 Thread 0x000002047e9b5c80 Implicit null exception at 0x00000204668470eb to 0x0000020466848310

ZGC Phase Switch (0 events):
No events

VM Operations (20 events):
Event: 945.316 Executing VM operation: Cleanup
Event: 945.316 Executing VM operation: Cleanup done
Event: 948.324 Executing VM operation: Cleanup
Event: 948.324 Executing VM operation: Cleanup done
Event: 953.368 Executing VM operation: Cleanup
Event: 953.369 Executing VM operation: Cleanup done
Event: 954.381 Executing VM operation: Cleanup
Event: 954.381 Executing VM operation: Cleanup done
Event: 956.388 Executing VM operation: Cleanup
Event: 956.388 Executing VM operation: Cleanup done
Event: 959.412 Executing VM operation: Cleanup
Event: 959.412 Executing VM operation: Cleanup done
Event: 964.449 Executing VM operation: Cleanup
Event: 964.449 Executing VM operation: Cleanup done
Event: 965.449 Executing VM operation: Cleanup
Event: 965.449 Executing VM operation: Cleanup done
Event: 967.465 Executing VM operation: Cleanup
Event: 967.465 Executing VM operation: Cleanup done
Event: 971.497 Executing VM operation: Cleanup
Event: 971.497 Executing VM operation: Cleanup done

Events (20 events):
Event: 932.239 Thread 0x0000020475ca20c0 flushing nmethod 0x000002045fd24c90
Event: 932.239 Thread 0x0000020475ca20c0 flushing nmethod 0x000002045ff19a90
Event: 932.239 Thread 0x0000020475ca20c0 flushing nmethod 0x0000020466890c10
Event: 932.239 Thread 0x0000020475ca20c0 flushing nmethod 0x0000020466891b90
Event: 932.239 Thread 0x0000020475ca20c0 flushing nmethod 0x0000020466c09990
Event: 932.239 Thread 0x0000020475ca20c0 flushing nmethod 0x000002045f17de10
Event: 932.239 Thread 0x0000020475ca20c0 flushing nmethod 0x000002045f17e590
Event: 932.239 Thread 0x0000020475ca20c0 flushing nmethod 0x000002045f180990
Event: 932.239 Thread 0x0000020475ca20c0 flushing nmethod 0x000002045f6eb790
Event: 932.239 Thread 0x0000020475ca20c0 flushing nmethod 0x000002045f6fd710
Event: 932.239 Thread 0x0000020475ca20c0 flushing nmethod 0x000002045f87ba10
Event: 932.239 Thread 0x0000020475ca20c0 flushing nmethod 0x000002045f87be90
Event: 932.239 Thread 0x0000020475ca20c0 flushing nmethod 0x000002045f91dc90
Event: 932.239 Thread 0x0000020475ca20c0 flushing nmethod 0x000002045fdcd310
Event: 932.239 Thread 0x0000020475ca20c0 flushing nmethod 0x000002045fdcf690
Event: 932.239 Thread 0x0000020475ca20c0 flushing nmethod 0x000002045fdd2b90
Event: 932.239 Thread 0x0000020475ca20c0 flushing nmethod 0x000002045ff61210
Event: 965.324 Thread 0x000002047d0a7b40 Thread added: 0x000002047d0a7b40
Event: 965.324 Thread 0x000002047d0a7b40 Thread exited: 0x000002047d0a7b40
Event: 971.110 Thread 0x000002047d0a7b40 Thread added: 0x000002047d0a7b40


Dynamic libraries:
0x00007ff7e6770000 - 0x00007ff7e6780000 	C:\Program Files\Java\jdk-21\bin\java.exe
0x00007ffa3ea00000 - 0x00007ffa3ec68000 	C:\WINDOWS\SYSTEM32\ntdll.dll
0x00007ffa3d5c0000 - 0x00007ffa3d689000 	C:\WINDOWS\System32\KERNEL32.DLL
0x00007ffa3bf00000 - 0x00007ffa3c2f2000 	C:\WINDOWS\System32\KERNELBASE.dll
0x00007ffa3bb90000 - 0x00007ffa3bcdb000 	C:\WINDOWS\System32\ucrtbase.dll
0x00007ffa1f990000 - 0x00007ffa1f9ab000 	C:\Program Files\Java\jdk-21\bin\VCRUNTIME140.dll
0x00007ffa228d0000 - 0x00007ffa228e9000 	C:\Program Files\Java\jdk-21\bin\jli.dll
0x00007ffa3de00000 - 0x00007ffa3deb4000 	C:\WINDOWS\System32\ADVAPI32.dll
0x00007ffa3d450000 - 0x00007ffa3d4f9000 	C:\WINDOWS\System32\msvcrt.dll
0x00007ffa3dc90000 - 0x00007ffa3dd36000 	C:\WINDOWS\System32\sechost.dll
0x00007ffa3c800000 - 0x00007ffa3c918000 	C:\WINDOWS\System32\RPCRT4.dll
0x00007ffa3e6a0000 - 0x00007ffa3e865000 	C:\WINDOWS\System32\USER32.dll
0x00007ffa3bed0000 - 0x00007ffa3bef7000 	C:\WINDOWS\System32\win32u.dll
0x00007ffa28170000 - 0x00007ffa28403000 	C:\WINDOWS\WinSxS\amd64_microsoft.windows.common-controls_6595b64144ccf1df_6.0.26100.6899_none_3e0efeeae32e88c1\COMCTL32.dll
0x00007ffa3ddd0000 - 0x00007ffa3ddfb000 	C:\WINDOWS\System32\GDI32.dll
0x00007ffa3bda0000 - 0x00007ffa3becd000 	C:\WINDOWS\System32\gdi32full.dll
0x00007ffa3c5a0000 - 0x00007ffa3c643000 	C:\WINDOWS\System32\msvcp_win.dll
0x00007ffa35600000 - 0x00007ffa3560b000 	C:\WINDOWS\SYSTEM32\VERSION.dll
0x00007ffa3c940000 - 0x00007ffa3c96f000 	C:\WINDOWS\System32\IMM32.DLL
0x00007ffa2ca00000 - 0x00007ffa2ca0c000 	C:\Program Files\Java\jdk-21\bin\vcruntime140_1.dll
0x00007ffa0ec60000 - 0x00007ffa0ecee000 	C:\Program Files\Java\jdk-21\bin\msvcp140.dll
0x00007ff9fe7c0000 - 0x00007ff9ff4da000 	C:\Program Files\Java\jdk-21\bin\server\jvm.dll
0x00007ffa3d230000 - 0x00007ffa3d2a4000 	C:\WINDOWS\System32\WS2_32.dll
0x00007ffa3b590000 - 0x00007ffa3b5ee000 	C:\WINDOWS\SYSTEM32\POWRPROF.dll
0x00007ffa2ca90000 - 0x00007ffa2cac5000 	C:\WINDOWS\SYSTEM32\WINMM.dll
0x00007ffa3b470000 - 0x00007ffa3b484000 	C:\WINDOWS\SYSTEM32\UMPDC.dll
0x00007ffa3a960000 - 0x00007ffa3a97b000 	C:\WINDOWS\SYSTEM32\kernel.appcore.dll
0x00007ffa27260000 - 0x00007ffa2726a000 	C:\Program Files\Java\jdk-21\bin\jimage.dll
0x00007ffa2a8a0000 - 0x00007ffa2aae2000 	C:\WINDOWS\SYSTEM32\DBGHELP.DLL
0x00007ffa3d690000 - 0x00007ffa3da0b000 	C:\WINDOWS\System32\combase.dll
0x00007ffa3dbb0000 - 0x00007ffa3dc87000 	C:\WINDOWS\System32\OLEAUT32.dll
0x00007ffa26550000 - 0x00007ffa2658c000 	C:\WINDOWS\SYSTEM32\dbgcore.DLL
0x00007ffa3c300000 - 0x00007ffa3c398000 	C:\WINDOWS\System32\bcryptPrimitives.dll
0x00007ffa1f970000 - 0x00007ffa1f98f000 	C:\Program Files\Java\jdk-21\bin\java.dll
0x00007ffa3cae0000 - 0x00007ffa3d22d000 	C:\WINDOWS\System32\SHELL32.dll
0x00007ffa3c3a0000 - 0x00007ffa3c50b000 	C:\WINDOWS\System32\wintypes.dll
0x00007ffa39820000 - 0x00007ffa3a07d000 	C:\WINDOWS\SYSTEM32\windows.storage.dll
0x00007ffa3e8c0000 - 0x00007ffa3e9b2000 	C:\WINDOWS\System32\SHCORE.dll
0x00007ffa3e630000 - 0x00007ffa3e692000 	C:\WINDOWS\System32\shlwapi.dll
0x00007ffa3ba80000 - 0x00007ffa3baa9000 	C:\WINDOWS\SYSTEM32\profapi.dll
0x00007ffa02fd0000 - 0x00007ffa030a7000 	C:\Program Files\Java\jdk-21\bin\jsvml.dll
0x00007ffa1fa70000 - 0x00007ffa1fa80000 	C:\Program Files\Java\jdk-21\bin\net.dll
0x00007ffa35ba0000 - 0x00007ffa35cbf000 	C:\WINDOWS\SYSTEM32\WINHTTP.dll
0x00007ffa3aed0000 - 0x00007ffa3af3b000 	C:\WINDOWS\system32\mswsock.dll
0x00007ffa1f690000 - 0x00007ffa1f6a6000 	C:\Program Files\Java\jdk-21\bin\nio.dll
0x00007ffa1f740000 - 0x00007ffa1f758000 	C:\Program Files\Java\jdk-21\bin\zip.dll
0x00007ffa1f730000 - 0x00007ffa1f73a000 	C:\Program Files\Java\jdk-21\bin\management.dll
0x00007ffa1f680000 - 0x00007ffa1f68b000 	C:\Program Files\Java\jdk-21\bin\management_ext.dll
0x00007ffa3dec0000 - 0x00007ffa3dec8000 	C:\WINDOWS\System32\PSAPI.DLL
0x00007ffa1f660000 - 0x00007ffa1f66e000 	C:\Program Files\Java\jdk-21\bin\sunmscapi.dll
0x00007ffa3c650000 - 0x00007ffa3c7c7000 	C:\WINDOWS\System32\CRYPT32.dll
0x00007ffa3b410000 - 0x00007ffa3b440000 	C:\WINDOWS\SYSTEM32\ncrypt.dll
0x00007ffa3b3c0000 - 0x00007ffa3b3ff000 	C:\WINDOWS\SYSTEM32\NTASN1.dll
0x00007ffa3b180000 - 0x00007ffa3b19b000 	C:\WINDOWS\SYSTEM32\CRYPTSP.dll
0x00007ffa3a8c0000 - 0x00007ffa3a8fb000 	C:\WINDOWS\system32\rsaenh.dll
0x00007ffa3af70000 - 0x00007ffa3af9b000 	C:\WINDOWS\SYSTEM32\USERENV.dll
0x00007ffa3bab0000 - 0x00007ffa3bad6000 	C:\WINDOWS\SYSTEM32\bcrypt.dll
0x00007ffa3b1a0000 - 0x00007ffa3b1ac000 	C:\WINDOWS\SYSTEM32\CRYPTBASE.dll
0x00007ffa3a380000 - 0x00007ffa3a3b4000 	C:\WINDOWS\SYSTEM32\IPHLPAPI.DLL
0x00007ffa3d2b0000 - 0x00007ffa3d2ba000 	C:\WINDOWS\System32\NSI.dll
0x00007ffa3a3c0000 - 0x00007ffa3a4e6000 	C:\WINDOWS\SYSTEM32\DNSAPI.dll
0x00007ffa34ee0000 - 0x00007ffa34f66000 	C:\WINDOWS\System32\fwpuclnt.dll
0x00007ffa345d0000 - 0x00007ffa345db000 	C:\Windows\System32\rasadhlp.dll
0x00007ffa1f670000 - 0x00007ffa1f679000 	C:\Program Files\Java\jdk-21\bin\extnet.dll
0x00007ff9d4e00000 - 0x00007ff9d4e08000 	C:\WINDOWS\system32\wshunix.dll
0x00007ffa1f9e0000 - 0x00007ffa1f9f0000 	C:\Program Files\Java\jdk-21\bin\verify.dll

dbghelp: loaded successfully - version: 4.0.5 - missing functions: none
symbol engine: initialized successfully - sym options: 0x614 - pdb path: .;C:\Program Files\Java\jdk-21\bin;C:\WINDOWS\SYSTEM32;C:\WINDOWS\WinSxS\amd64_microsoft.windows.common-controls_6595b64144ccf1df_6.0.26100.6899_none_3e0efeeae32e88c1;C:\Program Files\Java\jdk-21\bin\server

VM Arguments:
jvm_args: -Djava.net.preferIPv4Addresses=true -Djava.net.preferIPv4Stack=true -Dfile.encoding=UTF-8 -Duser.country=KR -Duser.language=ko -Duser.variant 
java_command: com.example.SpringGroupBB.SpringGroupBbApplication
java_class_path (initial): D:\springGroup\springboot\works\SpringGroupBB\build\classes\java\main;D:\springGroup\springboot\works\SpringGroupBB\build\resources\main;C:\Users\green\.gradle\caches\modules-2\files-2.1\org.springframework.boot\spring-boot-devtools\3.5.7\c4e9491690ab0fb91883b3c2d9c9c2b5a9e25714\spring-boot-devtools-3.5.7.jar;C:\Users\green\.gradle\caches\modules-2\files-2.1\org.springframework.boot\spring-boot-starter-data-jpa\3.5.7\5db48c2790037b07013a327871142e922247533a\spring-boot-starter-data-jpa-3.5.7.jar;C:\Users\green\.gradle\caches\modules-2\files-2.1\org.springframework.boot\spring-boot-starter-security\3.5.7\6dee85a7ba008ff0dca8dbce5e68dca0c49a64cb\spring-boot-starter-security-3.5.7.jar;C:\Users\green\.gradle\caches\modules-2\files-2.1\org.springframework.boot\spring-boot-starter-thymeleaf\3.5.7\5981cf00d4cf2fd93b59f69e9ed24dcf8592bcad\spring-boot-starter-thymeleaf-3.5.7.jar;C:\Users\green\.gradle\caches\modules-2\files-2.1\org.springframework.boot\spring-boot-starter-web\3.5.7\b98c28da1fe667776698882c27f68630c2747b87\spring-boot-starter-web-3.5.7.jar;C:\Users\green\.gradle\caches\modules-2\files-2.1\org.springframework.boot\spring-boot-starter-validation\3.5.7\faff3bd84bcf3e880c4e95daa012feb85ba166dd\spring-boot-starter-validation-3.5.7.jar;C:\Users\green\.gradle\caches\modules-2\files-2.1\nz.net.ultraq.thymeleaf\thymeleaf-layout-dialect\3.4.0\44360e674eb9762f33db69e46612bccdc39ec281\thymeleaf-layout-dialect-3.4.0.jar;C:\Users\green\.gradle\caches\modules-2\files-2.1\org.thymeleaf.extras\thymeleaf-extras-springsecurity6\3.1.3.RELEASE\f2a9e9505b145d22a52047460c74fb8200f2cb23\thymeleaf-extras-springsecurity6-3.1.3.RELEASE.jar;C:\Users\green\.gradle\caches\modules-2\files-2.1\org.springframework.boot\spring-boot-starter-mail\3.5.7\5bd25bfd6ef7ec5607dba79c1c90a3833d0fc023\spring-boot-starter-mail-3.5.7.jar;C:\Users\green\.gradle\caches\modules-2\files-2.1\org.springframework\spring-context-support\6.2.12\d96cde7b24fe5ee1c7331dae9d995144c771bb59\spring-context-support-6.2.12.jar;C:\Users\green\.gradle\caches\modules-2\files-2.1\com.google.code.gson\gson\2.10.1\b3add478d4382b78ea20b1671390a858002feb6c\gson-2.10.1.jar;C:\Users\green\.gradle\caches\modules-2\files-2.1\com.querydsl\querydsl-jpa\5.0.0\2a653852848dee41b967d3520be3339f0f92f1ea\querydsl-jpa-5.0.0-jakarta.jar;C:\Users\green\.gradle\caches\modules-2\files-2.1\org.springframework.boot\spring-boot-starter-tomcat\3.5.7\14dfae9a2c9f61fc382845959bc9f7b236840994\spring-boot-starter-tomcat-3.5.7.jar;C:\Users\green\.gradle\caches\modules-2\files-2.1\com.mysql\mysql-connector-j\9.4.0\8f6c66269048fbd2316b7b45d75898ebee44986f\mysql-connector-j-9.4.0.jar;C:\Users\green\.gradle\caches\modules-2\files-2.1\org.springframework.boot\spring-boot-starter-jdbc\3.5.7\3e64a947b66284f6e164d6049bbb8060d702108c\spring-boot-starter-jdbc-3.5.7.jar;C:\Users\green\.gradle\caches\modules-2\files-2.1\org.springframework.boot\spring-boot-starter-json\3.5.7\71784cc8ed3a1a2fdcfd54bda22ccbacf2232751\spring-boot-starter-json-3.5.7.jar;C:\Users\green\.gradle\caches\modules-2\files-2.1\org.springframework.boot\spring-boot-starter\3.5.7\ea4a8ad9f4df7d94250d643aa278c3353cd88c5\spring-boot-starter-3.5.7.jar;C:\Users\green\.gradle\caches\modules-2\files-2.1\org.springframework.boot\spring-boot-autoconfigure\3.5.7\8a1918c778e52c21a102363536320d71289650b4\spring-boot-autoconfigure-3.5.7.jar;C:\Users\green\.gradle\caches\modules-2\files-2.1\org.springframework.boot\spring-boot\3.5.7\6c9db579b4669ec4ad6444ca84775d193c513ae2\spring-boot-3.5.7.jar;C:\Users\green\.gradle\caches\modules-2\files-2.1\org.hibernate.orm\hibernate-core\6.6.33.Final\359cdbdc4c75f8fedd9203f98c95413bbca5820e\hibernate-core-6.6.33.Final.jar;C:\Users\green\.gradle\caches\modules-2\files-2.1\org.springframework.data\spring-data-jpa\3.5.5\f9b4de5f7e69ab60cb144a052c44ac062b1d018\spring-data-jpa-3.5.5.jar;C:\Users\green\.gradle\caches\modules-2\files-2.1\org.springframework\spring-aspects\6.2.12\14702fc62ef23402cf8cd24e2e4e72708bac4a02\spring-aspects-6.2.12.jar;C:\Users\green\.gradle\caches\modules-2\files-2.1\org.springframework.security\spring-security-config\6.5.6\64c857395b4a53fa8241c0731d0834bde55a8893\spring-security-config-6.5.6.jar;C:\Users\green\.gradle\caches\modules-2\files-2.1\org.springframework.security\spring-security-web\6.5.6\7428000af55e700e10c0378cad694ed23fda59be\spring-security-web-6.5.6.jar;C:\Users\green\.gradle\caches\modules-2\files-2.1\org.springframework\spring-webmvc\6.2.12\550aea6677c8db7e7ad07b47068b57de4e1a13e9\spring-webmvc-6.2.12.jar;C:\Users\green\.gradle\caches\modules-2\files-2.1\org.springframework.security\spring-security-core\6.5.6\a1bc1afabfab5cbee9179c134f41d10b4351a001\spring-security-core-6.5.6.jar;C:\Users\green\.gradle\caches\modules-2\files-2.1\org.springframework\spring-context\6.2.12\fdeff8060a111920fd38d5a23d48bc7b772d44c4\spring-context-6.2.12.jar;C:\Users\green\.gradle\caches\modules-2\files-2.1\org.springframework\spring-aop\6.2.12\12d9001a3e38baf348c4c076efa3e4b7515f9048\spring-aop-6.2.12.jar;C:\Users\green\.gradle\caches\modules-2\files-2.1\org.thymeleaf\thymeleaf-spring6\3.1.3.RELEASE\4b276ea2bd536a18e44b40ff1d9f4848965ff59c\thymeleaf-spring6-3.1.3.RELEASE.jar;C:\Users\green\.gradle\caches\modules-2\files-2.1\org.springframework\spring-web\6.2.12\58bdd67728631b561a8b9cf4249a0d990bb3ef88\spring-web-6.2.12.jar;C:\Users\green\.gradle\caches\modules-2\files-2.1\org.apache.tomcat.embed\tomcat-embed-el\10.1.48\220294d3a81451f793c9c54af16a9f04f8ec5824\tomcat-embed-el-10.1.48.jar;C:\Users\green\.gradle\caches\modules-2\files-2.1\org.hibernate.validator\hibernate-validator\8.0.3.Final\4425f554297a1c5ba03a3f30e559a9fd91048cf8\hibernate-validator-8.0.3.Final.jar;C:\Users\green\.gradle\caches\modules-2\files-2.1\nz.net.ultraq.groovy\groovy-extensions\2.3.3\aa11aa8987970180f538e3b0346634662855d274\groovy-extensions-2.3.3.jar;C:\Users\green\.gradle\caches\modules-2\files-2.1\nz.net.ultraq.thymeleaf\thymeleaf-expression-processor\3.2.0\566d36d35ba24120e8cef0d55869868e042785cf\thymeleaf-expression-processor-3.2.0.jar;C:\Users\green\.gradle\caches\modules-2\files-2.1\org.thymeleaf\thymeleaf\3.1.3.RELEASE\51474f2a90b282ee97dabcd159c7faf24790f373\thymeleaf-3.1.3.RELEASE.jar;C:\Users\green\.gradle\caches\modules-2\files-2.1\com.zaxxer\HikariCP\6.3.3\7c5aec1e47a97ff40977e0193018865304ea9585\HikariCP-6.3.3.jar;C:\Users\green\.gradle\caches\modules-2\files-2.1\org.springframework.data\spring-data-commons\3.5.5\170e595353fee2d804603df2f44f1dcbd4140ffd\spring-data-commons-3.5.5.jar;C:\Users\green\.gradle\caches\modules-2\files-2.1\org.springframework.boot\spring-boot-starter-logging\3.5.7\3d2f969f8fcf7ca6017425144fe88c4f49dd880b\spring-boot-starter-logging-3.5.7.jar;C:\Users\green\.gradle\caches\modules-2\files-2.1\ch.qos.logback\logback-classic\1.5.20\3db675c8bc2f791612721d177ba54021eed3ade9\logback-classic-1.5.20.jar;C:\Users\green\.gradle\caches\modules-2\files-2.1\org.apache.logging.log4j\log4j-to-slf4j\2.24.3\da1143e2a2531ee1c2d90baa98eb50a28a39d5a7\log4j-to-slf4j-2.24.3.jar;C:\Users\green\.gradle\caches\modules-2\files-2.1\org.slf4j\jul-to-slf4j\2.0.17\524cb6ccc2b68a57604750e1ab8b13b5a786a6aa\jul-to-slf4j-2.0.17.jar;C:\Users\green\.gradle\caches\modules-2\files-2.1\org.slf4j\slf4j-api\2.0.17\d9e58ac9c7779ba3bf8142aff6c830617a7fe60f\slf4j-api-2.0.17.jar;C:\Users\green\.gradle\caches\modules-2\files-2.1\org.apache.groovy\groovy\4.0.29\a5f23a7eed8c4140afd6f673a773a206870719c6\groovy-4.0.29.jar;C:\Users\green\.gradle\caches\modules-2\files-2.1\org.springframework\spring-orm\6.2.12\83538a5de92261ed86856975358d32292dde0a94\spring-orm-6.2.12.jar;C:\Users\green\.gradle\caches\modules-2\files-2.1\org.springframework\spring-jdbc\6.2.12\9dcb388d984891e32ff6af96abdb582a27a7c41c\spring-jdbc-6.2.12.jar;C:\Users\green\.gradle\caches\modules-2\files-2.1\org.springframework\spring-tx\6.2.12\b1c1ee583c4f1dd6bef6887622cdc56fbb2a3090\spring-tx-6.2.12.jar;C:\Users\green\.gradle\caches\modules-2\files-2.1\org.springframework\spring-beans\6.2.12\3f344e97550207fac50a5b3376cc9e59ecb02df\spring-beans-6.2.12.jar;C:\Users\green\.gradle\caches\modules-2\files-2.1\org.springframework\spring-expression\6.2.12\aa5033d9e583aafc972b205618de13c5242c9cf5\spring-expression-6.2.12.jar;C:\Users\green\.gradle\caches\modules-2\files-2.1\org.springframework\spring-core\6.2.12\298bd954610442d54b276f911d3490372ab62117\spring-core-6.2.12.jar;C:\Users\green\.gradle\caches\modules-2\files-2.1\org.eclipse.angus\jakarta.mail\2.0.5\68ce3f8ddb70d375e2ae4d820ba64da0ed56a940\jakarta.mail-2.0.5.jar;C:\Users\green\.gradle\caches\modules-2\files-2.1\com.querydsl\querydsl-core\5.1.0\be322c3fe98de8e7c204afb8860bfabd81a3bafd\querydsl-core-5.1.0.jar;C:\Users\green\.gradle\caches\modules-2\files-2.1\jakarta.annotation\jakarta.annotation-api\2.1.1\48b9bda22b091b1f48b13af03fe36db3be6e1ae3\jakarta.annotation-api-2.1.1.jar;C:\Users\green\.gradle\caches\modules-2\files-2.1\org.apache.tomcat.embed\tomcat-embed-websocket\10.1.48\7fd0d1c6eae6c43106763e458640f4f8868a4ec3\tomcat-embed-websocket-10.1.48.jar;C:\Users\green\.gradle\caches\modules-2\files-2.1\org.apache.tomcat.embed\tomcat-embed-core\10.1.48\d4c095a353c839a23a401ce9afbcb52d5be97b69\tomcat-embed-core-10.1.48.jar;C:\Users\green\.gradle\caches\modules-2\files-2.1\org.yaml\snakeyaml\2.4\e0666b825b796f85521f02360e77f4c92c5a7a07\snakeyaml-2.4.jar;C:\Users\green\.gradle\caches\modules-2\files-2.1\jakarta.persistence\jakarta.persistence-api\3.1.0\66901fa1c373c6aff65c13791cc11da72060a8d6\jakarta.persistence-api-3.1.0.jar;C:\Users\green\.gradle\caches\modules-2\files-2.1\jakarta.transaction\jakarta.transaction-api\2.0.1\51a520e3fae406abb84e2e1148e6746ce3f80a1a\jakarta.transaction-api-2.0.1.jar;C:\Users\green\.gradle\caches\modules-2\files-2.1\org.jboss.logging\jboss-logging\3.6.1.Final\886afbb445b4016a37c8960a7aef6ebd769ce7e5\jboss-logging-3.6.1.Final.jar;C:\Users\green\.gradle\caches\modules-2\files-2.1\org.hibernate.common\hibernate-commons-annotations\7.0.3.Final\e183c4be8bb41d12e9f19b374e00c34a0a85f439\hibernate-commons-annotations-7.0.3.Final.jar;C:\Users\green\.gradle\caches\modules-2\files-2.1\io.smallrye\jandex\3.2.0\f17ad860f62a08487b9edabde608f8ac55c62fa7\jandex-3.2.0.jar;C:\Users\green\.gradle\caches\modules-2\files-2.1\com.fasterxml\classmate\1.7.1\e803194e4362a2c0585087c5f315682897d12f00\classmate-1.7.1.jar;C:\Users\green\.gradle\caches\modules-2\files-2.1\net.bytebuddy\byte-buddy\1.17.8\af5735f63d00ca47a9375fae5c7471a36331c6ed\byte-buddy-1.17.8.jar;C:\Users\green\.gradle\caches\modules-2\files-2.1\org.glassfish.jaxb\jaxb-runtime\4.0.6\fb95ebb62564657b2fedfe165b859789ef3a8711\jaxb-runtime-4.0.6.jar;C:\Users\green\.gradle\caches\modules-2\files-2.1\org.glassfish.jaxb\jaxb-core\4.0.6\8e61282303777fc98a00cc3affd0560d68748a75\jaxb-core-4.0.6.jar;C:\Users\green\.gradle\caches\modules-2\files-2.1\jakarta.xml.bind\jakarta.xml.bind-api\4.0.4\d6d2327f3817d9a33a3b6b8f2e15a96bc2e7afdc\jakarta.xml.bind-api-4.0.4.jar;C:\Users\green\.gradle\caches\modules-2\files-2.1\jakarta.inject\jakarta.inject-api\2.0.1\4c28afe1991a941d7702fe1362c365f0a8641d1e\jakarta.inject-api-2.0.1.jar;C:\Users\green\.gradle\caches\modules-2\files-2.1\org.antlr\antlr4-runtime\4.13.0\5a02e48521624faaf5ff4d99afc88b01686af655\antlr4-runtime-4.13.0.jar;C:\Users\green\.gradle\caches\modules-2\files-2.1\org.aspectj\aspectjweaver\1.9.24\9b5aeb0cea9f958b9c57fb80e62996e95a3e9379\aspectjweaver-1.9.24.jar;C:\Users\green\.gradle\caches\modules-2\files-2.1\com.fasterxml.jackson.datatype\jackson-datatype-jsr310\2.19.2\72e73f048b36d9df82aef146bf8b2ae63b2e28e2\jackson-datatype-jsr310-2.19.2.jar;C:\Users\green\.gradle\caches\modules-2\files-2.1\com.fasterxml.jackson.module\jackson-module-parameter-names\2.19.2\3c4ce467c11364c72ec4967c570fd5a2d1be1d0b\jackson-module-parameter-names-2.19.2.jar;C:\Users\green\.gradle\caches\modules-2\files-2.1\com.fasterxml.jackson.core\jackson-annotations\2.19.2\c5381f11988ae3d424b197a26087d86067b6d7d\jackson-annotations-2.19.2.jar;C:\Users\green\.gradle\caches\modules-2\files-2.1\com.fasterxml.jackson.core\jackson-core\2.19.2\50f3b4bd59b9ff51a0ed493e7b5abaf5c39709bf\jackson-core-2.19.2.jar;C:\Users\green\.gradle\caches\modules-2\files-2.1\com.fasterxml.jackson.datatype\jackson-datatype-jdk8\2.19.2\a720d3946c3a1ab04b780f3b3163d62eee6948a0\jackson-datatype-jdk8-2.19.2.jar;C:\Users\green\.gradle\caches\modules-2\files-2.1\com.fasterxml.jackson.core\jackson-databind\2.19.2\46509399d28f57ca32c6bb4b0d4e10e8f062051e\jackson-databind-2.19.2.jar;C:\Users\green\.gradle\caches\modules-2\files-2.1\io.micrometer\micrometer-observation\1.15.5\60956d6926392e0abef3d34dfcabdc4b013953c8\micrometer-observation-1.15.5.jar;C:\Users\green\.gradle\caches\modules-2\files-2.1\jakarta.validation\jakarta.validation-api\3.0.2\92b6631659ba35ca09e44874d3eb936edfeee532\jakarta.validation-api-3.0.2.jar;C:\Users\green\.gradle\caches\modules-2\files-2.1\ognl\ognl\3.3.4\1904789bdd96f226ad252a02f230be1015f4462b\ognl-3.3.4.jar;C:\Users\green\.gradle\caches\modules-2\files-2.1\org.attoparser\attoparser\2.0.7.RELEASE\e5d0e988d9124139d645bb5872b24dfa23e283cc\attoparser-2.0.7.RELEASE.jar;C:\Users\green\.gradle\caches\modules-2\files-2.1\org.unbescape\unbescape\1.1.6.RELEASE\7b90360afb2b860e09e8347112800d12c12b2a13\unbescape-1.1.6.RELEASE.jar;C:\Users\green\.gradle\caches\modules-2\files-2.1\org.springframework\spring-jcl\6.2.12\d127f5020441b3cfe197668d32a327391587ff59\spring-jcl-6.2.12.jar;C:\Users\green\.gradle\caches\modules-2\files-2.1\org.eclipse.angus\angus-activation\2.0.3\7f80607ea5014fef0b1779e6c33d63a88a45a563\angus-activation-2.0.3.jar;C:\Users\green\.gradle\caches\modules-2\files-2.1\jakarta.activation\jakarta.activation-api\2.1.4\9e5c2a0d75dde71a0bedc4dbdbe47b78a5dc50f8\jakarta.activation-api-2.1.4.jar;C:\Users\green\.gradle\caches\modules-2\files-2.1\com.mysema.commons\mysema-commons-lang\0.2.4\d09c8489d54251a6c22fbce804bdd4a070557317\mysema-commons-lang-0.2.4.jar;C:\Users\green\.gradle\caches\modules-2\files-2.1\org.springframework.security\spring-security-crypto\6.5.6\dc447baac0e4fe40ffca4b73e2d0f758fdf9260d\spring-security-crypto-6.5.6.jar;C:\Users\green\.gradle\caches\modules-2\files-2.1\io.micrometer\micrometer-commons\1.15.5\c7136877f2d8aed7627ef850f25ad2e6e71271dc\micrometer-commons-1.15.5.jar;C:\Users\green\.gradle\caches\modules-2\files-2.1\org.javassist\javassist\3.29.0-GA\d3959fa7e00bf04dbe519228a23213d2afb625d8\javassist-3.29.0-GA.jar;C:\Users\green\.gradle\caches\modules-2\files-2.1\ch.qos.logback\logback-core\1.5.20\c5e87126a18d729240c683db179a9387b2daa632\logback-core-1.5.20.jar;C:\Users\green\.gradle\caches\modules-2\files-2.1\org.apache.logging.log4j\log4j-api\2.24.3\b02c125db8b6d295adf72ae6e71af5d83bce2370\log4j-api-2.24.3.jar;C:\Users\green\.gradle\caches\modules-2\files-2.1\org.glassfish.jaxb\txw2\4.0.6\4f4cd53b5ff9a2c5aa1211f15ed2569c57dfb044\txw2-4.0.6.jar;C:\Users\green\.gradle\caches\modules-2\files-2.1\com.sun.istack\istack-commons-runtime\4.1.2\18ec117c85f3ba0ac65409136afa8e42bc74e739\istack-commons-runtime-4.1.2.jar
Launcher Type: SUN_STANDARD

[Global flags]
     intx CICompilerCount                          = 4                                         {product} {ergonomic}
     uint ConcGCThreads                            = 3                                         {product} {ergonomic}
     uint G1ConcRefinementThreads                  = 10                                        {product} {ergonomic}
   size_t G1HeapRegionSize                         = 2097152                                   {product} {ergonomic}
    uintx GCDrainStackTargetSize                   = 64                                        {product} {ergonomic}
   size_t InitialHeapSize                          = 266338304                                 {product} {ergonomic}
   size_t MarkStackSize                            = 4194304                                   {product} {ergonomic}
   size_t MaxHeapSize                              = 4244635648                                {product} {ergonomic}
   size_t MaxNewSize                               = 2545942528                                {product} {ergonomic}
   size_t MinHeapDeltaBytes                        = 2097152                                   {product} {ergonomic}
   size_t MinHeapSize                              = 8388608                                   {product} {ergonomic}
    uintx NonNMethodCodeHeapSize                   = 5839372                                {pd product} {ergonomic}
    uintx NonProfiledCodeHeapSize                  = 122909434                              {pd product} {ergonomic}
    uintx ProfiledCodeHeapSize                     = 122909434                              {pd product} {ergonomic}
    uintx ReservedCodeCacheSize                    = 251658240                              {pd product} {ergonomic}
     bool SegmentedCodeCache                       = true                                      {product} {ergonomic}
   size_t SoftMaxHeapSize                          = 4244635648                             {manageable} {ergonomic}
     bool UseCompressedOops                        = true                           {product lp64_product} {ergonomic}
     bool UseG1GC                                  = true                                      {product} {ergonomic}
     bool UseLargePagesIndividualAllocation        = false                                  {pd product} {ergonomic}

Logging:
Log output configuration:
 #0: stdout all=warning uptime,level,tags foldmultilines=false
 #1: stderr all=off uptime,level,tags foldmultilines=false

Environment Variables:
JAVA_HOME=C:\Program Files\Java\jdk-21
PATH=C:\Program Files\Common Files\Oracle\Java\javapath;C:\WINDOWS\system32;C:\WINDOWS;C:\WINDOWS\System32\Wbem;C:\WINDOWS\System32\WindowsPowerShell\v1.0\;C:\WINDOWS\System32\OpenSSH\;C:\Program Files (x86)\Windows Kits\10\Windows Performance Toolkit\;C:\Program Files\Git\cmd;C:\Program Files\Java\jdk-21\bin;C:\Users\green\AppData\Local\Microsoft\WindowsApps;C:\Program Files\Bandizip\;C:\Users\green\AppData\Local\Programs\Microsoft VS Code\bin;
USERNAME=green
OS=Windows_NT
PROCESSOR_IDENTIFIER=Intel64 Family 6 Model 158 Stepping 10, GenuineIntel
TMP=C:\Users\green\AppData\Local\Temp
TEMP=C:\Users\green\AppData\Local\Temp




Periodic native trim disabled

---------------  S Y S T E M  ---------------

OS:
 Windows 11 , 64 bit Build 26100 (10.0.26100.6725)
OS uptime: 21 days 0:50 hours

CPU: total 12 (initial active 12) (6 cores per cpu, 2 threads per core) family 6 model 158 stepping 10 microcode 0xde, cx8, cmov, fxsr, ht, mmx, 3dnowpref, sse, sse2, sse3, ssse3, sse4.1, sse4.2, popcnt, lzcnt, tsc, tscinvbit, avx, avx2, aes, erms, clmul, bmi1, bmi2, rtm, adx, fma, vzeroupper, clflush, clflushopt, rdtscp, f16c
Processor Information for all 12 processors :
  Max Mhz: 3696, Current Mhz: 3696, Mhz Limit: 3696

Memory: 4k page, system-wide physical 16190M (5707M free)
TotalPageFile size 65342M (AvailPageFile size 8M)
current process WorkingSet (physical memory assigned to process): 389M, peak: 416M
current process commit charge ("private bytes"): 428M, peak: 453M

vm_info: Java HotSpot(TM) 64-Bit Server VM (21.0.7+8-LTS-245) for windows-amd64 JRE (21.0.7+8-LTS-245), built on 2025-02-21T05:11:27Z by "mach5one" with MS VC++ 17.6 (VS2022)

END.
